<html>
<head>
<title>TestNG:  Test</title>
<link href="../testng.css" rel="stylesheet" type="text/css" />
<link href="../my-testng.css" rel="stylesheet" type="text/css" />

<style type="text/css">
.log { display: none;} 
.stack-trace { display: none;} 
</style>
<script type="text/javascript">
<!--
function flip(e) {
  current = e.style.display;
  if (current == 'block') {
    e.style.display = 'none';
    return 0;
  }
  else {
    e.style.display = 'block';
    return 1;
  }
}

function toggleBox(szDivId, elem, msg1, msg2)
{
  var res = -1;  if (document.getElementById) {
    res = flip(document.getElementById(szDivId));
  }
  else if (document.all) {
    // this is the way old msie versions work
    res = flip(document.all[szDivId]);
  }
  if(elem) {
    if(res == 0) elem.innerHTML = msg1; else elem.innerHTML = msg2;
  }

}

function toggleAllBoxes() {
  if (document.getElementsByTagName) {
    d = document.getElementsByTagName('div');
    for (i = 0; i < d.length; i++) {
      if (d[i].className == 'log') {
        flip(d[i]);
      }
    }
  }
}

// -->
</script>

</head>
<body>
<h2 align='center'>Test</h2><table border='1' align="center">
<tr>
<td>Tests passed/Failed/Skipped:</td><td>17/6/0</td>
</tr><tr>
<td>Started on:</td><td>Tue Dec 16 19:24:39 CST 2014</td>
</tr>
<tr><td>Total time:</td><td>941 seconds (941174 ms)</td>
</tr><tr>
<td>Included groups:</td><td></td>
</tr><tr>
<td>Excluded groups:</td><td></td>
</tr>
</table><p/>
<small><i>(Hover the method name to see the test class name)</i></small><p/>
<table width='100%' border='1' class='invocation-failed'>
<tr><td colspan='4' align='center'><b>FAILED TESTS</b></td></tr>
<tr><td><b>Test method</b></td>
<td width="30%"><b>Exception</b></td>
<td width="10%"><b>Time (seconds)</b></td>
<td><b>Instance</b></td>
</tr>
<tr>
<td title='testcases.CBCS316_AsCustomerICanAddANewShippingAddress.asCustomerICanAddANewShippingAddressTest()'><b>asCustomerICanAddANewShippingAddressTest</b><br>Test class: testcases.CBCS316_AsCustomerICanAddANewShippingAddress<br>Parameters: lquesada@testingsoft.com, QAtest2014</td>
<td><div><pre>org.openqa.selenium.StaleElementReferenceException: Element not found in the cache - perhaps the page has changed since it was looked up
Command duration or timeout: 30.12 seconds
For documentation on this error, please visit: http://seleniumhq.org/exceptions/stale_element_reference.html
Build info: version: &apos;2.41.0&apos;, revision: &apos;3192d8a6c4449dc285928ba024779344f5423c58&apos;, time: &apos;2014-03-27 11:29:39&apos;
System info: host: &apos;MININT-KA5C7LA&apos;, ip: &apos;169.254.76.222&apos;, os.name: &apos;Windows 7&apos;, os.arch: &apos;amd64&apos;, os.version: &apos;6.1&apos;, java.version: &apos;1.7.0_25&apos;
Session ID: 52abe2af-6738-449e-b970-e4fa1f435f9f
Driver info: com.ts.commons.FirefoxDriver
Capabilities [{platform=XP, acceptSslCerts=true, javascriptEnabled=true, cssSelectorsEnabled=true, databaseEnabled=true, browserName=firefox, handlesAlerts=true, browserConnectionEnabled=true, webStorageEnabled=true, nativeEvents=false, rotatable=false, locationContextEnabled=true, applicationCacheEnabled=true, takesScreenshot=true, version=30.0}]
	at org.openqa.selenium.remote.ErrorHandler.createThrowable(ErrorHandler.java:193)
	at org.openqa.selenium.remote.ErrorHandler.throwIfResponseFailed(ErrorHandler.java:145)
	at org.openqa.selenium.remote.RemoteWebDriver.execute(RemoteWebDriver.java:595)
	at org.openqa.selenium.remote.RemoteWebElement.execute(RemoteWebElement.java:268)
	at org.openqa.selenium.remote.RemoteWebElement.getText(RemoteWebElement.java:152)
	at pages.AddressesInformationCustomerPage.isTextPresentInShippingAddress(AddressesInformationCustomerPage.java:376)
	at pages.AddressesInformationCustomerPage$5.Validate(AddressesInformationCustomerPage.java:421)
	at com.ts.commons.TestCaseUtil.check(TestCaseUtil.java:71)
	at testcases.CBCS316_AsCustomerICanAddANewShippingAddress.asCustomerICanAddANewShippingAddressTest(CBCS316_AsCustomerICanAddANewShippingAddress.java:104)
Caused by: org.openqa.selenium.remote.ErrorHandler$UnknownServerException: Element not found in the cache - perhaps the page has changed since it was looked up
Build info: version: &apos;2.41.0&apos;, revision: &apos;3192d8a6c4449dc285928ba024779344f5423c58&apos;, time: &apos;2014-03-27 11:29:39&apos;
System info: host: &apos;MININT-KA5C7LA&apos;, ip: &apos;169.254.76.222&apos;, os.name: &apos;Windows 7&apos;, os.arch: &apos;amd64&apos;, os.version: &apos;6.1&apos;, java.version: &apos;1.7.0_25&apos;
Driver info: driver.version: unknown
	at &lt;anonymous class&gt;.fxdriver.cache.getElementAt(resource://fxdriver/modules/web_element_cache.js:7610:5)
	at &lt;anonymous class&gt;.Utils.getElementAt(file:///C:/Users/Laur/AppData/Local/Temp/anonymous3921029865329728316webdriver-profile/extensions/fxdriver@googlecode.com/components/command_processor.js:7210:3)
	at &lt;anonymous class&gt;.WebElement.getElementText(file:///C:/Users/Laur/AppData/Local/Temp/anonymous3921029865329728316webdriver-profile/extensions/fxdriver@googlecode.com/components/command_processor.js:10322:1)
	at &lt;anonymous class&gt;.DelayedCommand.prototype.executeInternal_/h(file:///C:/Users/Laur/AppData/Local/Temp/anonymous3921029865329728316webdriver-profile/extensions/fxdriver@googlecode.com/components/command_processor.js:10884:11)
	at &lt;anonymous class&gt;.fxdriver.Timer.prototype.setTimeout/&lt;.notify(file:///C:/Users/Laur/AppData/Local/Temp/anonymous3921029865329728316webdriver-profile/extensions/fxdriver@googlecode.com/components/command_processor.js:396:5)
... Removed 28 stack frames</pre></div><a href='#' onClick='toggleBox("stack-trace1026816888", this, "Click to show all stack frames", "Click to hide stack frames")'>Click to show all stack frames</a>
<div class='stack-trace' id='stack-trace1026816888'><pre>org.openqa.selenium.StaleElementReferenceException: Element not found in the cache - perhaps the page has changed since it was looked up
Command duration or timeout: 30.12 seconds
For documentation on this error, please visit: http://seleniumhq.org/exceptions/stale_element_reference.html
Build info: version: &apos;2.41.0&apos;, revision: &apos;3192d8a6c4449dc285928ba024779344f5423c58&apos;, time: &apos;2014-03-27 11:29:39&apos;
System info: host: &apos;MININT-KA5C7LA&apos;, ip: &apos;169.254.76.222&apos;, os.name: &apos;Windows 7&apos;, os.arch: &apos;amd64&apos;, os.version: &apos;6.1&apos;, java.version: &apos;1.7.0_25&apos;
Session ID: 52abe2af-6738-449e-b970-e4fa1f435f9f
Driver info: com.ts.commons.FirefoxDriver
Capabilities [{platform=XP, acceptSslCerts=true, javascriptEnabled=true, cssSelectorsEnabled=true, databaseEnabled=true, browserName=firefox, handlesAlerts=true, browserConnectionEnabled=true, webStorageEnabled=true, nativeEvents=false, rotatable=false, locationContextEnabled=true, applicationCacheEnabled=true, takesScreenshot=true, version=30.0}]
	at sun.reflect.NativeConstructorAccessorImpl.newInstance0(Native Method)
	at sun.reflect.NativeConstructorAccessorImpl.newInstance(NativeConstructorAccessorImpl.java:57)
	at sun.reflect.DelegatingConstructorAccessorImpl.newInstance(DelegatingConstructorAccessorImpl.java:45)
	at java.lang.reflect.Constructor.newInstance(Constructor.java:526)
	at org.openqa.selenium.remote.ErrorHandler.createThrowable(ErrorHandler.java:193)
	at org.openqa.selenium.remote.ErrorHandler.throwIfResponseFailed(ErrorHandler.java:145)
	at org.openqa.selenium.remote.RemoteWebDriver.execute(RemoteWebDriver.java:595)
	at org.openqa.selenium.remote.RemoteWebElement.execute(RemoteWebElement.java:268)
	at org.openqa.selenium.remote.RemoteWebElement.getText(RemoteWebElement.java:152)
	at pages.AddressesInformationCustomerPage.isTextPresentInShippingAddress(AddressesInformationCustomerPage.java:376)
	at pages.AddressesInformationCustomerPage$5.Validate(AddressesInformationCustomerPage.java:421)
	at com.ts.commons.TestCaseUtil.check(TestCaseUtil.java:71)
	at testcases.CBCS316_AsCustomerICanAddANewShippingAddress.asCustomerICanAddANewShippingAddressTest(CBCS316_AsCustomerICanAddANewShippingAddress.java:104)
	at sun.reflect.NativeMethodAccessorImpl.invoke0(Native Method)
	at sun.reflect.NativeMethodAccessorImpl.invoke(NativeMethodAccessorImpl.java:57)
	at sun.reflect.DelegatingMethodAccessorImpl.invoke(DelegatingMethodAccessorImpl.java:43)
	at java.lang.reflect.Method.invoke(Method.java:606)
	at org.testng.internal.MethodInvocationHelper.invokeMethod(MethodInvocationHelper.java:84)
	at org.testng.internal.Invoker.invokeMethod(Invoker.java:714)
	at org.testng.internal.Invoker.invokeTestMethod(Invoker.java:901)
	at org.testng.internal.Invoker.invokeTestMethods(Invoker.java:1231)
	at org.testng.internal.TestMethodWorker.invokeTestMethods(TestMethodWorker.java:127)
	at org.testng.internal.TestMethodWorker.run(TestMethodWorker.java:111)
	at org.testng.TestRunner.privateRun(TestRunner.java:767)
	at org.testng.TestRunner.run(TestRunner.java:617)
	at org.testng.SuiteRunner.runTest(SuiteRunner.java:335)
	at org.testng.SuiteRunner.runSequentially(SuiteRunner.java:330)
	at org.testng.SuiteRunner.privateRun(SuiteRunner.java:291)
	at org.testng.SuiteRunner.run(SuiteRunner.java:240)
	at org.testng.SuiteRunnerWorker.runSuite(SuiteRunnerWorker.java:52)
	at org.testng.SuiteRunnerWorker.run(SuiteRunnerWorker.java:86)
	at org.testng.TestNG.runSuitesSequentially(TestNG.java:1224)
	at org.testng.TestNG.runSuitesLocally(TestNG.java:1149)
	at org.testng.TestNG.run(TestNG.java:1057)
	at org.testng.remote.RemoteTestNG.run(RemoteTestNG.java:111)
	at org.testng.remote.RemoteTestNG.initAndRun(RemoteTestNG.java:204)
	at org.testng.remote.RemoteTestNG.main(RemoteTestNG.java:175)
Caused by: org.openqa.selenium.remote.ErrorHandler$UnknownServerException: Element not found in the cache - perhaps the page has changed since it was looked up
Build info: version: &apos;2.41.0&apos;, revision: &apos;3192d8a6c4449dc285928ba024779344f5423c58&apos;, time: &apos;2014-03-27 11:29:39&apos;
System info: host: &apos;MININT-KA5C7LA&apos;, ip: &apos;169.254.76.222&apos;, os.name: &apos;Windows 7&apos;, os.arch: &apos;amd64&apos;, os.version: &apos;6.1&apos;, java.version: &apos;1.7.0_25&apos;
Driver info: driver.version: unknown
	at &lt;anonymous class&gt;.fxdriver.cache.getElementAt(resource://fxdriver/modules/web_element_cache.js:7610:5)
	at &lt;anonymous class&gt;.Utils.getElementAt(file:///C:/Users/Laur/AppData/Local/Temp/anonymous3921029865329728316webdriver-profile/extensions/fxdriver@googlecode.com/components/command_processor.js:7210:3)
	at &lt;anonymous class&gt;.WebElement.getElementText(file:///C:/Users/Laur/AppData/Local/Temp/anonymous3921029865329728316webdriver-profile/extensions/fxdriver@googlecode.com/components/command_processor.js:10322:1)
	at &lt;anonymous class&gt;.DelayedCommand.prototype.executeInternal_/h(file:///C:/Users/Laur/AppData/Local/Temp/anonymous3921029865329728316webdriver-profile/extensions/fxdriver@googlecode.com/components/command_processor.js:10884:11)
	at &lt;anonymous class&gt;.fxdriver.Timer.prototype.setTimeout/&lt;.notify(file:///C:/Users/Laur/AppData/Local/Temp/anonymous3921029865329728316webdriver-profile/extensions/fxdriver@googlecode.com/components/command_processor.js:396:5)
</pre></div></td>
<td>48</td>
<td>testcases.CBCS316_AsCustomerICanAddANewShippingAddress@190e58a3</td></tr>
<tr>
<td title='testcases.CBCS81_AsFinalizerICanQualifyAComic.asFinalizerICanQualifyAComicTest()'><b>asFinalizerICanQualifyAComicTest</b><br>Test class: testcases.CBCS81_AsFinalizerICanQualifyAComic<br>Parameters: lqfinalizer, 123, finalizer, 0002754-AA, 3, 1, 1, 9.4, White, Finalized, Finalizer</td>
<td><div><pre>org.openqa.selenium.NoSuchElementException: Unable to locate element: {&quot;method&quot;:&quot;xpath&quot;,&quot;selector&quot;:&quot;//td/span[text()=&apos;0002754-AA&apos;]/../../td/span[contains(.,&apos;Finalized&apos;)]&quot;}
Command duration or timeout: 30.07 seconds
For documentation on this error, please visit: http://seleniumhq.org/exceptions/no_such_element.html
Build info: version: &apos;2.41.0&apos;, revision: &apos;3192d8a6c4449dc285928ba024779344f5423c58&apos;, time: &apos;2014-03-27 11:29:39&apos;
System info: host: &apos;MININT-KA5C7LA&apos;, ip: &apos;169.254.76.222&apos;, os.name: &apos;Windows 7&apos;, os.arch: &apos;amd64&apos;, os.version: &apos;6.1&apos;, java.version: &apos;1.7.0_25&apos;
Session ID: a739c3aa-8a49-4929-9a3a-96d874103a0b
Driver info: com.ts.commons.FirefoxDriver
Capabilities [{platform=XP, acceptSslCerts=true, javascriptEnabled=true, cssSelectorsEnabled=true, databaseEnabled=true, browserName=firefox, handlesAlerts=true, browserConnectionEnabled=true, webStorageEnabled=true, nativeEvents=false, rotatable=false, locationContextEnabled=true, applicationCacheEnabled=true, takesScreenshot=true, version=30.0}]
	at org.openqa.selenium.remote.ErrorHandler.createThrowable(ErrorHandler.java:193)
	at org.openqa.selenium.remote.ErrorHandler.throwIfResponseFailed(ErrorHandler.java:145)
	at org.openqa.selenium.remote.RemoteWebDriver.execute(RemoteWebDriver.java:595)
	at org.openqa.selenium.remote.RemoteWebDriver.findElement(RemoteWebDriver.java:348)
	at org.openqa.selenium.remote.RemoteWebDriver.findElementByXPath(RemoteWebDriver.java:445)
	at org.openqa.selenium.By$ByXPath.findElement(By.java:357)
	at org.openqa.selenium.remote.RemoteWebDriver.findElement(RemoteWebDriver.java:340)
	at utils.Utils$2.Validate(Utils.java:86)
	at com.ts.commons.TestCaseUtil.check(TestCaseUtil.java:71)
	at testcases.CBCS81_AsFinalizerICanQualifyAComic.asFinalizerICanQualifyAComicTest(CBCS81_AsFinalizerICanQualifyAComic.java:127)
Caused by: org.openqa.selenium.remote.ErrorHandler$UnknownServerException: Unable to locate element: {&quot;method&quot;:&quot;xpath&quot;,&quot;selector&quot;:&quot;//td/span[text()=&apos;0002754-AA&apos;]/../../td/span[contains(.,&apos;Finalized&apos;)]&quot;}
Build info: version: &apos;2.41.0&apos;, revision: &apos;3192d8a6c4449dc285928ba024779344f5423c58&apos;, time: &apos;2014-03-27 11:29:39&apos;
System info: host: &apos;MININT-KA5C7LA&apos;, ip: &apos;169.254.76.222&apos;, os.name: &apos;Windows 7&apos;, os.arch: &apos;amd64&apos;, os.version: &apos;6.1&apos;, java.version: &apos;1.7.0_25&apos;
Driver info: driver.version: unknown
	at &lt;anonymous class&gt;.FirefoxDriver.prototype.findElementInternal_(file:///C:/Users/Laur/AppData/Local/Temp/anonymous1385365678988963347webdriver-profile/extensions/fxdriver@googlecode.com/components/driver_component.js:8905:7)
	at &lt;anonymous class&gt;.fxdriver.Timer.prototype.setTimeout/&lt;.notify(file:///C:/Users/Laur/AppData/Local/Temp/anonymous1385365678988963347webdriver-profile/extensions/fxdriver@googlecode.com/components/driver_component.js:396:5)
... Removed 28 stack frames</pre></div><a href='#' onClick='toggleBox("stack-trace299720250", this, "Click to show all stack frames", "Click to hide stack frames")'>Click to show all stack frames</a>
<div class='stack-trace' id='stack-trace299720250'><pre>org.openqa.selenium.NoSuchElementException: Unable to locate element: {&quot;method&quot;:&quot;xpath&quot;,&quot;selector&quot;:&quot;//td/span[text()=&apos;0002754-AA&apos;]/../../td/span[contains(.,&apos;Finalized&apos;)]&quot;}
Command duration or timeout: 30.07 seconds
For documentation on this error, please visit: http://seleniumhq.org/exceptions/no_such_element.html
Build info: version: &apos;2.41.0&apos;, revision: &apos;3192d8a6c4449dc285928ba024779344f5423c58&apos;, time: &apos;2014-03-27 11:29:39&apos;
System info: host: &apos;MININT-KA5C7LA&apos;, ip: &apos;169.254.76.222&apos;, os.name: &apos;Windows 7&apos;, os.arch: &apos;amd64&apos;, os.version: &apos;6.1&apos;, java.version: &apos;1.7.0_25&apos;
Session ID: a739c3aa-8a49-4929-9a3a-96d874103a0b
Driver info: com.ts.commons.FirefoxDriver
Capabilities [{platform=XP, acceptSslCerts=true, javascriptEnabled=true, cssSelectorsEnabled=true, databaseEnabled=true, browserName=firefox, handlesAlerts=true, browserConnectionEnabled=true, webStorageEnabled=true, nativeEvents=false, rotatable=false, locationContextEnabled=true, applicationCacheEnabled=true, takesScreenshot=true, version=30.0}]
	at sun.reflect.NativeConstructorAccessorImpl.newInstance0(Native Method)
	at sun.reflect.NativeConstructorAccessorImpl.newInstance(NativeConstructorAccessorImpl.java:57)
	at sun.reflect.DelegatingConstructorAccessorImpl.newInstance(DelegatingConstructorAccessorImpl.java:45)
	at java.lang.reflect.Constructor.newInstance(Constructor.java:526)
	at org.openqa.selenium.remote.ErrorHandler.createThrowable(ErrorHandler.java:193)
	at org.openqa.selenium.remote.ErrorHandler.throwIfResponseFailed(ErrorHandler.java:145)
	at org.openqa.selenium.remote.RemoteWebDriver.execute(RemoteWebDriver.java:595)
	at org.openqa.selenium.remote.RemoteWebDriver.findElement(RemoteWebDriver.java:348)
	at org.openqa.selenium.remote.RemoteWebDriver.findElementByXPath(RemoteWebDriver.java:445)
	at org.openqa.selenium.By$ByXPath.findElement(By.java:357)
	at org.openqa.selenium.remote.RemoteWebDriver.findElement(RemoteWebDriver.java:340)
	at utils.Utils$2.Validate(Utils.java:86)
	at com.ts.commons.TestCaseUtil.check(TestCaseUtil.java:71)
	at testcases.CBCS81_AsFinalizerICanQualifyAComic.asFinalizerICanQualifyAComicTest(CBCS81_AsFinalizerICanQualifyAComic.java:127)
	at sun.reflect.NativeMethodAccessorImpl.invoke0(Native Method)
	at sun.reflect.NativeMethodAccessorImpl.invoke(NativeMethodAccessorImpl.java:57)
	at sun.reflect.DelegatingMethodAccessorImpl.invoke(DelegatingMethodAccessorImpl.java:43)
	at java.lang.reflect.Method.invoke(Method.java:606)
	at org.testng.internal.MethodInvocationHelper.invokeMethod(MethodInvocationHelper.java:84)
	at org.testng.internal.Invoker.invokeMethod(Invoker.java:714)
	at org.testng.internal.Invoker.invokeTestMethod(Invoker.java:901)
	at org.testng.internal.Invoker.invokeTestMethods(Invoker.java:1231)
	at org.testng.internal.TestMethodWorker.invokeTestMethods(TestMethodWorker.java:127)
	at org.testng.internal.TestMethodWorker.run(TestMethodWorker.java:111)
	at org.testng.TestRunner.privateRun(TestRunner.java:767)
	at org.testng.TestRunner.run(TestRunner.java:617)
	at org.testng.SuiteRunner.runTest(SuiteRunner.java:335)
	at org.testng.SuiteRunner.runSequentially(SuiteRunner.java:330)
	at org.testng.SuiteRunner.privateRun(SuiteRunner.java:291)
	at org.testng.SuiteRunner.run(SuiteRunner.java:240)
	at org.testng.SuiteRunnerWorker.runSuite(SuiteRunnerWorker.java:52)
	at org.testng.SuiteRunnerWorker.run(SuiteRunnerWorker.java:86)
	at org.testng.TestNG.runSuitesSequentially(TestNG.java:1224)
	at org.testng.TestNG.runSuitesLocally(TestNG.java:1149)
	at org.testng.TestNG.run(TestNG.java:1057)
	at org.testng.remote.RemoteTestNG.run(RemoteTestNG.java:111)
	at org.testng.remote.RemoteTestNG.initAndRun(RemoteTestNG.java:204)
	at org.testng.remote.RemoteTestNG.main(RemoteTestNG.java:175)
Caused by: org.openqa.selenium.remote.ErrorHandler$UnknownServerException: Unable to locate element: {&quot;method&quot;:&quot;xpath&quot;,&quot;selector&quot;:&quot;//td/span[text()=&apos;0002754-AA&apos;]/../../td/span[contains(.,&apos;Finalized&apos;)]&quot;}
Build info: version: &apos;2.41.0&apos;, revision: &apos;3192d8a6c4449dc285928ba024779344f5423c58&apos;, time: &apos;2014-03-27 11:29:39&apos;
System info: host: &apos;MININT-KA5C7LA&apos;, ip: &apos;169.254.76.222&apos;, os.name: &apos;Windows 7&apos;, os.arch: &apos;amd64&apos;, os.version: &apos;6.1&apos;, java.version: &apos;1.7.0_25&apos;
Driver info: driver.version: unknown
	at &lt;anonymous class&gt;.FirefoxDriver.prototype.findElementInternal_(file:///C:/Users/Laur/AppData/Local/Temp/anonymous1385365678988963347webdriver-profile/extensions/fxdriver@googlecode.com/components/driver_component.js:8905:7)
	at &lt;anonymous class&gt;.fxdriver.Timer.prototype.setTimeout/&lt;.notify(file:///C:/Users/Laur/AppData/Local/Temp/anonymous1385365678988963347webdriver-profile/extensions/fxdriver@googlecode.com/components/driver_component.js:396:5)
</pre></div></td>
<td>103</td>
<td>testcases.CBCS81_AsFinalizerICanQualifyAComic@572bd15e</td></tr>
<tr>
<td title='testcases.CBCS309_AsGraderICanChangeTierStatusToGraded.asGraderICanChangeTierStatusToGradedTest()'><b>asGraderICanChangeTierStatusToGradedTest</b><br>Test class: testcases.CBCS309_AsGraderICanChangeTierStatusToGraded<br>Parameters: lqgrader, 123, grader, 0002754-AA, 3, 1, 1, 7.5, White, Graded, Grader</td>
<td><div><pre>org.openqa.selenium.NoSuchElementException: Unable to locate element: {&quot;method&quot;:&quot;xpath&quot;,&quot;selector&quot;:&quot;//td/span[text()=&apos;0002754-AA&apos;]/../../td/span[contains(.,&apos;Graded&apos;)]&quot;}
Command duration or timeout: 30.08 seconds
For documentation on this error, please visit: http://seleniumhq.org/exceptions/no_such_element.html
Build info: version: &apos;2.41.0&apos;, revision: &apos;3192d8a6c4449dc285928ba024779344f5423c58&apos;, time: &apos;2014-03-27 11:29:39&apos;
System info: host: &apos;MININT-KA5C7LA&apos;, ip: &apos;169.254.76.222&apos;, os.name: &apos;Windows 7&apos;, os.arch: &apos;amd64&apos;, os.version: &apos;6.1&apos;, java.version: &apos;1.7.0_25&apos;
Session ID: 2a9e85bf-d324-4b40-a026-0d5ae4a3b87b
Driver info: com.ts.commons.FirefoxDriver
Capabilities [{platform=XP, acceptSslCerts=true, javascriptEnabled=true, cssSelectorsEnabled=true, databaseEnabled=true, browserName=firefox, handlesAlerts=true, browserConnectionEnabled=true, webStorageEnabled=true, nativeEvents=false, rotatable=false, locationContextEnabled=true, applicationCacheEnabled=true, takesScreenshot=true, version=30.0}]
	at org.openqa.selenium.remote.ErrorHandler.createThrowable(ErrorHandler.java:193)
	at org.openqa.selenium.remote.ErrorHandler.throwIfResponseFailed(ErrorHandler.java:145)
	at org.openqa.selenium.remote.RemoteWebDriver.execute(RemoteWebDriver.java:595)
	at org.openqa.selenium.remote.RemoteWebDriver.findElement(RemoteWebDriver.java:348)
	at org.openqa.selenium.remote.RemoteWebDriver.findElementByXPath(RemoteWebDriver.java:445)
	at org.openqa.selenium.By$ByXPath.findElement(By.java:357)
	at org.openqa.selenium.remote.RemoteWebDriver.findElement(RemoteWebDriver.java:340)
	at utils.Utils$2.Validate(Utils.java:86)
	at com.ts.commons.TestCaseUtil.check(TestCaseUtil.java:71)
	at testcases.CBCS309_AsGraderICanChangeTierStatusToGraded.asGraderICanChangeTierStatusToGradedTest(CBCS309_AsGraderICanChangeTierStatusToGraded.java:133)
Caused by: org.openqa.selenium.remote.ErrorHandler$UnknownServerException: Unable to locate element: {&quot;method&quot;:&quot;xpath&quot;,&quot;selector&quot;:&quot;//td/span[text()=&apos;0002754-AA&apos;]/../../td/span[contains(.,&apos;Graded&apos;)]&quot;}
Build info: version: &apos;2.41.0&apos;, revision: &apos;3192d8a6c4449dc285928ba024779344f5423c58&apos;, time: &apos;2014-03-27 11:29:39&apos;
System info: host: &apos;MININT-KA5C7LA&apos;, ip: &apos;169.254.76.222&apos;, os.name: &apos;Windows 7&apos;, os.arch: &apos;amd64&apos;, os.version: &apos;6.1&apos;, java.version: &apos;1.7.0_25&apos;
Driver info: driver.version: unknown
	at &lt;anonymous class&gt;.FirefoxDriver.prototype.findElementInternal_(file:///C:/Users/Laur/AppData/Local/Temp/anonymous6236478822604126635webdriver-profile/extensions/fxdriver@googlecode.com/components/driver_component.js:8905:7)
	at &lt;anonymous class&gt;.fxdriver.Timer.prototype.setTimeout/&lt;.notify(file:///C:/Users/Laur/AppData/Local/Temp/anonymous6236478822604126635webdriver-profile/extensions/fxdriver@googlecode.com/components/driver_component.js:396:5)
... Removed 28 stack frames</pre></div><a href='#' onClick='toggleBox("stack-trace703330801", this, "Click to show all stack frames", "Click to hide stack frames")'>Click to show all stack frames</a>
<div class='stack-trace' id='stack-trace703330801'><pre>org.openqa.selenium.NoSuchElementException: Unable to locate element: {&quot;method&quot;:&quot;xpath&quot;,&quot;selector&quot;:&quot;//td/span[text()=&apos;0002754-AA&apos;]/../../td/span[contains(.,&apos;Graded&apos;)]&quot;}
Command duration or timeout: 30.08 seconds
For documentation on this error, please visit: http://seleniumhq.org/exceptions/no_such_element.html
Build info: version: &apos;2.41.0&apos;, revision: &apos;3192d8a6c4449dc285928ba024779344f5423c58&apos;, time: &apos;2014-03-27 11:29:39&apos;
System info: host: &apos;MININT-KA5C7LA&apos;, ip: &apos;169.254.76.222&apos;, os.name: &apos;Windows 7&apos;, os.arch: &apos;amd64&apos;, os.version: &apos;6.1&apos;, java.version: &apos;1.7.0_25&apos;
Session ID: 2a9e85bf-d324-4b40-a026-0d5ae4a3b87b
Driver info: com.ts.commons.FirefoxDriver
Capabilities [{platform=XP, acceptSslCerts=true, javascriptEnabled=true, cssSelectorsEnabled=true, databaseEnabled=true, browserName=firefox, handlesAlerts=true, browserConnectionEnabled=true, webStorageEnabled=true, nativeEvents=false, rotatable=false, locationContextEnabled=true, applicationCacheEnabled=true, takesScreenshot=true, version=30.0}]
	at sun.reflect.NativeConstructorAccessorImpl.newInstance0(Native Method)
	at sun.reflect.NativeConstructorAccessorImpl.newInstance(NativeConstructorAccessorImpl.java:57)
	at sun.reflect.DelegatingConstructorAccessorImpl.newInstance(DelegatingConstructorAccessorImpl.java:45)
	at java.lang.reflect.Constructor.newInstance(Constructor.java:526)
	at org.openqa.selenium.remote.ErrorHandler.createThrowable(ErrorHandler.java:193)
	at org.openqa.selenium.remote.ErrorHandler.throwIfResponseFailed(ErrorHandler.java:145)
	at org.openqa.selenium.remote.RemoteWebDriver.execute(RemoteWebDriver.java:595)
	at org.openqa.selenium.remote.RemoteWebDriver.findElement(RemoteWebDriver.java:348)
	at org.openqa.selenium.remote.RemoteWebDriver.findElementByXPath(RemoteWebDriver.java:445)
	at org.openqa.selenium.By$ByXPath.findElement(By.java:357)
	at org.openqa.selenium.remote.RemoteWebDriver.findElement(RemoteWebDriver.java:340)
	at utils.Utils$2.Validate(Utils.java:86)
	at com.ts.commons.TestCaseUtil.check(TestCaseUtil.java:71)
	at testcases.CBCS309_AsGraderICanChangeTierStatusToGraded.asGraderICanChangeTierStatusToGradedTest(CBCS309_AsGraderICanChangeTierStatusToGraded.java:133)
	at sun.reflect.NativeMethodAccessorImpl.invoke0(Native Method)
	at sun.reflect.NativeMethodAccessorImpl.invoke(NativeMethodAccessorImpl.java:57)
	at sun.reflect.DelegatingMethodAccessorImpl.invoke(DelegatingMethodAccessorImpl.java:43)
	at java.lang.reflect.Method.invoke(Method.java:606)
	at org.testng.internal.MethodInvocationHelper.invokeMethod(MethodInvocationHelper.java:84)
	at org.testng.internal.Invoker.invokeMethod(Invoker.java:714)
	at org.testng.internal.Invoker.invokeTestMethod(Invoker.java:901)
	at org.testng.internal.Invoker.invokeTestMethods(Invoker.java:1231)
	at org.testng.internal.TestMethodWorker.invokeTestMethods(TestMethodWorker.java:127)
	at org.testng.internal.TestMethodWorker.run(TestMethodWorker.java:111)
	at org.testng.TestRunner.privateRun(TestRunner.java:767)
	at org.testng.TestRunner.run(TestRunner.java:617)
	at org.testng.SuiteRunner.runTest(SuiteRunner.java:335)
	at org.testng.SuiteRunner.runSequentially(SuiteRunner.java:330)
	at org.testng.SuiteRunner.privateRun(SuiteRunner.java:291)
	at org.testng.SuiteRunner.run(SuiteRunner.java:240)
	at org.testng.SuiteRunnerWorker.runSuite(SuiteRunnerWorker.java:52)
	at org.testng.SuiteRunnerWorker.run(SuiteRunnerWorker.java:86)
	at org.testng.TestNG.runSuitesSequentially(TestNG.java:1224)
	at org.testng.TestNG.runSuitesLocally(TestNG.java:1149)
	at org.testng.TestNG.run(TestNG.java:1057)
	at org.testng.remote.RemoteTestNG.run(RemoteTestNG.java:111)
	at org.testng.remote.RemoteTestNG.initAndRun(RemoteTestNG.java:204)
	at org.testng.remote.RemoteTestNG.main(RemoteTestNG.java:175)
Caused by: org.openqa.selenium.remote.ErrorHandler$UnknownServerException: Unable to locate element: {&quot;method&quot;:&quot;xpath&quot;,&quot;selector&quot;:&quot;//td/span[text()=&apos;0002754-AA&apos;]/../../td/span[contains(.,&apos;Graded&apos;)]&quot;}
Build info: version: &apos;2.41.0&apos;, revision: &apos;3192d8a6c4449dc285928ba024779344f5423c58&apos;, time: &apos;2014-03-27 11:29:39&apos;
System info: host: &apos;MININT-KA5C7LA&apos;, ip: &apos;169.254.76.222&apos;, os.name: &apos;Windows 7&apos;, os.arch: &apos;amd64&apos;, os.version: &apos;6.1&apos;, java.version: &apos;1.7.0_25&apos;
Driver info: driver.version: unknown
	at &lt;anonymous class&gt;.FirefoxDriver.prototype.findElementInternal_(file:///C:/Users/Laur/AppData/Local/Temp/anonymous6236478822604126635webdriver-profile/extensions/fxdriver@googlecode.com/components/driver_component.js:8905:7)
	at &lt;anonymous class&gt;.fxdriver.Timer.prototype.setTimeout/&lt;.notify(file:///C:/Users/Laur/AppData/Local/Temp/anonymous6236478822604126635webdriver-profile/extensions/fxdriver@googlecode.com/components/driver_component.js:396:5)
</pre></div></td>
<td>99</td>
<td>testcases.CBCS309_AsGraderICanChangeTierStatusToGraded@6be05ef2</td></tr>
<tr>
<td title='testcases.CBCS86_AsQCICanMarkATierLikeQCFinished.asQCICanMarkATierLikeQCFinishedTest()'><b>asQCICanMarkATierLikeQCFinishedTest</b><br>Test class: testcases.CBCS86_AsQCICanMarkATierLikeQCFinished<br>Parameters: lqqc, 123, qc, 0002754-AA, 3, 1, 1, 9.4, White, QC, QC</td>
<td><div><pre>org.openqa.selenium.ElementNotVisibleException: Element is not currently visible and so may not be interacted with
Command duration or timeout: 5.06 seconds
Build info: version: &apos;2.41.0&apos;, revision: &apos;3192d8a6c4449dc285928ba024779344f5423c58&apos;, time: &apos;2014-03-27 11:29:39&apos;
System info: host: &apos;MININT-KA5C7LA&apos;, ip: &apos;169.254.76.222&apos;, os.name: &apos;Windows 7&apos;, os.arch: &apos;amd64&apos;, os.version: &apos;6.1&apos;, java.version: &apos;1.7.0_25&apos;
Session ID: ee7bdb67-983a-4d9f-bf37-e024a680f84e
Driver info: com.ts.commons.FirefoxDriver
Capabilities [{platform=XP, acceptSslCerts=true, javascriptEnabled=true, cssSelectorsEnabled=true, databaseEnabled=true, browserName=firefox, handlesAlerts=true, browserConnectionEnabled=true, webStorageEnabled=true, nativeEvents=false, rotatable=false, locationContextEnabled=true, applicationCacheEnabled=true, takesScreenshot=true, version=30.0}]
	at org.openqa.selenium.remote.ErrorHandler.createThrowable(ErrorHandler.java:193)
	at org.openqa.selenium.remote.ErrorHandler.throwIfResponseFailed(ErrorHandler.java:145)
	at org.openqa.selenium.remote.RemoteWebDriver.execute(RemoteWebDriver.java:595)
	at org.openqa.selenium.remote.RemoteWebElement.execute(RemoteWebElement.java:268)
	at org.openqa.selenium.remote.RemoteWebElement.click(RemoteWebElement.java:79)
	at org.openqa.selenium.support.pagefactory.internal.LocatingElementHandler.invoke(LocatingElementHandler.java:41)
	at com.sun.proxy.$Proxy10.click(Unknown Source)
	at pages.TierDetailsQCPage.clickQCFinishedCheckbox(TierDetailsQCPage.java:41)
	at testcases.CBCS86_AsQCICanMarkATierLikeQCFinished.asQCICanMarkATierLikeQCFinishedTest(CBCS86_AsQCICanMarkATierLikeQCFinished.java:83)
Caused by: org.openqa.selenium.remote.ErrorHandler$UnknownServerException: Element is not currently visible and so may not be interacted with
Build info: version: &apos;2.41.0&apos;, revision: &apos;3192d8a6c4449dc285928ba024779344f5423c58&apos;, time: &apos;2014-03-27 11:29:39&apos;
System info: host: &apos;MININT-KA5C7LA&apos;, ip: &apos;169.254.76.222&apos;, os.name: &apos;Windows 7&apos;, os.arch: &apos;amd64&apos;, os.version: &apos;6.1&apos;, java.version: &apos;1.7.0_25&apos;
Driver info: driver.version: unknown
	at &lt;anonymous class&gt;.fxdriver.preconditions.visible(file:///C:/Users/Laur/AppData/Local/Temp/anonymous8609106500083775333webdriver-profile/extensions/fxdriver@googlecode.com/components/command_processor.js:8225:5)
	at &lt;anonymous class&gt;.DelayedCommand.prototype.checkPreconditions_(file:///C:/Users/Laur/AppData/Local/Temp/anonymous8609106500083775333webdriver-profile/extensions/fxdriver@googlecode.com/components/command_processor.js:10867:1)
	at &lt;anonymous class&gt;.DelayedCommand.prototype.executeInternal_/h(file:///C:/Users/Laur/AppData/Local/Temp/anonymous8609106500083775333webdriver-profile/extensions/fxdriver@googlecode.com/components/command_processor.js:10884:11)
	at &lt;anonymous class&gt;.fxdriver.Timer.prototype.setTimeout/&lt;.notify(file:///C:/Users/Laur/AppData/Local/Temp/anonymous8609106500083775333webdriver-profile/extensions/fxdriver@googlecode.com/components/command_processor.js:396:5)
... Removed 31 stack frames</pre></div><a href='#' onClick='toggleBox("stack-trace1597073663", this, "Click to show all stack frames", "Click to hide stack frames")'>Click to show all stack frames</a>
<div class='stack-trace' id='stack-trace1597073663'><pre>org.openqa.selenium.ElementNotVisibleException: Element is not currently visible and so may not be interacted with
Command duration or timeout: 5.06 seconds
Build info: version: &apos;2.41.0&apos;, revision: &apos;3192d8a6c4449dc285928ba024779344f5423c58&apos;, time: &apos;2014-03-27 11:29:39&apos;
System info: host: &apos;MININT-KA5C7LA&apos;, ip: &apos;169.254.76.222&apos;, os.name: &apos;Windows 7&apos;, os.arch: &apos;amd64&apos;, os.version: &apos;6.1&apos;, java.version: &apos;1.7.0_25&apos;
Session ID: ee7bdb67-983a-4d9f-bf37-e024a680f84e
Driver info: com.ts.commons.FirefoxDriver
Capabilities [{platform=XP, acceptSslCerts=true, javascriptEnabled=true, cssSelectorsEnabled=true, databaseEnabled=true, browserName=firefox, handlesAlerts=true, browserConnectionEnabled=true, webStorageEnabled=true, nativeEvents=false, rotatable=false, locationContextEnabled=true, applicationCacheEnabled=true, takesScreenshot=true, version=30.0}]
	at sun.reflect.NativeConstructorAccessorImpl.newInstance0(Native Method)
	at sun.reflect.NativeConstructorAccessorImpl.newInstance(NativeConstructorAccessorImpl.java:57)
	at sun.reflect.DelegatingConstructorAccessorImpl.newInstance(DelegatingConstructorAccessorImpl.java:45)
	at java.lang.reflect.Constructor.newInstance(Constructor.java:526)
	at org.openqa.selenium.remote.ErrorHandler.createThrowable(ErrorHandler.java:193)
	at org.openqa.selenium.remote.ErrorHandler.throwIfResponseFailed(ErrorHandler.java:145)
	at org.openqa.selenium.remote.RemoteWebDriver.execute(RemoteWebDriver.java:595)
	at org.openqa.selenium.remote.RemoteWebElement.execute(RemoteWebElement.java:268)
	at org.openqa.selenium.remote.RemoteWebElement.click(RemoteWebElement.java:79)
	at sun.reflect.GeneratedMethodAccessor8.invoke(Unknown Source)
	at sun.reflect.DelegatingMethodAccessorImpl.invoke(DelegatingMethodAccessorImpl.java:43)
	at java.lang.reflect.Method.invoke(Method.java:606)
	at org.openqa.selenium.support.pagefactory.internal.LocatingElementHandler.invoke(LocatingElementHandler.java:41)
	at com.sun.proxy.$Proxy10.click(Unknown Source)
	at pages.TierDetailsQCPage.clickQCFinishedCheckbox(TierDetailsQCPage.java:41)
	at testcases.CBCS86_AsQCICanMarkATierLikeQCFinished.asQCICanMarkATierLikeQCFinishedTest(CBCS86_AsQCICanMarkATierLikeQCFinished.java:83)
	at sun.reflect.NativeMethodAccessorImpl.invoke0(Native Method)
	at sun.reflect.NativeMethodAccessorImpl.invoke(NativeMethodAccessorImpl.java:57)
	at sun.reflect.DelegatingMethodAccessorImpl.invoke(DelegatingMethodAccessorImpl.java:43)
	at java.lang.reflect.Method.invoke(Method.java:606)
	at org.testng.internal.MethodInvocationHelper.invokeMethod(MethodInvocationHelper.java:84)
	at org.testng.internal.Invoker.invokeMethod(Invoker.java:714)
	at org.testng.internal.Invoker.invokeTestMethod(Invoker.java:901)
	at org.testng.internal.Invoker.invokeTestMethods(Invoker.java:1231)
	at org.testng.internal.TestMethodWorker.invokeTestMethods(TestMethodWorker.java:127)
	at org.testng.internal.TestMethodWorker.run(TestMethodWorker.java:111)
	at org.testng.TestRunner.privateRun(TestRunner.java:767)
	at org.testng.TestRunner.run(TestRunner.java:617)
	at org.testng.SuiteRunner.runTest(SuiteRunner.java:335)
	at org.testng.SuiteRunner.runSequentially(SuiteRunner.java:330)
	at org.testng.SuiteRunner.privateRun(SuiteRunner.java:291)
	at org.testng.SuiteRunner.run(SuiteRunner.java:240)
	at org.testng.SuiteRunnerWorker.runSuite(SuiteRunnerWorker.java:52)
	at org.testng.SuiteRunnerWorker.run(SuiteRunnerWorker.java:86)
	at org.testng.TestNG.runSuitesSequentially(TestNG.java:1224)
	at org.testng.TestNG.runSuitesLocally(TestNG.java:1149)
	at org.testng.TestNG.run(TestNG.java:1057)
	at org.testng.remote.RemoteTestNG.run(RemoteTestNG.java:111)
	at org.testng.remote.RemoteTestNG.initAndRun(RemoteTestNG.java:204)
	at org.testng.remote.RemoteTestNG.main(RemoteTestNG.java:175)
Caused by: org.openqa.selenium.remote.ErrorHandler$UnknownServerException: Element is not currently visible and so may not be interacted with
Build info: version: &apos;2.41.0&apos;, revision: &apos;3192d8a6c4449dc285928ba024779344f5423c58&apos;, time: &apos;2014-03-27 11:29:39&apos;
System info: host: &apos;MININT-KA5C7LA&apos;, ip: &apos;169.254.76.222&apos;, os.name: &apos;Windows 7&apos;, os.arch: &apos;amd64&apos;, os.version: &apos;6.1&apos;, java.version: &apos;1.7.0_25&apos;
Driver info: driver.version: unknown
	at &lt;anonymous class&gt;.fxdriver.preconditions.visible(file:///C:/Users/Laur/AppData/Local/Temp/anonymous8609106500083775333webdriver-profile/extensions/fxdriver@googlecode.com/components/command_processor.js:8225:5)
	at &lt;anonymous class&gt;.DelayedCommand.prototype.checkPreconditions_(file:///C:/Users/Laur/AppData/Local/Temp/anonymous8609106500083775333webdriver-profile/extensions/fxdriver@googlecode.com/components/command_processor.js:10867:1)
	at &lt;anonymous class&gt;.DelayedCommand.prototype.executeInternal_/h(file:///C:/Users/Laur/AppData/Local/Temp/anonymous8609106500083775333webdriver-profile/extensions/fxdriver@googlecode.com/components/command_processor.js:10884:11)
	at &lt;anonymous class&gt;.fxdriver.Timer.prototype.setTimeout/&lt;.notify(file:///C:/Users/Laur/AppData/Local/Temp/anonymous8609106500083775333webdriver-profile/extensions/fxdriver@googlecode.com/components/command_processor.js:396:5)
</pre></div></td>
<td>15</td>
<td>testcases.CBCS86_AsQCICanMarkATierLikeQCFinished@17e4be04</td></tr>
<tr>
<td title='testcases.CBCS308_AsSlabICanPrintLabelsOfAllComicBooks.asSlabICanPrintLabelsOfAllComicBooksTest()'><b>asSlabICanPrintLabelsOfAllComicBooksTest</b><br>Test class: testcases.CBCS308_AsSlabICanPrintLabelsOfAllComicBooks<br>Parameters: lqslab, 123, slab, 0002754-AA, 3, 1, 1, 9.4, White, Slab, Slab</td>
<td><div><pre>org.openqa.selenium.NoSuchElementException: Unable to locate element: {&quot;method&quot;:&quot;xpath&quot;,&quot;selector&quot;:&quot;//td/span[text()=&apos;0002754-AA&apos;]/../../td/span[contains(.,&apos;Slab&apos;)]&quot;}
Command duration or timeout: 30.11 seconds
For documentation on this error, please visit: http://seleniumhq.org/exceptions/no_such_element.html
Build info: version: &apos;2.41.0&apos;, revision: &apos;3192d8a6c4449dc285928ba024779344f5423c58&apos;, time: &apos;2014-03-27 11:29:39&apos;
System info: host: &apos;MININT-KA5C7LA&apos;, ip: &apos;169.254.76.222&apos;, os.name: &apos;Windows 7&apos;, os.arch: &apos;amd64&apos;, os.version: &apos;6.1&apos;, java.version: &apos;1.7.0_25&apos;
Session ID: dc9abbe9-396a-47cb-8b1b-3b8d2cc9731e
Driver info: com.ts.commons.FirefoxDriver
Capabilities [{platform=XP, acceptSslCerts=true, javascriptEnabled=true, cssSelectorsEnabled=true, databaseEnabled=true, browserName=firefox, handlesAlerts=true, browserConnectionEnabled=true, webStorageEnabled=true, nativeEvents=false, rotatable=false, locationContextEnabled=true, applicationCacheEnabled=true, takesScreenshot=true, version=30.0}]
	at org.openqa.selenium.remote.ErrorHandler.createThrowable(ErrorHandler.java:193)
	at org.openqa.selenium.remote.ErrorHandler.throwIfResponseFailed(ErrorHandler.java:145)
	at org.openqa.selenium.remote.RemoteWebDriver.execute(RemoteWebDriver.java:595)
	at org.openqa.selenium.remote.RemoteWebDriver.findElement(RemoteWebDriver.java:348)
	at org.openqa.selenium.remote.RemoteWebDriver.findElementByXPath(RemoteWebDriver.java:445)
	at org.openqa.selenium.By$ByXPath.findElement(By.java:357)
	at org.openqa.selenium.remote.RemoteWebDriver.findElement(RemoteWebDriver.java:340)
	at utils.Utils$2.Validate(Utils.java:86)
	at com.ts.commons.TestCaseUtil.check(TestCaseUtil.java:71)
	at testcases.CBCS308_AsSlabICanPrintLabelsOfAllComicBooks.asSlabICanPrintLabelsOfAllComicBooksTest(CBCS308_AsSlabICanPrintLabelsOfAllComicBooks.java:89)
Caused by: org.openqa.selenium.remote.ErrorHandler$UnknownServerException: Unable to locate element: {&quot;method&quot;:&quot;xpath&quot;,&quot;selector&quot;:&quot;//td/span[text()=&apos;0002754-AA&apos;]/../../td/span[contains(.,&apos;Slab&apos;)]&quot;}
Build info: version: &apos;2.41.0&apos;, revision: &apos;3192d8a6c4449dc285928ba024779344f5423c58&apos;, time: &apos;2014-03-27 11:29:39&apos;
System info: host: &apos;MININT-KA5C7LA&apos;, ip: &apos;169.254.76.222&apos;, os.name: &apos;Windows 7&apos;, os.arch: &apos;amd64&apos;, os.version: &apos;6.1&apos;, java.version: &apos;1.7.0_25&apos;
Driver info: driver.version: unknown
	at &lt;anonymous class&gt;.FirefoxDriver.prototype.findElementInternal_(file:///C:/Users/Laur/AppData/Local/Temp/anonymous696684438852070015webdriver-profile/extensions/fxdriver@googlecode.com/components/driver_component.js:8905:7)
	at &lt;anonymous class&gt;.fxdriver.Timer.prototype.setTimeout/&lt;.notify(file:///C:/Users/Laur/AppData/Local/Temp/anonymous696684438852070015webdriver-profile/extensions/fxdriver@googlecode.com/components/driver_component.js:396:5)
... Removed 28 stack frames</pre></div><a href='#' onClick='toggleBox("stack-trace1560052922", this, "Click to show all stack frames", "Click to hide stack frames")'>Click to show all stack frames</a>
<div class='stack-trace' id='stack-trace1560052922'><pre>org.openqa.selenium.NoSuchElementException: Unable to locate element: {&quot;method&quot;:&quot;xpath&quot;,&quot;selector&quot;:&quot;//td/span[text()=&apos;0002754-AA&apos;]/../../td/span[contains(.,&apos;Slab&apos;)]&quot;}
Command duration or timeout: 30.11 seconds
For documentation on this error, please visit: http://seleniumhq.org/exceptions/no_such_element.html
Build info: version: &apos;2.41.0&apos;, revision: &apos;3192d8a6c4449dc285928ba024779344f5423c58&apos;, time: &apos;2014-03-27 11:29:39&apos;
System info: host: &apos;MININT-KA5C7LA&apos;, ip: &apos;169.254.76.222&apos;, os.name: &apos;Windows 7&apos;, os.arch: &apos;amd64&apos;, os.version: &apos;6.1&apos;, java.version: &apos;1.7.0_25&apos;
Session ID: dc9abbe9-396a-47cb-8b1b-3b8d2cc9731e
Driver info: com.ts.commons.FirefoxDriver
Capabilities [{platform=XP, acceptSslCerts=true, javascriptEnabled=true, cssSelectorsEnabled=true, databaseEnabled=true, browserName=firefox, handlesAlerts=true, browserConnectionEnabled=true, webStorageEnabled=true, nativeEvents=false, rotatable=false, locationContextEnabled=true, applicationCacheEnabled=true, takesScreenshot=true, version=30.0}]
	at sun.reflect.NativeConstructorAccessorImpl.newInstance0(Native Method)
	at sun.reflect.NativeConstructorAccessorImpl.newInstance(NativeConstructorAccessorImpl.java:57)
	at sun.reflect.DelegatingConstructorAccessorImpl.newInstance(DelegatingConstructorAccessorImpl.java:45)
	at java.lang.reflect.Constructor.newInstance(Constructor.java:526)
	at org.openqa.selenium.remote.ErrorHandler.createThrowable(ErrorHandler.java:193)
	at org.openqa.selenium.remote.ErrorHandler.throwIfResponseFailed(ErrorHandler.java:145)
	at org.openqa.selenium.remote.RemoteWebDriver.execute(RemoteWebDriver.java:595)
	at org.openqa.selenium.remote.RemoteWebDriver.findElement(RemoteWebDriver.java:348)
	at org.openqa.selenium.remote.RemoteWebDriver.findElementByXPath(RemoteWebDriver.java:445)
	at org.openqa.selenium.By$ByXPath.findElement(By.java:357)
	at org.openqa.selenium.remote.RemoteWebDriver.findElement(RemoteWebDriver.java:340)
	at utils.Utils$2.Validate(Utils.java:86)
	at com.ts.commons.TestCaseUtil.check(TestCaseUtil.java:71)
	at testcases.CBCS308_AsSlabICanPrintLabelsOfAllComicBooks.asSlabICanPrintLabelsOfAllComicBooksTest(CBCS308_AsSlabICanPrintLabelsOfAllComicBooks.java:89)
	at sun.reflect.NativeMethodAccessorImpl.invoke0(Native Method)
	at sun.reflect.NativeMethodAccessorImpl.invoke(NativeMethodAccessorImpl.java:57)
	at sun.reflect.DelegatingMethodAccessorImpl.invoke(DelegatingMethodAccessorImpl.java:43)
	at java.lang.reflect.Method.invoke(Method.java:606)
	at org.testng.internal.MethodInvocationHelper.invokeMethod(MethodInvocationHelper.java:84)
	at org.testng.internal.Invoker.invokeMethod(Invoker.java:714)
	at org.testng.internal.Invoker.invokeTestMethod(Invoker.java:901)
	at org.testng.internal.Invoker.invokeTestMethods(Invoker.java:1231)
	at org.testng.internal.TestMethodWorker.invokeTestMethods(TestMethodWorker.java:127)
	at org.testng.internal.TestMethodWorker.run(TestMethodWorker.java:111)
	at org.testng.TestRunner.privateRun(TestRunner.java:767)
	at org.testng.TestRunner.run(TestRunner.java:617)
	at org.testng.SuiteRunner.runTest(SuiteRunner.java:335)
	at org.testng.SuiteRunner.runSequentially(SuiteRunner.java:330)
	at org.testng.SuiteRunner.privateRun(SuiteRunner.java:291)
	at org.testng.SuiteRunner.run(SuiteRunner.java:240)
	at org.testng.SuiteRunnerWorker.runSuite(SuiteRunnerWorker.java:52)
	at org.testng.SuiteRunnerWorker.run(SuiteRunnerWorker.java:86)
	at org.testng.TestNG.runSuitesSequentially(TestNG.java:1224)
	at org.testng.TestNG.runSuitesLocally(TestNG.java:1149)
	at org.testng.TestNG.run(TestNG.java:1057)
	at org.testng.remote.RemoteTestNG.run(RemoteTestNG.java:111)
	at org.testng.remote.RemoteTestNG.initAndRun(RemoteTestNG.java:204)
	at org.testng.remote.RemoteTestNG.main(RemoteTestNG.java:175)
Caused by: org.openqa.selenium.remote.ErrorHandler$UnknownServerException: Unable to locate element: {&quot;method&quot;:&quot;xpath&quot;,&quot;selector&quot;:&quot;//td/span[text()=&apos;0002754-AA&apos;]/../../td/span[contains(.,&apos;Slab&apos;)]&quot;}
Build info: version: &apos;2.41.0&apos;, revision: &apos;3192d8a6c4449dc285928ba024779344f5423c58&apos;, time: &apos;2014-03-27 11:29:39&apos;
System info: host: &apos;MININT-KA5C7LA&apos;, ip: &apos;169.254.76.222&apos;, os.name: &apos;Windows 7&apos;, os.arch: &apos;amd64&apos;, os.version: &apos;6.1&apos;, java.version: &apos;1.7.0_25&apos;
Driver info: driver.version: unknown
	at &lt;anonymous class&gt;.FirefoxDriver.prototype.findElementInternal_(file:///C:/Users/Laur/AppData/Local/Temp/anonymous696684438852070015webdriver-profile/extensions/fxdriver@googlecode.com/components/driver_component.js:8905:7)
	at &lt;anonymous class&gt;.fxdriver.Timer.prototype.setTimeout/&lt;.notify(file:///C:/Users/Laur/AppData/Local/Temp/anonymous696684438852070015webdriver-profile/extensions/fxdriver@googlecode.com/components/driver_component.js:396:5)
</pre></div></td>
<td>40</td>
<td>testcases.CBCS308_AsSlabICanPrintLabelsOfAllComicBooks@df9411</td></tr>
<tr>
<td title='testcases.CBCS306_AsReceiverICanChangeOrderStatusToInSafe.changeOrderStatusToInSafeTest()'><b>changeOrderStatusToInSafeTest</b><br>Test class: testcases.CBCS306_AsReceiverICanChangeOrderStatusToInSafe<br>Parameters: lqreceiver, 123, receiver, 0002754-AA, 3, 1, 3, 9.4, White, In Safe, Receiver</td>
<td><div><pre>org.openqa.selenium.NoSuchElementException: Unable to locate element: {&quot;method&quot;:&quot;xpath&quot;,&quot;selector&quot;:&quot;//td/span[text()=&apos;0002754-AA&apos;]/../../td/span[contains(.,&apos;In Safe&apos;)]&quot;}
Command duration or timeout: 30.07 seconds
For documentation on this error, please visit: http://seleniumhq.org/exceptions/no_such_element.html
Build info: version: &apos;2.41.0&apos;, revision: &apos;3192d8a6c4449dc285928ba024779344f5423c58&apos;, time: &apos;2014-03-27 11:29:39&apos;
System info: host: &apos;MININT-KA5C7LA&apos;, ip: &apos;169.254.76.222&apos;, os.name: &apos;Windows 7&apos;, os.arch: &apos;amd64&apos;, os.version: &apos;6.1&apos;, java.version: &apos;1.7.0_25&apos;
Session ID: dd7e44aa-131f-4e79-a202-d17dbc44bb58
Driver info: com.ts.commons.FirefoxDriver
Capabilities [{platform=XP, acceptSslCerts=true, javascriptEnabled=true, cssSelectorsEnabled=true, databaseEnabled=true, browserName=firefox, handlesAlerts=true, browserConnectionEnabled=true, webStorageEnabled=true, nativeEvents=false, rotatable=false, locationContextEnabled=true, applicationCacheEnabled=true, takesScreenshot=true, version=30.0}]
	at org.openqa.selenium.remote.ErrorHandler.createThrowable(ErrorHandler.java:193)
	at org.openqa.selenium.remote.ErrorHandler.throwIfResponseFailed(ErrorHandler.java:145)
	at org.openqa.selenium.remote.RemoteWebDriver.execute(RemoteWebDriver.java:595)
	at org.openqa.selenium.remote.RemoteWebDriver.findElement(RemoteWebDriver.java:348)
	at org.openqa.selenium.remote.RemoteWebDriver.findElementByXPath(RemoteWebDriver.java:445)
	at org.openqa.selenium.By$ByXPath.findElement(By.java:357)
	at org.openqa.selenium.remote.RemoteWebDriver.findElement(RemoteWebDriver.java:340)
	at utils.Utils$2.Validate(Utils.java:86)
	at com.ts.commons.TestCaseUtil.check(TestCaseUtil.java:71)
	at testcases.CBCS306_AsReceiverICanChangeOrderStatusToInSafe.changeOrderStatusToInSafeTest(CBCS306_AsReceiverICanChangeOrderStatusToInSafe.java:74)
Caused by: org.openqa.selenium.remote.ErrorHandler$UnknownServerException: Unable to locate element: {&quot;method&quot;:&quot;xpath&quot;,&quot;selector&quot;:&quot;//td/span[text()=&apos;0002754-AA&apos;]/../../td/span[contains(.,&apos;In Safe&apos;)]&quot;}
Build info: version: &apos;2.41.0&apos;, revision: &apos;3192d8a6c4449dc285928ba024779344f5423c58&apos;, time: &apos;2014-03-27 11:29:39&apos;
System info: host: &apos;MININT-KA5C7LA&apos;, ip: &apos;169.254.76.222&apos;, os.name: &apos;Windows 7&apos;, os.arch: &apos;amd64&apos;, os.version: &apos;6.1&apos;, java.version: &apos;1.7.0_25&apos;
Driver info: driver.version: unknown
	at &lt;anonymous class&gt;.FirefoxDriver.prototype.findElementInternal_(file:///C:/Users/Laur/AppData/Local/Temp/anonymous1220199972256237521webdriver-profile/extensions/fxdriver@googlecode.com/components/driver_component.js:8905:7)
	at &lt;anonymous class&gt;.fxdriver.Timer.prototype.setTimeout/&lt;.notify(file:///C:/Users/Laur/AppData/Local/Temp/anonymous1220199972256237521webdriver-profile/extensions/fxdriver@googlecode.com/components/driver_component.js:396:5)
... Removed 28 stack frames</pre></div><a href='#' onClick='toggleBox("stack-trace467366499", this, "Click to show all stack frames", "Click to hide stack frames")'>Click to show all stack frames</a>
<div class='stack-trace' id='stack-trace467366499'><pre>org.openqa.selenium.NoSuchElementException: Unable to locate element: {&quot;method&quot;:&quot;xpath&quot;,&quot;selector&quot;:&quot;//td/span[text()=&apos;0002754-AA&apos;]/../../td/span[contains(.,&apos;In Safe&apos;)]&quot;}
Command duration or timeout: 30.07 seconds
For documentation on this error, please visit: http://seleniumhq.org/exceptions/no_such_element.html
Build info: version: &apos;2.41.0&apos;, revision: &apos;3192d8a6c4449dc285928ba024779344f5423c58&apos;, time: &apos;2014-03-27 11:29:39&apos;
System info: host: &apos;MININT-KA5C7LA&apos;, ip: &apos;169.254.76.222&apos;, os.name: &apos;Windows 7&apos;, os.arch: &apos;amd64&apos;, os.version: &apos;6.1&apos;, java.version: &apos;1.7.0_25&apos;
Session ID: dd7e44aa-131f-4e79-a202-d17dbc44bb58
Driver info: com.ts.commons.FirefoxDriver
Capabilities [{platform=XP, acceptSslCerts=true, javascriptEnabled=true, cssSelectorsEnabled=true, databaseEnabled=true, browserName=firefox, handlesAlerts=true, browserConnectionEnabled=true, webStorageEnabled=true, nativeEvents=false, rotatable=false, locationContextEnabled=true, applicationCacheEnabled=true, takesScreenshot=true, version=30.0}]
	at sun.reflect.NativeConstructorAccessorImpl.newInstance0(Native Method)
	at sun.reflect.NativeConstructorAccessorImpl.newInstance(NativeConstructorAccessorImpl.java:57)
	at sun.reflect.DelegatingConstructorAccessorImpl.newInstance(DelegatingConstructorAccessorImpl.java:45)
	at java.lang.reflect.Constructor.newInstance(Constructor.java:526)
	at org.openqa.selenium.remote.ErrorHandler.createThrowable(ErrorHandler.java:193)
	at org.openqa.selenium.remote.ErrorHandler.throwIfResponseFailed(ErrorHandler.java:145)
	at org.openqa.selenium.remote.RemoteWebDriver.execute(RemoteWebDriver.java:595)
	at org.openqa.selenium.remote.RemoteWebDriver.findElement(RemoteWebDriver.java:348)
	at org.openqa.selenium.remote.RemoteWebDriver.findElementByXPath(RemoteWebDriver.java:445)
	at org.openqa.selenium.By$ByXPath.findElement(By.java:357)
	at org.openqa.selenium.remote.RemoteWebDriver.findElement(RemoteWebDriver.java:340)
	at utils.Utils$2.Validate(Utils.java:86)
	at com.ts.commons.TestCaseUtil.check(TestCaseUtil.java:71)
	at testcases.CBCS306_AsReceiverICanChangeOrderStatusToInSafe.changeOrderStatusToInSafeTest(CBCS306_AsReceiverICanChangeOrderStatusToInSafe.java:74)
	at sun.reflect.NativeMethodAccessorImpl.invoke0(Native Method)
	at sun.reflect.NativeMethodAccessorImpl.invoke(NativeMethodAccessorImpl.java:57)
	at sun.reflect.DelegatingMethodAccessorImpl.invoke(DelegatingMethodAccessorImpl.java:43)
	at java.lang.reflect.Method.invoke(Method.java:606)
	at org.testng.internal.MethodInvocationHelper.invokeMethod(MethodInvocationHelper.java:84)
	at org.testng.internal.Invoker.invokeMethod(Invoker.java:714)
	at org.testng.internal.Invoker.invokeTestMethod(Invoker.java:901)
	at org.testng.internal.Invoker.invokeTestMethods(Invoker.java:1231)
	at org.testng.internal.TestMethodWorker.invokeTestMethods(TestMethodWorker.java:127)
	at org.testng.internal.TestMethodWorker.run(TestMethodWorker.java:111)
	at org.testng.TestRunner.privateRun(TestRunner.java:767)
	at org.testng.TestRunner.run(TestRunner.java:617)
	at org.testng.SuiteRunner.runTest(SuiteRunner.java:335)
	at org.testng.SuiteRunner.runSequentially(SuiteRunner.java:330)
	at org.testng.SuiteRunner.privateRun(SuiteRunner.java:291)
	at org.testng.SuiteRunner.run(SuiteRunner.java:240)
	at org.testng.SuiteRunnerWorker.runSuite(SuiteRunnerWorker.java:52)
	at org.testng.SuiteRunnerWorker.run(SuiteRunnerWorker.java:86)
	at org.testng.TestNG.runSuitesSequentially(TestNG.java:1224)
	at org.testng.TestNG.runSuitesLocally(TestNG.java:1149)
	at org.testng.TestNG.run(TestNG.java:1057)
	at org.testng.remote.RemoteTestNG.run(RemoteTestNG.java:111)
	at org.testng.remote.RemoteTestNG.initAndRun(RemoteTestNG.java:204)
	at org.testng.remote.RemoteTestNG.main(RemoteTestNG.java:175)
Caused by: org.openqa.selenium.remote.ErrorHandler$UnknownServerException: Unable to locate element: {&quot;method&quot;:&quot;xpath&quot;,&quot;selector&quot;:&quot;//td/span[text()=&apos;0002754-AA&apos;]/../../td/span[contains(.,&apos;In Safe&apos;)]&quot;}
Build info: version: &apos;2.41.0&apos;, revision: &apos;3192d8a6c4449dc285928ba024779344f5423c58&apos;, time: &apos;2014-03-27 11:29:39&apos;
System info: host: &apos;MININT-KA5C7LA&apos;, ip: &apos;169.254.76.222&apos;, os.name: &apos;Windows 7&apos;, os.arch: &apos;amd64&apos;, os.version: &apos;6.1&apos;, java.version: &apos;1.7.0_25&apos;
Driver info: driver.version: unknown
	at &lt;anonymous class&gt;.FirefoxDriver.prototype.findElementInternal_(file:///C:/Users/Laur/AppData/Local/Temp/anonymous1220199972256237521webdriver-profile/extensions/fxdriver@googlecode.com/components/driver_component.js:8905:7)
	at &lt;anonymous class&gt;.fxdriver.Timer.prototype.setTimeout/&lt;.notify(file:///C:/Users/Laur/AppData/Local/Temp/anonymous1220199972256237521webdriver-profile/extensions/fxdriver@googlecode.com/components/driver_component.js:396:5)
</pre></div></td>
<td>39</td>
<td>testcases.CBCS306_AsReceiverICanChangeOrderStatusToInSafe@100a384</td></tr>
</table><p>
<table width='100%' border='1' class='invocation-passed'>
<tr><td colspan='4' align='center'><b>PASSED TESTS</b></td></tr>
<tr><td><b>Test method</b></td>
<td width="30%"><b>Exception</b></td>
<td width="10%"><b>Time (seconds)</b></td>
<td><b>Instance</b></td>
</tr>
<tr>
<td title='testcases.CBCS77_AdminLogin.adminLoginTest()'><b>adminLoginTest</b><br>Test class: testcases.CBCS77_AdminLogin<br>Parameters: lqadmin, 123, admin</td>
<td></td>
<td>3</td>
<td>testcases.CBCS77_AdminLogin@799ec4b6</td></tr>
<tr>
<td title='testcases.CBCS92_AsAdminICanCreateAReceiverUser.asAdminIMayCreateAReceiverUserTest()'><b>asAdminIMayCreateAReceiverUserTest</b><br>Test class: testcases.CBCS92_AsAdminICanCreateAReceiverUser<br>Parameters: lqadmin, 123, admin, Receiver</td>
<td></td>
<td>8</td>
<td>testcases.CBCS92_AsAdminICanCreateAReceiverUser@6dbac50f</td></tr>
<tr>
<td title='testcases.CBCS315_AsAdminICanDeleteAReceiver.asAdminIMayDeleteAReceiverTest()'><b>asAdminIMayDeleteAReceiverTest</b><br>Test class: testcases.CBCS315_AsAdminICanDeleteAReceiver<br>Parameters: lqadmin, 123, admin, Receiver</td>
<td></td>
<td>48</td>
<td>testcases.CBCS315_AsAdminICanDeleteAReceiver@ffeaa19</td></tr>
<tr>
<td title='testcases.CBCS214_AsCustomerICanAddACouponToTheaOrder.asCustomerICanAddACouponToTheaOrderTest()'><b>asCustomerICanAddACouponToTheaOrderTest</b><br>Test class: testcases.CBCS214_AsCustomerICanAddACouponToTheaOrder<br>Parameters: lquesada@testingsoft.com, QAtest2014, 3, 50, Aurora Copy, Consumer $29. Value up to $400, chkBilling0, address0, FEDEX, Credit Card</td>
<td></td>
<td>58</td>
<td>testcases.CBCS214_AsCustomerICanAddACouponToTheaOrder@67591ba4</td></tr>
<tr>
<td title='testcases.CBCS316_AsCustomerICanCreateAOrder.asCustomerICanCreateAOrderTest()'><b>asCustomerICanCreateAOrderTest</b><br>Test class: testcases.CBCS316_AsCustomerICanCreateAOrder<br>Parameters: lquesada@testingsoft.com, QAtest2014, 3, 50, Aurora Copy, Consumer $29. Value up to $400, chkBilling0, address0, FEDEX, Credit Card</td>
<td></td>
<td>53</td>
<td>testcases.CBCS316_AsCustomerICanCreateAOrder@5dd72c40</td></tr>
<tr>
<td title='testcases.CBCS_318AsCustomerICanDeleteABillingAddress.asCustomerICanDeleteABillingAddressTest()'><b>asCustomerICanDeleteABillingAddressTest</b><br>Test class: testcases.CBCS_318AsCustomerICanDeleteABillingAddress<br>Parameters: lquesada@testingsoft.com, QAtest2014</td>
<td></td>
<td>29</td>
<td>testcases.CBCS_318AsCustomerICanDeleteABillingAddress@63d64969</td></tr>
<tr>
<td title='testcases.CBCS_319AsCustomerICanEditABillingAddress.asCustomerICanEditABillingAddressTest()'><b>asCustomerICanEditABillingAddressTest</b><br>Test class: testcases.CBCS_319AsCustomerICanEditABillingAddress<br>Parameters: lquesada@testingsoft.com, QAtest2014</td>
<td></td>
<td>39</td>
<td>testcases.CBCS_319AsCustomerICanEditABillingAddress@5059a6b5</td></tr>
<tr>
<td title='testcases.CBCS318_AsCustomerICanSeeTheCalendar.asCustomerICanSeeEventsCalendarTest()'><b>asCustomerICanSeeEventsCalendarTest</b><br>Test class: testcases.CBCS318_AsCustomerICanSeeTheCalendar<br>Parameters: lquesada@testingsoft.com, QAtest2014</td>
<td></td>
<td>10</td>
<td>testcases.CBCS318_AsCustomerICanSeeTheCalendar@216f1cbc</td></tr>
<tr>
<td title='testcases.CBCS316_AsCustomerICanSeeTheListOfAllMyOrders.asCustomerICanSeeTheListOfAllMyOrdersTest()'><b>asCustomerICanSeeTheListOfAllMyOrdersTest</b><br>Test class: testcases.CBCS316_AsCustomerICanSeeTheListOfAllMyOrders<br>Parameters: lquesada@testingsoft.com, QAtest2014</td>
<td></td>
<td>10</td>
<td>testcases.CBCS316_AsCustomerICanSeeTheListOfAllMyOrders@2a0aa21e</td></tr>
<tr>
<td title='testcases.CBCS_320AsCustomerICanSelectPickUpAtCBCSAsShipping.asCustomerICanSelectPickUpAtCBCSAsShippingTest()'><b>asCustomerICanSelectPickUpAtCBCSAsShippingTest</b><br>Test class: testcases.CBCS_320AsCustomerICanSelectPickUpAtCBCSAsShipping<br>Parameters: lquesada@testingsoft.com, QAtest2014, 3, 50, Aurora Copy, Consumer $29. Value up to $400, chkBilling0, address0, FEDEX, Credit Card</td>
<td></td>
<td>54</td>
<td>testcases.CBCS_320AsCustomerICanSelectPickUpAtCBCSAsShipping@6faa7dbc</td></tr>
<tr>
<td title='testcases.CBCS_321AsCustomerICanSelectPickUpAtConvetionAsShipping.asCustomerICanSelectPickUpAtConvetionAsShippingTest()'><b>asCustomerICanSelectPickUpAtConvetionAsShippingTest</b><br>Test class: testcases.CBCS_321AsCustomerICanSelectPickUpAtConvetionAsShipping<br>Parameters: lquesada@testingsoft.com, QAtest2014, 3, T&T, Aurora Copy, Consumer $29. Value up to $400, chkBilling0, address0, FEDEX, Credit Card</td>
<td></td>
<td>54</td>
<td>testcases.CBCS_321AsCustomerICanSelectPickUpAtConvetionAsShipping@29d52a29</td></tr>
<tr>
<td title='testcases.CBCS317_AsCustomerICanUseMyBillingAddressAsShippingAddress.asCustomerICanUseMyBillingAddressAsShippingAddressTest()'><b>asCustomerICanUseMyBillingAddressAsShippingAddressTest</b><br>Test class: testcases.CBCS317_AsCustomerICanUseMyBillingAddressAsShippingAddress<br>Parameters: lquesada@testingsoft.com, QAtest2014</td>
<td></td>
<td>18</td>
<td>testcases.CBCS317_AsCustomerICanUseMyBillingAddressAsShippingAddress@368eb8bf</td></tr>
<tr>
<td title='testcases.CBCS80_AsCustomerICanAddANewBillingAddress.asCustomerIMayAddANewBillingAddressTest()'><b>asCustomerIMayAddANewBillingAddressTest</b><br>Test class: testcases.CBCS80_AsCustomerICanAddANewBillingAddress<br>Parameters: lquesada@testingsoft.com, QAtest2014</td>
<td></td>
<td>20</td>
<td>testcases.CBCS80_AsCustomerICanAddANewBillingAddress@7038ce7b</td></tr>
<tr>
<td title='testcases.CBCS105_AsReiverSearchOneOrderUsingOrderNumber.asReiverSearchOneOrderUsingOrderNumberTest()'><b>asReiverSearchOneOrderUsingOrderNumberTest</b><br>Test class: testcases.CBCS105_AsReiverSearchOneOrderUsingOrderNumber<br>Parameters: lqreceiver, 123, receiver, 0002759-AA, 3, 1, 3, 9.4, White, In Safe, Receiver</td>
<td></td>
<td>8</td>
<td>testcases.CBCS105_AsReiverSearchOneOrderUsingOrderNumber@71f993c</td></tr>
<tr>
<td title='testcases.CBCS138_AsShippingICanChangeTierStatusToShipped.changeTierStatusToShippedTest()'><b>changeTierStatusToShippedTest</b><br>Test class: testcases.CBCS138_AsShippingICanChangeTierStatusToShipped<br>Parameters: lqshipping, 123, shipping, 0002754-AA, 3, 1, 1, 9.4, White, Shipped, 777, Shipping</td>
<td></td>
<td>13</td>
<td>testcases.CBCS138_AsShippingICanChangeTierStatusToShipped@4c418cf</td></tr>
<tr>
<td title='testcases.CBCS305_ReceiverLogin.receiverLoginTest()'><b>receiverLoginTest</b><br>Test class: testcases.CBCS305_ReceiverLogin<br>Parameters: lqreceiver, 123, receiver, 0002754-AA, 3, 1, 3, 9.4, White, In Safe, Receiver</td>
<td></td>
<td>4</td>
<td>testcases.CBCS305_ReceiverLogin@259f1b1d</td></tr>
<tr>
<td title='testcases.CBCS183_ValidateExpandedConsumerTierRulesCorrectly.validateExpandedConsumerTierRulesCorrectlyTest()'><b>validateExpandedConsumerTierRulesCorrectlyTest</b><br>Test class: testcases.CBCS183_ValidateExpandedConsumerTierRulesCorrectly<br>Parameters: lquesada@testingsoft.com, QAtest2014, 1, 50, Aurora Copy, Expanded Consumer (Pre-1969) $22. Value up to $250, 29, 1968, 8.0, 250, USD $8.00, USD $30.00, USD $4.00, USD $64.00, chkBilling0, address0, FEDEX, Credit Card</td>
<td></td>
<td>56</td>
<td>testcases.CBCS183_ValidateExpandedConsumerTierRulesCorrectly@44865ee</td></tr>
</table><p>
</body>
</html>