<?xml version="1.0" encoding="UTF-8"?>
<!-- Generated by org.testng.reporters.JUnitXMLReporter -->
<testsuite hostname="MININT-KA5C7LA" name="Test" tests="33" failures="7" timestamp="28 Jan 2015 15:08:13 GMT" time="981.444" errors="0">
  <testcase name="@AfterMethod close" time="0.0" classname="testcases.CBCS_105AsReiverSearchOneOrderUsingOrderNumber">
    <failure type="org.openqa.selenium.remote.UnreachableBrowserException" message="Error communicating with the remote browser. It may have died.
Build info: version: &amp;apos;2.43.1&amp;apos;, revision: &amp;apos;5163bceef1bc36d43f3dc0b83c88998168a363a0&amp;apos;, time: &amp;apos;2014-09-10 09:43:55&amp;apos;
System info: host: &amp;apos;MININT-KA5C7LA&amp;apos;, ip: &amp;apos;169.254.76.222&amp;apos;, os.name: &amp;apos;Windows 7&amp;apos;, os.arch: &amp;apos;amd64&amp;apos;, os.version: &amp;apos;6.1&amp;apos;, java.version: &amp;apos;1.8.0_05&amp;apos;
Driver info: driver.version: RemoteWebDriver">
      <![CDATA[org.openqa.selenium.remote.UnreachableBrowserException: Error communicating with the remote browser. It may have died.
Build info: version: '2.43.1', revision: '5163bceef1bc36d43f3dc0b83c88998168a363a0', time: '2014-09-10 09:43:55'
System info: host: 'MININT-KA5C7LA', ip: '169.254.76.222', os.name: 'Windows 7', os.arch: 'amd64', os.version: '6.1', java.version: '1.8.0_05'
Driver info: driver.version: RemoteWebDriver
	at org.openqa.selenium.remote.RemoteWebDriver.execute(RemoteWebDriver.java:593)
	at org.openqa.selenium.remote.RemoteWebDriver.execute(RemoteWebDriver.java:614)
	at org.openqa.selenium.remote.RemoteWebDriver.close(RemoteWebDriver.java:463)
	at utils.TestCaseCBCS.close(TestCaseCBCS.java:33)
Caused by: org.apache.http.conn.HttpHostConnectException: Connect to 127.0.0.1:7055 [/127.0.0.1] failed: Connection refused: connect
	at org.apache.http.impl.conn.HttpClientConnectionOperator.connect(HttpClientConnectionOperator.java:140)
	at org.apache.http.impl.conn.PoolingHttpClientConnectionManager.connect(PoolingHttpClientConnectionManager.java:318)
	at org.apache.http.impl.execchain.MainClientExec.establishRoute(MainClientExec.java:363)
	at org.apache.http.impl.execchain.MainClientExec.execute(MainClientExec.java:219)
	at org.apache.http.impl.execchain.ProtocolExec.execute(ProtocolExec.java:195)
	at org.apache.http.impl.execchain.RetryExec.execute(RetryExec.java:86)
	at org.apache.http.impl.execchain.RedirectExec.execute(RedirectExec.java:108)
	at org.apache.http.impl.client.InternalHttpClient.doExecute(InternalHttpClient.java:184)
	at org.apache.http.impl.client.CloseableHttpClient.execute(CloseableHttpClient.java:72)
	at org.apache.http.impl.client.CloseableHttpClient.execute(CloseableHttpClient.java:57)
	at org.openqa.selenium.remote.HttpCommandExecutor.fallBackExecute(HttpCommandExecutor.java:215)
	at org.openqa.selenium.remote.HttpCommandExecutor.execute(HttpCommandExecutor.java:184)
	at org.openqa.selenium.firefox.internal.NewProfileExtensionConnection.execute(NewProfileExtensionConnection.java:165)
	at org.openqa.selenium.firefox.FirefoxDriver$LazyCommandExecutor.execute(FirefoxDriver.java:362)
	at org.openqa.selenium.remote.RemoteWebDriver.execute(RemoteWebDriver.java:572)
	... 28 more
Caused by: java.net.ConnectException: Connection refused: connect
	at java.net.DualStackPlainSocketImpl.waitForConnect(Native Method)
	at java.net.DualStackPlainSocketImpl.socketConnect(Unknown Source)
	at java.net.AbstractPlainSocketImpl.doConnect(Unknown Source)
	at java.net.AbstractPlainSocketImpl.connectToAddress(Unknown Source)
	at java.net.AbstractPlainSocketImpl.connect(Unknown Source)
	at java.net.PlainSocketImpl.connect(Unknown Source)
	at java.net.SocksSocketImpl.connect(Unknown Source)
	at java.net.Socket.connect(Unknown Source)
	at org.apache.http.conn.socket.PlainConnectionSocketFactory.connectSocket(PlainConnectionSocketFactory.java:72)
	at org.apache.http.impl.conn.HttpClientConnectionOperator.connect(HttpClientConnectionOperator.java:123)
	... 42 more
... Removed 25 stack frames]]>
    </failure>
  </testcase> <!-- @AfterMethod close -->
  <testcase name="@AfterMethod validateTestStandar" time="0.0" classname="testcases.CBCS_105AsReiverSearchOneOrderUsingOrderNumber">
    <skipped/>
  </testcase> <!-- @AfterMethod validateTestStandar -->
  <testcase name="@BeforeMethod setup" time="0.0" classname="testcases.CBCS_105AsReiverSearchOneOrderUsingOrderNumber">
    <skipped/>
  </testcase> <!-- @BeforeMethod setup -->
  <testcase name="@AfterMethod close" time="0.0" classname="testcases.CBCS_105AsReiverSearchOneOrderUsingOrderNumber">
    <skipped/>
  </testcase> <!-- @AfterMethod close -->
  <testcase name="@AfterMethod validateTestStandar" time="0.0" classname="testcases.CBCS_105AsReiverSearchOneOrderUsingOrderNumber">
    <skipped/>
  </testcase> <!-- @AfterMethod validateTestStandar -->
  <testcase name="asCustomerICanCreateAOrderTest" time="57.562" classname="testcases.CBCS_316AsCustomerICanCreateAOrder"/>
  <testcase name="asCustomerICanSelectPickUpAtCBCSAsShippingTest" time="72.647" classname="testcases.CBCS_320AsCustomerICanSelectPickUpAtCBCSAsShipping"/>
  <testcase name="asCustomerICanSelectPickUpAtConvetionAsShippingTest" time="42.823" classname="testcases.CBCS_321AsCustomerICanSelectPickUpAtConvetionAsShipping">
    <failure type="org.openqa.selenium.NoSuchElementException" message="Unable to locate element: {&amp;quot;method&amp;quot;:&amp;quot;xpath&amp;quot;,&amp;quot;selector&amp;quot;:&amp;quot;//input[@name=&amp;apos;txtTitleComic&amp;apos; and not(@disabled)]&amp;quot;}
Command duration or timeout: 30.53 seconds
For documentation on this error, please visit: http://seleniumhq.org/exceptions/no_such_element.html
Build info: version: &amp;apos;2.43.1&amp;apos;, revision: &amp;apos;5163bceef1bc36d43f3dc0b83c88998168a363a0&amp;apos;, time: &amp;apos;2014-09-10 09:43:55&amp;apos;
System info: host: &amp;apos;MININT-KA5C7LA&amp;apos;, ip: &amp;apos;169.254.76.222&amp;apos;, os.name: &amp;apos;Windows 7&amp;apos;, os.arch: &amp;apos;amd64&amp;apos;, os.version: &amp;apos;6.1&amp;apos;, java.version: &amp;apos;1.8.0_05&amp;apos;
Driver info: com.ts.commons.FirefoxDriver
Capabilities [{applicationCacheEnabled=true, rotatable=false, handlesAlerts=true, databaseEnabled=true, version=30.0, platform=WINDOWS, browserConnectionEnabled=true, nativeEvents=false, acceptSslCerts=true, webStorageEnabled=true, locationContextEnabled=true, browserName=firefox, takesScreenshot=true, javascriptEnabled=true, cssSelectorsEnabled=true}]
Session ID: 0355bddd-234b-4de1-af48-10d64c8282e7">
      <![CDATA[org.openqa.selenium.NoSuchElementException: Unable to locate element: {"method":"xpath","selector":"//input[@name='txtTitleComic' and not(@disabled)]"}
Command duration or timeout: 30.53 seconds
For documentation on this error, please visit: http://seleniumhq.org/exceptions/no_such_element.html
Build info: version: '2.43.1', revision: '5163bceef1bc36d43f3dc0b83c88998168a363a0', time: '2014-09-10 09:43:55'
System info: host: 'MININT-KA5C7LA', ip: '169.254.76.222', os.name: 'Windows 7', os.arch: 'amd64', os.version: '6.1', java.version: '1.8.0_05'
Driver info: com.ts.commons.FirefoxDriver
Capabilities [{applicationCacheEnabled=true, rotatable=false, handlesAlerts=true, databaseEnabled=true, version=30.0, platform=WINDOWS, browserConnectionEnabled=true, nativeEvents=false, acceptSslCerts=true, webStorageEnabled=true, locationContextEnabled=true, browserName=firefox, takesScreenshot=true, javascriptEnabled=true, cssSelectorsEnabled=true}]
Session ID: 0355bddd-234b-4de1-af48-10d64c8282e7
	at org.openqa.selenium.remote.ErrorHandler.createThrowable(ErrorHandler.java:204)
	at org.openqa.selenium.remote.ErrorHandler.throwIfResponseFailed(ErrorHandler.java:156)
	at org.openqa.selenium.remote.RemoteWebDriver.execute(RemoteWebDriver.java:599)
	at org.openqa.selenium.remote.RemoteWebDriver.findElement(RemoteWebDriver.java:352)
	at org.openqa.selenium.remote.RemoteWebDriver.findElementByXPath(RemoteWebDriver.java:449)
	at org.openqa.selenium.By$ByXPath.findElement(By.java:357)
	at org.openqa.selenium.remote.RemoteWebDriver.findElement(RemoteWebDriver.java:344)
	at org.openqa.selenium.support.pagefactory.DefaultElementLocator.findElement(DefaultElementLocator.java:59)
	at org.openqa.selenium.support.pagefactory.internal.LocatingElementHandler.invoke(LocatingElementHandler.java:37)
	at com.sun.proxy.$Proxy8.sendKeys(Unknown Source)
	at pages.SubmitYourComicPage.fillAllFields(SubmitYourComicPage.java:78)
	at testcases.CBCS_321AsCustomerICanSelectPickUpAtConvetionAsShipping.asCustomerICanSelectPickUpAtConvetionAsShippingTest(CBCS_321AsCustomerICanSelectPickUpAtConvetionAsShipping.java:80)
Caused by: org.openqa.selenium.NoSuchElementException: Unable to locate element: {"method":"xpath","selector":"//input[@name='txtTitleComic' and not(@disabled)]"}
For documentation on this error, please visit: http://seleniumhq.org/exceptions/no_such_element.html
Build info: version: '2.43.1', revision: '5163bceef1bc36d43f3dc0b83c88998168a363a0', time: '2014-09-10 09:43:55'
System info: host: 'MININT-KA5C7LA', ip: '169.254.76.222', os.name: 'Windows 7', os.arch: 'amd64', os.version: '6.1', java.version: '1.8.0_05'
Driver info: driver.version: unknown
	at <anonymous class>.FirefoxDriver.prototype.findElementInternal_(file:///C:/Users/Laur/AppData/Local/Temp/anonymous3637248013070792412webdriver-profile/extensions/fxdriver@googlecode.com/components/driver-component.js:9618:7)
	at <anonymous class>.fxdriver.Timer.prototype.setTimeout/<.notify(file:///C:/Users/Laur/AppData/Local/Temp/anonymous3637248013070792412webdriver-profile/extensions/fxdriver@googlecode.com/components/driver-component.js:548:5)
... Removed 28 stack frames]]>
    </failure>
  </testcase> <!-- asCustomerICanSelectPickUpAtConvetionAsShippingTest -->
  <testcase name="asCustomerICanSelectPickUpAtConvetionAsShippingTest" time="34.545" classname="testcases.CBCS_321AsCustomerICanSelectPickUpAtConvetionAsShipping">
    <failure type="org.openqa.selenium.NoSuchElementException" message="Cannot locate element with text: T&amp;amp;T
For documentation on this error, please visit: http://seleniumhq.org/exceptions/no_such_element.html
Build info: version: &amp;apos;2.43.1&amp;apos;, revision: &amp;apos;5163bceef1bc36d43f3dc0b83c88998168a363a0&amp;apos;, time: &amp;apos;2014-09-10 09:43:55&amp;apos;
System info: host: &amp;apos;MININT-KA5C7LA&amp;apos;, ip: &amp;apos;169.254.76.222&amp;apos;, os.name: &amp;apos;Windows 7&amp;apos;, os.arch: &amp;apos;amd64&amp;apos;, os.version: &amp;apos;6.1&amp;apos;, java.version: &amp;apos;1.8.0_05&amp;apos;
Driver info: driver.version: unknown">
      <![CDATA[org.openqa.selenium.NoSuchElementException: Cannot locate element with text: T&T
For documentation on this error, please visit: http://seleniumhq.org/exceptions/no_such_element.html
Build info: version: '2.43.1', revision: '5163bceef1bc36d43f3dc0b83c88998168a363a0', time: '2014-09-10 09:43:55'
System info: host: 'MININT-KA5C7LA', ip: '169.254.76.222', os.name: 'Windows 7', os.arch: 'amd64', os.version: '6.1', java.version: '1.8.0_05'
Driver info: driver.version: unknown
	at org.openqa.selenium.support.ui.Select.selectByVisibleText(Select.java:147)
	at utils.Utils.selectDropDownOption(Utils.java:33)
	at pages.AddressesInformationCustomerPage.selectAConvention(AddressesInformationCustomerPage.java:251)
	at testcases.CBCS_321AsCustomerICanSelectPickUpAtConvetionAsShipping.asCustomerICanSelectPickUpAtConvetionAsShippingTest(CBCS_321AsCustomerICanSelectPickUpAtConvetionAsShipping.java:116)
... Removed 24 stack frames]]>
    </failure>
  </testcase> <!-- asCustomerICanSelectPickUpAtConvetionAsShippingTest -->
  <testcase name="asCustomerICanSelectPickUpAtConvetionAsShippingTest" time="29.921" classname="testcases.CBCS_321AsCustomerICanSelectPickUpAtConvetionAsShipping">
    <failure type="org.openqa.selenium.NoSuchElementException" message="Cannot locate element with text: T&amp;amp;T
For documentation on this error, please visit: http://seleniumhq.org/exceptions/no_such_element.html
Build info: version: &amp;apos;2.43.1&amp;apos;, revision: &amp;apos;5163bceef1bc36d43f3dc0b83c88998168a363a0&amp;apos;, time: &amp;apos;2014-09-10 09:43:55&amp;apos;
System info: host: &amp;apos;MININT-KA5C7LA&amp;apos;, ip: &amp;apos;169.254.76.222&amp;apos;, os.name: &amp;apos;Windows 7&amp;apos;, os.arch: &amp;apos;amd64&amp;apos;, os.version: &amp;apos;6.1&amp;apos;, java.version: &amp;apos;1.8.0_05&amp;apos;
Driver info: driver.version: unknown">
      <![CDATA[org.openqa.selenium.NoSuchElementException: Cannot locate element with text: T&T
For documentation on this error, please visit: http://seleniumhq.org/exceptions/no_such_element.html
Build info: version: '2.43.1', revision: '5163bceef1bc36d43f3dc0b83c88998168a363a0', time: '2014-09-10 09:43:55'
System info: host: 'MININT-KA5C7LA', ip: '169.254.76.222', os.name: 'Windows 7', os.arch: 'amd64', os.version: '6.1', java.version: '1.8.0_05'
Driver info: driver.version: unknown
	at org.openqa.selenium.support.ui.Select.selectByVisibleText(Select.java:147)
	at utils.Utils.selectDropDownOption(Utils.java:33)
	at pages.AddressesInformationCustomerPage.selectAConvention(AddressesInformationCustomerPage.java:251)
	at testcases.CBCS_321AsCustomerICanSelectPickUpAtConvetionAsShipping.asCustomerICanSelectPickUpAtConvetionAsShippingTest(CBCS_321AsCustomerICanSelectPickUpAtConvetionAsShipping.java:116)
... Removed 24 stack frames]]>
    </failure>
  </testcase> <!-- asCustomerICanSelectPickUpAtConvetionAsShippingTest -->
  <testcase name="asCustomerIMayAddANewBillingAddressTest" time="20.211" classname="testcases.CBCS_80AsCustomerICanAddANewBillingAddress"/>
  <testcase name="asCustomerICanEditABillingAddressTest" time="37.531" classname="testcases.CBCS_319AsCustomerICanEditABillingAddress"/>
  <testcase name="asCustomerICanDeleteABillingAddressTest" time="41.829" classname="testcases.CBCS_318AsCustomerICanDeleteABillingAddress"/>
  <testcase name="asCustomerICanAddANewShippingAddressTest" time="26.23" classname="testcases.CBCS_316AsCustomerICanAddANewShippingAddress"/>
  <testcase name="asCustomerICanUseMyBillingAddressAsShippingAddressTest" time="38.846" classname="testcases.CBCS_317AsCustomerICanUseMyBillingAddressAsShippingAddress"/>
  <testcase name="asCustomerICanSeeTheListOfAllMyOrdersTest" time="22.959" classname="testcases.CBCS_316AsCustomerICanSeeTheListOfAllMyOrders"/>
  <testcase name="asCustomerICanAddACouponToTheaOrderTest" time="97.289" classname="testcases.CBCS_214AsCustomerICanAddACouponToTheaOrder"/>
  <testcase name="validateExpandedConsumerTierRulesCorrectlyTest" time="68.719" classname="testcases.CBCS_183ValidateExpandedConsumerTierRulesCorrectly"/>
  <testcase name="asCustomerICanSeeEventsCalendarTest" time="7.778" classname="testcases.CBCS_318AsCustomerICanSeeTheCalendar"/>
  <testcase name="asAdminICanCreateANewVariantTest" time="6.373" classname="testcases.CBCS_319AsAdminICanCreateANewVariant"/>
  <testcase name="asAdminICanDeleteAVariantTest" time="12.572" classname="testcases.CBCS_320AsAdminICanDeleteAVariant"/>
  <testcase name="asAdminICanCreateANewPedigreeTest" time="15.711" classname="testcases.CBCS_323AsAdminICanCreateANewPedigree"/>
  <testcase name="asAdminICanDeleteAPedigreeTest" time="15.844" classname="testcases.CBCS_324AsAdminICanDeleteAPedigree"/>
  <testcase name="asAdminICanCreateANewPublisherTest" time="8.377" classname="testcases.CBCS_321AsAdminICanCreateANewPublisher"/>
  <testcase name="asAdminICanEditAPublisherTest" time="10.504" classname="testcases.CBCS_325AsAdminICanEditAPublisher"/>
  <testcase name="asAdminICanDeleteAPublisherTest" time="12.214" classname="testcases.CBCS_322AsAdminICanDeleteAPublisher"/>
  <testcase name="asAdminICanCreateAReceiverUserTest" time="8.819" classname="testcases.CBCS_92AsAdminICanCreateAReceiverUser"/>
  <testcase name="asAdminIMayDeleteAReceiverTest" time="10.961" classname="testcases.CBCS_315AsAdminICanDeleteAReceiver"/>
  <testcase name="adminLoginTest" time="4.273" classname="testcases.CBCS_77AdminLogin"/>
  <testcase name="receiverLoginTest" time="4.579" classname="testcases.CBCS_305ReceiverLogin"/>
  <testcase name="changeOrderStatusToInSafeTest" time="37.742" classname="testcases.CBCS_306AsReceiverICanChangeOrderStatusToInSafe">
    <failure type="java.lang.AssertionError" message="expected [true] but found [false]">
      <![CDATA[java.lang.AssertionError: expected [true] but found [false]
	at pages.ProcessOrderReceiverPage$2.Validate(ProcessOrderReceiverPage.java:100)
	at com.ts.commons.TestCaseUtil.check(TestCaseUtil.java:72)
	at testcases.CBCS_306AsReceiverICanChangeOrderStatusToInSafe.changeOrderStatusToInSafeTest(CBCS_306AsReceiverICanChangeOrderStatusToInSafe.java:59)
... Removed 28 stack frames]]>
    </failure>
  </testcase> <!-- changeOrderStatusToInSafeTest -->
  <testcase name="changeOrderStatusToInSafeTest" time="37.681" classname="testcases.CBCS_306AsReceiverICanChangeOrderStatusToInSafe">
    <failure type="java.lang.AssertionError" message="expected [true] but found [false]">
      <![CDATA[java.lang.AssertionError: expected [true] but found [false]
	at pages.ProcessOrderReceiverPage$2.Validate(ProcessOrderReceiverPage.java:100)
	at com.ts.commons.TestCaseUtil.check(TestCaseUtil.java:72)
	at testcases.CBCS_306AsReceiverICanChangeOrderStatusToInSafe.changeOrderStatusToInSafeTest(CBCS_306AsReceiverICanChangeOrderStatusToInSafe.java:59)
... Removed 28 stack frames]]>
    </failure>
  </testcase> <!-- changeOrderStatusToInSafeTest -->
  <testcase name="changeOrderStatusToInSafeTest" time="38.719" classname="testcases.CBCS_306AsReceiverICanChangeOrderStatusToInSafe">
    <failure type="java.lang.AssertionError" message="expected [true] but found [false]">
      <![CDATA[java.lang.AssertionError: expected [true] but found [false]
	at pages.ProcessOrderReceiverPage$2.Validate(ProcessOrderReceiverPage.java:100)
	at com.ts.commons.TestCaseUtil.check(TestCaseUtil.java:72)
	at testcases.CBCS_306AsReceiverICanChangeOrderStatusToInSafe.changeOrderStatusToInSafeTest(CBCS_306AsReceiverICanChangeOrderStatusToInSafe.java:59)
... Removed 28 stack frames]]>
    </failure>
  </testcase> <!-- changeOrderStatusToInSafeTest -->
  <testcase name="asReiverSearchOneOrderUsingOrderNumberTest" time="16.009" classname="testcases.CBCS_105AsReiverSearchOneOrderUsingOrderNumber">
    <failure type="org.openqa.selenium.remote.UnreachableBrowserException" message="Error communicating with the remote browser. It may have died.
Build info: version: &amp;apos;2.43.1&amp;apos;, revision: &amp;apos;5163bceef1bc36d43f3dc0b83c88998168a363a0&amp;apos;, time: &amp;apos;2014-09-10 09:43:55&amp;apos;
System info: host: &amp;apos;MININT-KA5C7LA&amp;apos;, ip: &amp;apos;169.254.76.222&amp;apos;, os.name: &amp;apos;Windows 7&amp;apos;, os.arch: &amp;apos;amd64&amp;apos;, os.version: &amp;apos;6.1&amp;apos;, java.version: &amp;apos;1.8.0_05&amp;apos;
Driver info: driver.version: RemoteWebDriver">
      <![CDATA[org.openqa.selenium.remote.UnreachableBrowserException: Error communicating with the remote browser. It may have died.
Build info: version: '2.43.1', revision: '5163bceef1bc36d43f3dc0b83c88998168a363a0', time: '2014-09-10 09:43:55'
System info: host: 'MININT-KA5C7LA', ip: '169.254.76.222', os.name: 'Windows 7', os.arch: 'amd64', os.version: '6.1', java.version: '1.8.0_05'
Driver info: driver.version: RemoteWebDriver
	at org.openqa.selenium.remote.RemoteWebDriver.execute(RemoteWebDriver.java:593)
	at org.openqa.selenium.remote.RemoteWebDriver.findElements(RemoteWebDriver.java:377)
	at org.openqa.selenium.remote.RemoteWebDriver.findElementsByXPath(RemoteWebDriver.java:453)
	at org.openqa.selenium.By$ByXPath.findElements(By.java:352)
	at org.openqa.selenium.remote.RemoteWebDriver.findElements(RemoteWebDriver.java:340)
	at pages.ProcessOrderReceiverPage.isOrderNumberLabelPresent(ProcessOrderReceiverPage.java:109)
	at pages.ProcessOrderReceiverPage$2.Validate(ProcessOrderReceiverPage.java:100)
	at com.ts.commons.TestCaseUtil.check(TestCaseUtil.java:72)
	at testcases.CBCS_105AsReiverSearchOneOrderUsingOrderNumber.asReiverSearchOneOrderUsingOrderNumberTest(CBCS_105AsReiverSearchOneOrderUsingOrderNumber.java:61)
Caused by: org.apache.http.conn.HttpHostConnectException: Connect to 127.0.0.1:7055 [/127.0.0.1] failed: Connection refused: connect
	at org.apache.http.impl.conn.HttpClientConnectionOperator.connect(HttpClientConnectionOperator.java:140)
	at org.apache.http.impl.conn.PoolingHttpClientConnectionManager.connect(PoolingHttpClientConnectionManager.java:318)
	at org.apache.http.impl.execchain.MainClientExec.establishRoute(MainClientExec.java:363)
	at org.apache.http.impl.execchain.MainClientExec.execute(MainClientExec.java:219)
	at org.apache.http.impl.execchain.ProtocolExec.execute(ProtocolExec.java:195)
	at org.apache.http.impl.execchain.RetryExec.execute(RetryExec.java:86)
	at org.apache.http.impl.execchain.RedirectExec.execute(RedirectExec.java:108)
	at org.apache.http.impl.client.InternalHttpClient.doExecute(InternalHttpClient.java:184)
	at org.apache.http.impl.client.CloseableHttpClient.execute(CloseableHttpClient.java:72)
	at org.apache.http.impl.client.CloseableHttpClient.execute(CloseableHttpClient.java:57)
	at org.openqa.selenium.remote.HttpCommandExecutor.fallBackExecute(HttpCommandExecutor.java:233)
	at org.openqa.selenium.remote.HttpCommandExecutor.execute(HttpCommandExecutor.java:184)
	at org.openqa.selenium.firefox.internal.NewProfileExtensionConnection.execute(NewProfileExtensionConnection.java:165)
	at org.openqa.selenium.firefox.FirefoxDriver$LazyCommandExecutor.execute(FirefoxDriver.java:362)
	at org.openqa.selenium.remote.RemoteWebDriver.execute(RemoteWebDriver.java:572)
	... 32 more
Caused by: java.net.ConnectException: Connection refused: connect
	at java.net.DualStackPlainSocketImpl.waitForConnect(Native Method)
	at java.net.DualStackPlainSocketImpl.socketConnect(Unknown Source)
	at java.net.AbstractPlainSocketImpl.doConnect(Unknown Source)
	at java.net.AbstractPlainSocketImpl.connectToAddress(Unknown Source)
	at java.net.AbstractPlainSocketImpl.connect(Unknown Source)
	at java.net.PlainSocketImpl.connect(Unknown Source)
	at java.net.SocksSocketImpl.connect(Unknown Source)
	at java.net.Socket.connect(Unknown Source)
	at org.apache.http.conn.socket.PlainConnectionSocketFactory.connectSocket(PlainConnectionSocketFactory.java:72)
	at org.apache.http.impl.conn.HttpClientConnectionOperator.connect(HttpClientConnectionOperator.java:123)
	... 46 more
... Removed 24 stack frames]]>
    </failure>
  </testcase> <!-- asReiverSearchOneOrderUsingOrderNumberTest -->
  <testcase name="asReiverSearchOneOrderUsingOrderNumberTest" time="0.0" classname="testcases.CBCS_105AsReiverSearchOneOrderUsingOrderNumber">
    <skipped/>
  </testcase> <!-- asReiverSearchOneOrderUsingOrderNumberTest -->
  <testcase name="asGraderICanChangeTierStatusToGradedTest" time="0.001" classname="testcases.CBCS_309AsGraderICanChangeTierStatusToGraded">
    <skipped/>
  </testcase> <!-- asGraderICanChangeTierStatusToGradedTest -->
  <testcase name="asFinalizerICanQualifyAComicTest" time="0.0" classname="testcases.CBCS_81AsFinalizerICanQualifyAComic">
    <skipped/>
  </testcase> <!-- asFinalizerICanQualifyAComicTest -->
  <testcase name="asSlabICanPrintLabelsOfAllComicBooksTest" time="0.0" classname="testcases.CBCS_308AsSlabICanPrintLabelsOfAllComicBooks">
    <skipped/>
  </testcase> <!-- asSlabICanPrintLabelsOfAllComicBooksTest -->
</testsuite> <!-- Test -->
