<!DOCTYPE html PUBLIC "-//W3C//DTD XHTML 1.1//EN" "http://www.w3.org/TR/xhtml11/DTD/xhtml11.dtd">
<html xmlns="http://www.w3.org/1999/xhtml"><head><title>TestNG Report</title><style type="text/css">table {margin-bottom:10px;border-collapse:collapse;empty-cells:show}th,td {border:1px solid #009;padding:.25em .5em}th {vertical-align:bottom}td {vertical-align:top}table a {font-weight:bold}.stripe td {background-color: #E6EBF9}.num {text-align:right}.passedodd td {background-color: #3F3}.passedeven td {background-color: #0A0}.skippedodd td {background-color: #DDD}.skippedeven td {background-color: #CCC}.failedodd td,.attn {background-color: #F33}.failedeven td,.stripe .attn {background-color: #D00}.stacktrace {white-space:pre;font-family:monospace}.totop {font-size:85%;text-align:center;border-bottom:2px solid #000}</style></head><body><table><tr><th>Test</th><th># Passed</th><th># Skipped</th><th># Failed</th><th>Time (ms)</th><th>Included Groups</th><th>Excluded Groups</th></tr><tr><th colspan="7">Suite</th></tr><tr><td><a href="#t0">Test</a></td><td class="num">17</td><td class="num">0</td><td class="num attn">6</td><td class="num">941,174</td><td></td><td></td></tr></table><table><thead><tr><th>Class</th><th>Method</th><th>Start</th><th>Time (ms)</th></tr></thead><tbody><tr><th colspan="4">Suite</th></tr></tbody><tbody id="t0"><tr><th colspan="4">Test &#8212; failed</th></tr><tr class="failedeven"><td rowspan="1">testcases.CBCS306_AsReceiverICanChangeOrderStatusToInSafe</td><td><a href="#m0">changeOrderStatusToInSafeTest</a></td><td rowspan="1">1418779538545</td><td rowspan="1">39143</td></tr><tr class="failedodd"><td rowspan="1">testcases.CBCS308_AsSlabICanPrintLabelsOfAllComicBooks</td><td><a href="#m1">asSlabICanPrintLabelsOfAllComicBooksTest</a></td><td rowspan="1">1418779788274</td><td rowspan="1">40042</td></tr><tr class="failedeven"><td rowspan="1">testcases.CBCS309_AsGraderICanChangeTierStatusToGraded</td><td><a href="#m2">asGraderICanChangeTierStatusToGradedTest</a></td><td rowspan="1">1418779580141</td><td rowspan="1">99921</td></tr><tr class="failedodd"><td rowspan="1">testcases.CBCS316_AsCustomerICanAddANewShippingAddress</td><td><a href="#m3">asCustomerICanAddANewShippingAddressTest</a></td><td rowspan="1">1418780024024</td><td rowspan="1">48840</td></tr><tr class="failedeven"><td rowspan="1">testcases.CBCS81_AsFinalizerICanQualifyAComic</td><td><a href="#m4">asFinalizerICanQualifyAComicTest</a></td><td rowspan="1">1418779682425</td><td rowspan="1">103467</td></tr><tr class="failedodd"><td rowspan="1">testcases.CBCS86_AsQCICanMarkATierLikeQCFinished</td><td><a href="#m5">asQCICanMarkATierLikeQCFinishedTest</a></td><td rowspan="1">1418779830638</td><td rowspan="1">15513</td></tr><tr><th colspan="4">Test &#8212; passed</th></tr><tr class="passedeven"><td rowspan="1">testcases.CBCS105_AsReiverSearchOneOrderUsingOrderNumber</td><td><a href="#m6">asReiverSearchOneOrderUsingOrderNumberTest</a></td><td rowspan="1">1418779866552</td><td rowspan="1">8482</td></tr><tr class="passedodd"><td rowspan="1">testcases.CBCS138_AsShippingICanChangeTierStatusToShipped</td><td><a href="#m7">changeTierStatusToShippedTest</a></td><td rowspan="1">1418779849485</td><td rowspan="1">13604</td></tr><tr class="passedeven"><td rowspan="1">testcases.CBCS183_ValidateExpandedConsumerTierRulesCorrectly</td><td><a href="#m8">validateExpandedConsumerTierRulesCorrectlyTest</a></td><td rowspan="1">1418780364179</td><td rowspan="1">56049</td></tr><tr class="passedodd"><td rowspan="1">testcases.CBCS214_AsCustomerICanAddACouponToTheaOrder</td><td><a href="#m9">asCustomerICanAddACouponToTheaOrderTest</a></td><td rowspan="1">1418780193623</td><td rowspan="1">58505</td></tr><tr class="passedeven"><td rowspan="1">testcases.CBCS305_ReceiverLogin</td><td><a href="#m10">receiverLoginTest</a></td><td rowspan="1">1418780131834</td><td rowspan="1">4931</td></tr><tr class="passedodd"><td rowspan="1">testcases.CBCS315_AsAdminICanDeleteAReceiver</td><td><a href="#m11">asAdminIMayDeleteAReceiverTest</a></td><td rowspan="1">1418779878397</td><td rowspan="1">48494</td></tr><tr class="passedeven"><td rowspan="1">testcases.CBCS316_AsCustomerICanCreateAOrder</td><td><a href="#m12">asCustomerICanCreateAOrderTest</a></td><td rowspan="1">1418779482167</td><td rowspan="1">53931</td></tr><tr class="passedodd"><td rowspan="1">testcases.CBCS316_AsCustomerICanSeeTheListOfAllMyOrders</td><td><a href="#m13">asCustomerICanSeeTheListOfAllMyOrdersTest</a></td><td rowspan="1">1418779953134</td><td rowspan="1">10742</td></tr><tr class="passedeven"><td rowspan="1">testcases.CBCS317_AsCustomerICanUseMyBillingAddressAsShippingAddress</td><td><a href="#m14">asCustomerICanUseMyBillingAddressAsShippingAddressTest</a></td><td rowspan="1">1418780172672</td><td rowspan="1">18698</td></tr><tr class="passedodd"><td rowspan="1">testcases.CBCS318_AsCustomerICanSeeTheCalendar</td><td><a href="#m15">asCustomerICanSeeEventsCalendarTest</a></td><td rowspan="1">1418780260429</td><td rowspan="1">10162</td></tr><tr class="passedeven"><td rowspan="1">testcases.CBCS77_AdminLogin</td><td><a href="#m16">adminLoginTest</a></td><td rowspan="1">1418780254384</td><td rowspan="1">3812</td></tr><tr class="passedodd"><td rowspan="1">testcases.CBCS80_AsCustomerICanAddANewBillingAddress</td><td><a href="#m17">asCustomerIMayAddANewBillingAddressTest</a></td><td rowspan="1">1418779929353</td><td rowspan="1">20407</td></tr><tr class="passedeven"><td rowspan="1">testcases.CBCS92_AsAdminICanCreateAReceiverUser</td><td><a href="#m18">asAdminIMayCreateAReceiverUserTest</a></td><td rowspan="1">1418780273944</td><td rowspan="1">8478</td></tr><tr class="passedodd"><td rowspan="1">testcases.CBCS_318AsCustomerICanDeleteABillingAddress</td><td><a href="#m19">asCustomerICanDeleteABillingAddressTest</a></td><td rowspan="1">1418780139078</td><td rowspan="1">29741</td></tr><tr class="passedeven"><td rowspan="1">testcases.CBCS_319AsCustomerICanEditABillingAddress</td><td><a href="#m20">asCustomerICanEditABillingAddressTest</a></td><td rowspan="1">1418780322266</td><td rowspan="1">39399</td></tr><tr class="passedodd"><td rowspan="1">testcases.CBCS_320AsCustomerICanSelectPickUpAtCBCSAsShipping</td><td><a href="#m21">asCustomerICanSelectPickUpAtCBCSAsShippingTest</a></td><td rowspan="1">1418780075186</td><td rowspan="1">54306</td></tr><tr class="passedeven"><td rowspan="1">testcases.CBCS_321AsCustomerICanSelectPickUpAtConvetionAsShipping</td><td><a href="#m22">asCustomerICanSelectPickUpAtConvetionAsShippingTest</a></td><td rowspan="1">1418779966147</td><td rowspan="1">54564</td></tr></tbody></table><h2>Test</h2><h3 id="m0">testcases.CBCS306_AsReceiverICanChangeOrderStatusToInSafe#changeOrderStatusToInSafeTest</h3><table class="result"><tr class="param"><th>Parameter #1</th><th>Parameter #2</th><th>Parameter #3</th><th>Parameter #4</th><th>Parameter #5</th><th>Parameter #6</th><th>Parameter #7</th><th>Parameter #8</th><th>Parameter #9</th><th>Parameter #10</th><th>Parameter #11</th></tr><tr class="param stripe"><td>lqreceiver</td><td>123</td><td>receiver</td><td>0002754-AA</td><td>3</td><td>1</td><td>3</td><td>9.4</td><td>White</td><td>In Safe</td><td>Receiver</td></tr><tr><th colspan="11">Exception</th></tr><tr><td colspan="11"><div class="stacktrace">org.openqa.selenium.NoSuchElementException: Unable to locate element: {&quot;method&quot;:&quot;xpath&quot;,&quot;selector&quot;:&quot;//td/span[text()=&apos;0002754-AA&apos;]/../../td/span[contains(.,&apos;In Safe&apos;)]&quot;}
Command duration or timeout: 30.07 seconds
For documentation on this error, please visit: http://seleniumhq.org/exceptions/no_such_element.html
Build info: version: &apos;2.41.0&apos;, revision: &apos;3192d8a6c4449dc285928ba024779344f5423c58&apos;, time: &apos;2014-03-27 11:29:39&apos;
System info: host: &apos;MININT-KA5C7LA&apos;, ip: &apos;169.254.76.222&apos;, os.name: &apos;Windows 7&apos;, os.arch: &apos;amd64&apos;, os.version: &apos;6.1&apos;, java.version: &apos;1.7.0_25&apos;
Session ID: dd7e44aa-131f-4e79-a202-d17dbc44bb58
Driver info: com.ts.commons.FirefoxDriver
Capabilities [{platform=XP, acceptSslCerts=true, javascriptEnabled=true, cssSelectorsEnabled=true, databaseEnabled=true, browserName=firefox, handlesAlerts=true, browserConnectionEnabled=true, webStorageEnabled=true, nativeEvents=false, rotatable=false, locationContextEnabled=true, applicationCacheEnabled=true, takesScreenshot=true, version=30.0}]
	at org.openqa.selenium.remote.ErrorHandler.createThrowable(ErrorHandler.java:193)
	at org.openqa.selenium.remote.ErrorHandler.throwIfResponseFailed(ErrorHandler.java:145)
	at org.openqa.selenium.remote.RemoteWebDriver.execute(RemoteWebDriver.java:595)
	at org.openqa.selenium.remote.RemoteWebDriver.findElement(RemoteWebDriver.java:348)
	at org.openqa.selenium.remote.RemoteWebDriver.findElementByXPath(RemoteWebDriver.java:445)
	at org.openqa.selenium.By$ByXPath.findElement(By.java:357)
	at org.openqa.selenium.remote.RemoteWebDriver.findElement(RemoteWebDriver.java:340)
	at utils.Utils$2.Validate(Utils.java:86)
	at com.ts.commons.TestCaseUtil.check(TestCaseUtil.java:71)
	at testcases.CBCS306_AsReceiverICanChangeOrderStatusToInSafe.changeOrderStatusToInSafeTest(CBCS306_AsReceiverICanChangeOrderStatusToInSafe.java:74)
Caused by: org.openqa.selenium.remote.ErrorHandler$UnknownServerException: Unable to locate element: {&quot;method&quot;:&quot;xpath&quot;,&quot;selector&quot;:&quot;//td/span[text()=&apos;0002754-AA&apos;]/../../td/span[contains(.,&apos;In Safe&apos;)]&quot;}
Build info: version: &apos;2.41.0&apos;, revision: &apos;3192d8a6c4449dc285928ba024779344f5423c58&apos;, time: &apos;2014-03-27 11:29:39&apos;
System info: host: &apos;MININT-KA5C7LA&apos;, ip: &apos;169.254.76.222&apos;, os.name: &apos;Windows 7&apos;, os.arch: &apos;amd64&apos;, os.version: &apos;6.1&apos;, java.version: &apos;1.7.0_25&apos;
Driver info: driver.version: unknown
	at &lt;anonymous class&gt;.FirefoxDriver.prototype.findElementInternal_(file:///C:/Users/Laur/AppData/Local/Temp/anonymous1220199972256237521webdriver-profile/extensions/fxdriver@googlecode.com/components/driver_component.js:8905:7)
	at &lt;anonymous class&gt;.fxdriver.Timer.prototype.setTimeout/&lt;.notify(file:///C:/Users/Laur/AppData/Local/Temp/anonymous1220199972256237521webdriver-profile/extensions/fxdriver@googlecode.com/components/driver_component.js:396:5)
... Removed 28 stack frames</div></td></tr></table><p class="totop"><a href="#summary">back to summary</a></p><h3 id="m1">testcases.CBCS308_AsSlabICanPrintLabelsOfAllComicBooks#asSlabICanPrintLabelsOfAllComicBooksTest</h3><table class="result"><tr class="param"><th>Parameter #1</th><th>Parameter #2</th><th>Parameter #3</th><th>Parameter #4</th><th>Parameter #5</th><th>Parameter #6</th><th>Parameter #7</th><th>Parameter #8</th><th>Parameter #9</th><th>Parameter #10</th><th>Parameter #11</th></tr><tr class="param stripe"><td>lqslab</td><td>123</td><td>slab</td><td>0002754-AA</td><td>3</td><td>1</td><td>1</td><td>9.4</td><td>White</td><td>Slab</td><td>Slab</td></tr><tr><th colspan="11">Exception</th></tr><tr><td colspan="11"><div class="stacktrace">org.openqa.selenium.NoSuchElementException: Unable to locate element: {&quot;method&quot;:&quot;xpath&quot;,&quot;selector&quot;:&quot;//td/span[text()=&apos;0002754-AA&apos;]/../../td/span[contains(.,&apos;Slab&apos;)]&quot;}
Command duration or timeout: 30.11 seconds
For documentation on this error, please visit: http://seleniumhq.org/exceptions/no_such_element.html
Build info: version: &apos;2.41.0&apos;, revision: &apos;3192d8a6c4449dc285928ba024779344f5423c58&apos;, time: &apos;2014-03-27 11:29:39&apos;
System info: host: &apos;MININT-KA5C7LA&apos;, ip: &apos;169.254.76.222&apos;, os.name: &apos;Windows 7&apos;, os.arch: &apos;amd64&apos;, os.version: &apos;6.1&apos;, java.version: &apos;1.7.0_25&apos;
Session ID: dc9abbe9-396a-47cb-8b1b-3b8d2cc9731e
Driver info: com.ts.commons.FirefoxDriver
Capabilities [{platform=XP, acceptSslCerts=true, javascriptEnabled=true, cssSelectorsEnabled=true, databaseEnabled=true, browserName=firefox, handlesAlerts=true, browserConnectionEnabled=true, webStorageEnabled=true, nativeEvents=false, rotatable=false, locationContextEnabled=true, applicationCacheEnabled=true, takesScreenshot=true, version=30.0}]
	at org.openqa.selenium.remote.ErrorHandler.createThrowable(ErrorHandler.java:193)
	at org.openqa.selenium.remote.ErrorHandler.throwIfResponseFailed(ErrorHandler.java:145)
	at org.openqa.selenium.remote.RemoteWebDriver.execute(RemoteWebDriver.java:595)
	at org.openqa.selenium.remote.RemoteWebDriver.findElement(RemoteWebDriver.java:348)
	at org.openqa.selenium.remote.RemoteWebDriver.findElementByXPath(RemoteWebDriver.java:445)
	at org.openqa.selenium.By$ByXPath.findElement(By.java:357)
	at org.openqa.selenium.remote.RemoteWebDriver.findElement(RemoteWebDriver.java:340)
	at utils.Utils$2.Validate(Utils.java:86)
	at com.ts.commons.TestCaseUtil.check(TestCaseUtil.java:71)
	at testcases.CBCS308_AsSlabICanPrintLabelsOfAllComicBooks.asSlabICanPrintLabelsOfAllComicBooksTest(CBCS308_AsSlabICanPrintLabelsOfAllComicBooks.java:89)
Caused by: org.openqa.selenium.remote.ErrorHandler$UnknownServerException: Unable to locate element: {&quot;method&quot;:&quot;xpath&quot;,&quot;selector&quot;:&quot;//td/span[text()=&apos;0002754-AA&apos;]/../../td/span[contains(.,&apos;Slab&apos;)]&quot;}
Build info: version: &apos;2.41.0&apos;, revision: &apos;3192d8a6c4449dc285928ba024779344f5423c58&apos;, time: &apos;2014-03-27 11:29:39&apos;
System info: host: &apos;MININT-KA5C7LA&apos;, ip: &apos;169.254.76.222&apos;, os.name: &apos;Windows 7&apos;, os.arch: &apos;amd64&apos;, os.version: &apos;6.1&apos;, java.version: &apos;1.7.0_25&apos;
Driver info: driver.version: unknown
	at &lt;anonymous class&gt;.FirefoxDriver.prototype.findElementInternal_(file:///C:/Users/Laur/AppData/Local/Temp/anonymous696684438852070015webdriver-profile/extensions/fxdriver@googlecode.com/components/driver_component.js:8905:7)
	at &lt;anonymous class&gt;.fxdriver.Timer.prototype.setTimeout/&lt;.notify(file:///C:/Users/Laur/AppData/Local/Temp/anonymous696684438852070015webdriver-profile/extensions/fxdriver@googlecode.com/components/driver_component.js:396:5)
... Removed 28 stack frames</div></td></tr></table><p class="totop"><a href="#summary">back to summary</a></p><h3 id="m2">testcases.CBCS309_AsGraderICanChangeTierStatusToGraded#asGraderICanChangeTierStatusToGradedTest</h3><table class="result"><tr class="param"><th>Parameter #1</th><th>Parameter #2</th><th>Parameter #3</th><th>Parameter #4</th><th>Parameter #5</th><th>Parameter #6</th><th>Parameter #7</th><th>Parameter #8</th><th>Parameter #9</th><th>Parameter #10</th><th>Parameter #11</th></tr><tr class="param stripe"><td>lqgrader</td><td>123</td><td>grader</td><td>0002754-AA</td><td>3</td><td>1</td><td>1</td><td>7.5</td><td>White</td><td>Graded</td><td>Grader</td></tr><tr><th colspan="11">Exception</th></tr><tr><td colspan="11"><div class="stacktrace">org.openqa.selenium.NoSuchElementException: Unable to locate element: {&quot;method&quot;:&quot;xpath&quot;,&quot;selector&quot;:&quot;//td/span[text()=&apos;0002754-AA&apos;]/../../td/span[contains(.,&apos;Graded&apos;)]&quot;}
Command duration or timeout: 30.08 seconds
For documentation on this error, please visit: http://seleniumhq.org/exceptions/no_such_element.html
Build info: version: &apos;2.41.0&apos;, revision: &apos;3192d8a6c4449dc285928ba024779344f5423c58&apos;, time: &apos;2014-03-27 11:29:39&apos;
System info: host: &apos;MININT-KA5C7LA&apos;, ip: &apos;169.254.76.222&apos;, os.name: &apos;Windows 7&apos;, os.arch: &apos;amd64&apos;, os.version: &apos;6.1&apos;, java.version: &apos;1.7.0_25&apos;
Session ID: 2a9e85bf-d324-4b40-a026-0d5ae4a3b87b
Driver info: com.ts.commons.FirefoxDriver
Capabilities [{platform=XP, acceptSslCerts=true, javascriptEnabled=true, cssSelectorsEnabled=true, databaseEnabled=true, browserName=firefox, handlesAlerts=true, browserConnectionEnabled=true, webStorageEnabled=true, nativeEvents=false, rotatable=false, locationContextEnabled=true, applicationCacheEnabled=true, takesScreenshot=true, version=30.0}]
	at org.openqa.selenium.remote.ErrorHandler.createThrowable(ErrorHandler.java:193)
	at org.openqa.selenium.remote.ErrorHandler.throwIfResponseFailed(ErrorHandler.java:145)
	at org.openqa.selenium.remote.RemoteWebDriver.execute(RemoteWebDriver.java:595)
	at org.openqa.selenium.remote.RemoteWebDriver.findElement(RemoteWebDriver.java:348)
	at org.openqa.selenium.remote.RemoteWebDriver.findElementByXPath(RemoteWebDriver.java:445)
	at org.openqa.selenium.By$ByXPath.findElement(By.java:357)
	at org.openqa.selenium.remote.RemoteWebDriver.findElement(RemoteWebDriver.java:340)
	at utils.Utils$2.Validate(Utils.java:86)
	at com.ts.commons.TestCaseUtil.check(TestCaseUtil.java:71)
	at testcases.CBCS309_AsGraderICanChangeTierStatusToGraded.asGraderICanChangeTierStatusToGradedTest(CBCS309_AsGraderICanChangeTierStatusToGraded.java:133)
Caused by: org.openqa.selenium.remote.ErrorHandler$UnknownServerException: Unable to locate element: {&quot;method&quot;:&quot;xpath&quot;,&quot;selector&quot;:&quot;//td/span[text()=&apos;0002754-AA&apos;]/../../td/span[contains(.,&apos;Graded&apos;)]&quot;}
Build info: version: &apos;2.41.0&apos;, revision: &apos;3192d8a6c4449dc285928ba024779344f5423c58&apos;, time: &apos;2014-03-27 11:29:39&apos;
System info: host: &apos;MININT-KA5C7LA&apos;, ip: &apos;169.254.76.222&apos;, os.name: &apos;Windows 7&apos;, os.arch: &apos;amd64&apos;, os.version: &apos;6.1&apos;, java.version: &apos;1.7.0_25&apos;
Driver info: driver.version: unknown
	at &lt;anonymous class&gt;.FirefoxDriver.prototype.findElementInternal_(file:///C:/Users/Laur/AppData/Local/Temp/anonymous6236478822604126635webdriver-profile/extensions/fxdriver@googlecode.com/components/driver_component.js:8905:7)
	at &lt;anonymous class&gt;.fxdriver.Timer.prototype.setTimeout/&lt;.notify(file:///C:/Users/Laur/AppData/Local/Temp/anonymous6236478822604126635webdriver-profile/extensions/fxdriver@googlecode.com/components/driver_component.js:396:5)
... Removed 28 stack frames</div></td></tr></table><p class="totop"><a href="#summary">back to summary</a></p><h3 id="m3">testcases.CBCS316_AsCustomerICanAddANewShippingAddress#asCustomerICanAddANewShippingAddressTest</h3><table class="result"><tr class="param"><th>Parameter #1</th><th>Parameter #2</th></tr><tr class="param stripe"><td>lquesada@testingsoft.com</td><td>QAtest2014</td></tr><tr><th colspan="2">Exception</th></tr><tr><td colspan="2"><div class="stacktrace">org.openqa.selenium.StaleElementReferenceException: Element not found in the cache - perhaps the page has changed since it was looked up
Command duration or timeout: 30.12 seconds
For documentation on this error, please visit: http://seleniumhq.org/exceptions/stale_element_reference.html
Build info: version: &apos;2.41.0&apos;, revision: &apos;3192d8a6c4449dc285928ba024779344f5423c58&apos;, time: &apos;2014-03-27 11:29:39&apos;
System info: host: &apos;MININT-KA5C7LA&apos;, ip: &apos;169.254.76.222&apos;, os.name: &apos;Windows 7&apos;, os.arch: &apos;amd64&apos;, os.version: &apos;6.1&apos;, java.version: &apos;1.7.0_25&apos;
Session ID: 52abe2af-6738-449e-b970-e4fa1f435f9f
Driver info: com.ts.commons.FirefoxDriver
Capabilities [{platform=XP, acceptSslCerts=true, javascriptEnabled=true, cssSelectorsEnabled=true, databaseEnabled=true, browserName=firefox, handlesAlerts=true, browserConnectionEnabled=true, webStorageEnabled=true, nativeEvents=false, rotatable=false, locationContextEnabled=true, applicationCacheEnabled=true, takesScreenshot=true, version=30.0}]
	at org.openqa.selenium.remote.ErrorHandler.createThrowable(ErrorHandler.java:193)
	at org.openqa.selenium.remote.ErrorHandler.throwIfResponseFailed(ErrorHandler.java:145)
	at org.openqa.selenium.remote.RemoteWebDriver.execute(RemoteWebDriver.java:595)
	at org.openqa.selenium.remote.RemoteWebElement.execute(RemoteWebElement.java:268)
	at org.openqa.selenium.remote.RemoteWebElement.getText(RemoteWebElement.java:152)
	at pages.AddressesInformationCustomerPage.isTextPresentInShippingAddress(AddressesInformationCustomerPage.java:376)
	at pages.AddressesInformationCustomerPage$5.Validate(AddressesInformationCustomerPage.java:421)
	at com.ts.commons.TestCaseUtil.check(TestCaseUtil.java:71)
	at testcases.CBCS316_AsCustomerICanAddANewShippingAddress.asCustomerICanAddANewShippingAddressTest(CBCS316_AsCustomerICanAddANewShippingAddress.java:104)
Caused by: org.openqa.selenium.remote.ErrorHandler$UnknownServerException: Element not found in the cache - perhaps the page has changed since it was looked up
Build info: version: &apos;2.41.0&apos;, revision: &apos;3192d8a6c4449dc285928ba024779344f5423c58&apos;, time: &apos;2014-03-27 11:29:39&apos;
System info: host: &apos;MININT-KA5C7LA&apos;, ip: &apos;169.254.76.222&apos;, os.name: &apos;Windows 7&apos;, os.arch: &apos;amd64&apos;, os.version: &apos;6.1&apos;, java.version: &apos;1.7.0_25&apos;
Driver info: driver.version: unknown
	at &lt;anonymous class&gt;.fxdriver.cache.getElementAt(resource://fxdriver/modules/web_element_cache.js:7610:5)
	at &lt;anonymous class&gt;.Utils.getElementAt(file:///C:/Users/Laur/AppData/Local/Temp/anonymous3921029865329728316webdriver-profile/extensions/fxdriver@googlecode.com/components/command_processor.js:7210:3)
	at &lt;anonymous class&gt;.WebElement.getElementText(file:///C:/Users/Laur/AppData/Local/Temp/anonymous3921029865329728316webdriver-profile/extensions/fxdriver@googlecode.com/components/command_processor.js:10322:1)
	at &lt;anonymous class&gt;.DelayedCommand.prototype.executeInternal_/h(file:///C:/Users/Laur/AppData/Local/Temp/anonymous3921029865329728316webdriver-profile/extensions/fxdriver@googlecode.com/components/command_processor.js:10884:11)
	at &lt;anonymous class&gt;.fxdriver.Timer.prototype.setTimeout/&lt;.notify(file:///C:/Users/Laur/AppData/Local/Temp/anonymous3921029865329728316webdriver-profile/extensions/fxdriver@googlecode.com/components/command_processor.js:396:5)
... Removed 28 stack frames</div></td></tr></table><p class="totop"><a href="#summary">back to summary</a></p><h3 id="m4">testcases.CBCS81_AsFinalizerICanQualifyAComic#asFinalizerICanQualifyAComicTest</h3><table class="result"><tr class="param"><th>Parameter #1</th><th>Parameter #2</th><th>Parameter #3</th><th>Parameter #4</th><th>Parameter #5</th><th>Parameter #6</th><th>Parameter #7</th><th>Parameter #8</th><th>Parameter #9</th><th>Parameter #10</th><th>Parameter #11</th></tr><tr class="param stripe"><td>lqfinalizer</td><td>123</td><td>finalizer</td><td>0002754-AA</td><td>3</td><td>1</td><td>1</td><td>9.4</td><td>White</td><td>Finalized</td><td>Finalizer</td></tr><tr><th colspan="11">Exception</th></tr><tr><td colspan="11"><div class="stacktrace">org.openqa.selenium.NoSuchElementException: Unable to locate element: {&quot;method&quot;:&quot;xpath&quot;,&quot;selector&quot;:&quot;//td/span[text()=&apos;0002754-AA&apos;]/../../td/span[contains(.,&apos;Finalized&apos;)]&quot;}
Command duration or timeout: 30.07 seconds
For documentation on this error, please visit: http://seleniumhq.org/exceptions/no_such_element.html
Build info: version: &apos;2.41.0&apos;, revision: &apos;3192d8a6c4449dc285928ba024779344f5423c58&apos;, time: &apos;2014-03-27 11:29:39&apos;
System info: host: &apos;MININT-KA5C7LA&apos;, ip: &apos;169.254.76.222&apos;, os.name: &apos;Windows 7&apos;, os.arch: &apos;amd64&apos;, os.version: &apos;6.1&apos;, java.version: &apos;1.7.0_25&apos;
Session ID: a739c3aa-8a49-4929-9a3a-96d874103a0b
Driver info: com.ts.commons.FirefoxDriver
Capabilities [{platform=XP, acceptSslCerts=true, javascriptEnabled=true, cssSelectorsEnabled=true, databaseEnabled=true, browserName=firefox, handlesAlerts=true, browserConnectionEnabled=true, webStorageEnabled=true, nativeEvents=false, rotatable=false, locationContextEnabled=true, applicationCacheEnabled=true, takesScreenshot=true, version=30.0}]
	at org.openqa.selenium.remote.ErrorHandler.createThrowable(ErrorHandler.java:193)
	at org.openqa.selenium.remote.ErrorHandler.throwIfResponseFailed(ErrorHandler.java:145)
	at org.openqa.selenium.remote.RemoteWebDriver.execute(RemoteWebDriver.java:595)
	at org.openqa.selenium.remote.RemoteWebDriver.findElement(RemoteWebDriver.java:348)
	at org.openqa.selenium.remote.RemoteWebDriver.findElementByXPath(RemoteWebDriver.java:445)
	at org.openqa.selenium.By$ByXPath.findElement(By.java:357)
	at org.openqa.selenium.remote.RemoteWebDriver.findElement(RemoteWebDriver.java:340)
	at utils.Utils$2.Validate(Utils.java:86)
	at com.ts.commons.TestCaseUtil.check(TestCaseUtil.java:71)
	at testcases.CBCS81_AsFinalizerICanQualifyAComic.asFinalizerICanQualifyAComicTest(CBCS81_AsFinalizerICanQualifyAComic.java:127)
Caused by: org.openqa.selenium.remote.ErrorHandler$UnknownServerException: Unable to locate element: {&quot;method&quot;:&quot;xpath&quot;,&quot;selector&quot;:&quot;//td/span[text()=&apos;0002754-AA&apos;]/../../td/span[contains(.,&apos;Finalized&apos;)]&quot;}
Build info: version: &apos;2.41.0&apos;, revision: &apos;3192d8a6c4449dc285928ba024779344f5423c58&apos;, time: &apos;2014-03-27 11:29:39&apos;
System info: host: &apos;MININT-KA5C7LA&apos;, ip: &apos;169.254.76.222&apos;, os.name: &apos;Windows 7&apos;, os.arch: &apos;amd64&apos;, os.version: &apos;6.1&apos;, java.version: &apos;1.7.0_25&apos;
Driver info: driver.version: unknown
	at &lt;anonymous class&gt;.FirefoxDriver.prototype.findElementInternal_(file:///C:/Users/Laur/AppData/Local/Temp/anonymous1385365678988963347webdriver-profile/extensions/fxdriver@googlecode.com/components/driver_component.js:8905:7)
	at &lt;anonymous class&gt;.fxdriver.Timer.prototype.setTimeout/&lt;.notify(file:///C:/Users/Laur/AppData/Local/Temp/anonymous1385365678988963347webdriver-profile/extensions/fxdriver@googlecode.com/components/driver_component.js:396:5)
... Removed 28 stack frames</div></td></tr></table><p class="totop"><a href="#summary">back to summary</a></p><h3 id="m5">testcases.CBCS86_AsQCICanMarkATierLikeQCFinished#asQCICanMarkATierLikeQCFinishedTest</h3><table class="result"><tr class="param"><th>Parameter #1</th><th>Parameter #2</th><th>Parameter #3</th><th>Parameter #4</th><th>Parameter #5</th><th>Parameter #6</th><th>Parameter #7</th><th>Parameter #8</th><th>Parameter #9</th><th>Parameter #10</th><th>Parameter #11</th></tr><tr class="param stripe"><td>lqqc</td><td>123</td><td>qc</td><td>0002754-AA</td><td>3</td><td>1</td><td>1</td><td>9.4</td><td>White</td><td>QC</td><td>QC</td></tr><tr><th colspan="11">Exception</th></tr><tr><td colspan="11"><div class="stacktrace">org.openqa.selenium.ElementNotVisibleException: Element is not currently visible and so may not be interacted with
Command duration or timeout: 5.06 seconds
Build info: version: &apos;2.41.0&apos;, revision: &apos;3192d8a6c4449dc285928ba024779344f5423c58&apos;, time: &apos;2014-03-27 11:29:39&apos;
System info: host: &apos;MININT-KA5C7LA&apos;, ip: &apos;169.254.76.222&apos;, os.name: &apos;Windows 7&apos;, os.arch: &apos;amd64&apos;, os.version: &apos;6.1&apos;, java.version: &apos;1.7.0_25&apos;
Session ID: ee7bdb67-983a-4d9f-bf37-e024a680f84e
Driver info: com.ts.commons.FirefoxDriver
Capabilities [{platform=XP, acceptSslCerts=true, javascriptEnabled=true, cssSelectorsEnabled=true, databaseEnabled=true, browserName=firefox, handlesAlerts=true, browserConnectionEnabled=true, webStorageEnabled=true, nativeEvents=false, rotatable=false, locationContextEnabled=true, applicationCacheEnabled=true, takesScreenshot=true, version=30.0}]
	at org.openqa.selenium.remote.ErrorHandler.createThrowable(ErrorHandler.java:193)
	at org.openqa.selenium.remote.ErrorHandler.throwIfResponseFailed(ErrorHandler.java:145)
	at org.openqa.selenium.remote.RemoteWebDriver.execute(RemoteWebDriver.java:595)
	at org.openqa.selenium.remote.RemoteWebElement.execute(RemoteWebElement.java:268)
	at org.openqa.selenium.remote.RemoteWebElement.click(RemoteWebElement.java:79)
	at org.openqa.selenium.support.pagefactory.internal.LocatingElementHandler.invoke(LocatingElementHandler.java:41)
	at com.sun.proxy.$Proxy10.click(Unknown Source)
	at pages.TierDetailsQCPage.clickQCFinishedCheckbox(TierDetailsQCPage.java:41)
	at testcases.CBCS86_AsQCICanMarkATierLikeQCFinished.asQCICanMarkATierLikeQCFinishedTest(CBCS86_AsQCICanMarkATierLikeQCFinished.java:83)
Caused by: org.openqa.selenium.remote.ErrorHandler$UnknownServerException: Element is not currently visible and so may not be interacted with
Build info: version: &apos;2.41.0&apos;, revision: &apos;3192d8a6c4449dc285928ba024779344f5423c58&apos;, time: &apos;2014-03-27 11:29:39&apos;
System info: host: &apos;MININT-KA5C7LA&apos;, ip: &apos;169.254.76.222&apos;, os.name: &apos;Windows 7&apos;, os.arch: &apos;amd64&apos;, os.version: &apos;6.1&apos;, java.version: &apos;1.7.0_25&apos;
Driver info: driver.version: unknown
	at &lt;anonymous class&gt;.fxdriver.preconditions.visible(file:///C:/Users/Laur/AppData/Local/Temp/anonymous8609106500083775333webdriver-profile/extensions/fxdriver@googlecode.com/components/command_processor.js:8225:5)
	at &lt;anonymous class&gt;.DelayedCommand.prototype.checkPreconditions_(file:///C:/Users/Laur/AppData/Local/Temp/anonymous8609106500083775333webdriver-profile/extensions/fxdriver@googlecode.com/components/command_processor.js:10867:1)
	at &lt;anonymous class&gt;.DelayedCommand.prototype.executeInternal_/h(file:///C:/Users/Laur/AppData/Local/Temp/anonymous8609106500083775333webdriver-profile/extensions/fxdriver@googlecode.com/components/command_processor.js:10884:11)
	at &lt;anonymous class&gt;.fxdriver.Timer.prototype.setTimeout/&lt;.notify(file:///C:/Users/Laur/AppData/Local/Temp/anonymous8609106500083775333webdriver-profile/extensions/fxdriver@googlecode.com/components/command_processor.js:396:5)
... Removed 31 stack frames</div></td></tr></table><p class="totop"><a href="#summary">back to summary</a></p><h3 id="m6">testcases.CBCS105_AsReiverSearchOneOrderUsingOrderNumber#asReiverSearchOneOrderUsingOrderNumberTest</h3><table class="result"><tr class="param"><th>Parameter #1</th><th>Parameter #2</th><th>Parameter #3</th><th>Parameter #4</th><th>Parameter #5</th><th>Parameter #6</th><th>Parameter #7</th><th>Parameter #8</th><th>Parameter #9</th><th>Parameter #10</th><th>Parameter #11</th></tr><tr class="param stripe"><td>lqreceiver</td><td>123</td><td>receiver</td><td>0002759-AA</td><td>3</td><td>1</td><td>3</td><td>9.4</td><td>White</td><td>In Safe</td><td>Receiver</td></tr></table><p class="totop"><a href="#summary">back to summary</a></p><h3 id="m7">testcases.CBCS138_AsShippingICanChangeTierStatusToShipped#changeTierStatusToShippedTest</h3><table class="result"><tr class="param"><th>Parameter #1</th><th>Parameter #2</th><th>Parameter #3</th><th>Parameter #4</th><th>Parameter #5</th><th>Parameter #6</th><th>Parameter #7</th><th>Parameter #8</th><th>Parameter #9</th><th>Parameter #10</th><th>Parameter #11</th><th>Parameter #12</th></tr><tr class="param stripe"><td>lqshipping</td><td>123</td><td>shipping</td><td>0002754-AA</td><td>3</td><td>1</td><td>1</td><td>9.4</td><td>White</td><td>Shipped</td><td>777</td><td>Shipping</td></tr></table><p class="totop"><a href="#summary">back to summary</a></p><h3 id="m8">testcases.CBCS183_ValidateExpandedConsumerTierRulesCorrectly#validateExpandedConsumerTierRulesCorrectlyTest</h3><table class="result"><tr class="param"><th>Parameter #1</th><th>Parameter #2</th><th>Parameter #3</th><th>Parameter #4</th><th>Parameter #5</th><th>Parameter #6</th><th>Parameter #7</th><th>Parameter #8</th><th>Parameter #9</th><th>Parameter #10</th><th>Parameter #11</th><th>Parameter #12</th><th>Parameter #13</th><th>Parameter #14</th><th>Parameter #15</th><th>Parameter #16</th><th>Parameter #17</th><th>Parameter #18</th></tr><tr class="param stripe"><td>lquesada@testingsoft.com</td><td>QAtest2014</td><td>1</td><td>50</td><td>Aurora Copy</td><td>Expanded Consumer (Pre-1969) $22. Value up to $250</td><td>29</td><td>1968</td><td>8.0</td><td>250</td><td>USD $8.00</td><td>USD $30.00</td><td>USD $4.00</td><td>USD $64.00</td><td>chkBilling0</td><td>address0</td><td>FEDEX</td><td>Credit Card</td></tr></table><p class="totop"><a href="#summary">back to summary</a></p><h3 id="m9">testcases.CBCS214_AsCustomerICanAddACouponToTheaOrder#asCustomerICanAddACouponToTheaOrderTest</h3><table class="result"><tr class="param"><th>Parameter #1</th><th>Parameter #2</th><th>Parameter #3</th><th>Parameter #4</th><th>Parameter #5</th><th>Parameter #6</th><th>Parameter #7</th><th>Parameter #8</th><th>Parameter #9</th><th>Parameter #10</th></tr><tr class="param stripe"><td>lquesada@testingsoft.com</td><td>QAtest2014</td><td>3</td><td>50</td><td>Aurora Copy</td><td>Consumer $29. Value up to $400</td><td>chkBilling0</td><td>address0</td><td>FEDEX</td><td>Credit Card</td></tr></table><p class="totop"><a href="#summary">back to summary</a></p><h3 id="m10">testcases.CBCS305_ReceiverLogin#receiverLoginTest</h3><table class="result"><tr class="param"><th>Parameter #1</th><th>Parameter #2</th><th>Parameter #3</th><th>Parameter #4</th><th>Parameter #5</th><th>Parameter #6</th><th>Parameter #7</th><th>Parameter #8</th><th>Parameter #9</th><th>Parameter #10</th><th>Parameter #11</th></tr><tr class="param stripe"><td>lqreceiver</td><td>123</td><td>receiver</td><td>0002754-AA</td><td>3</td><td>1</td><td>3</td><td>9.4</td><td>White</td><td>In Safe</td><td>Receiver</td></tr></table><p class="totop"><a href="#summary">back to summary</a></p><h3 id="m11">testcases.CBCS315_AsAdminICanDeleteAReceiver#asAdminIMayDeleteAReceiverTest</h3><table class="result"><tr class="param"><th>Parameter #1</th><th>Parameter #2</th><th>Parameter #3</th><th>Parameter #4</th></tr><tr class="param stripe"><td>lqadmin</td><td>123</td><td>admin</td><td>Receiver</td></tr></table><p class="totop"><a href="#summary">back to summary</a></p><h3 id="m12">testcases.CBCS316_AsCustomerICanCreateAOrder#asCustomerICanCreateAOrderTest</h3><table class="result"><tr class="param"><th>Parameter #1</th><th>Parameter #2</th><th>Parameter #3</th><th>Parameter #4</th><th>Parameter #5</th><th>Parameter #6</th><th>Parameter #7</th><th>Parameter #8</th><th>Parameter #9</th><th>Parameter #10</th></tr><tr class="param stripe"><td>lquesada@testingsoft.com</td><td>QAtest2014</td><td>3</td><td>50</td><td>Aurora Copy</td><td>Consumer $29. Value up to $400</td><td>chkBilling0</td><td>address0</td><td>FEDEX</td><td>Credit Card</td></tr></table><p class="totop"><a href="#summary">back to summary</a></p><h3 id="m13">testcases.CBCS316_AsCustomerICanSeeTheListOfAllMyOrders#asCustomerICanSeeTheListOfAllMyOrdersTest</h3><table class="result"><tr class="param"><th>Parameter #1</th><th>Parameter #2</th></tr><tr class="param stripe"><td>lquesada@testingsoft.com</td><td>QAtest2014</td></tr></table><p class="totop"><a href="#summary">back to summary</a></p><h3 id="m14">testcases.CBCS317_AsCustomerICanUseMyBillingAddressAsShippingAddress#asCustomerICanUseMyBillingAddressAsShippingAddressTest</h3><table class="result"><tr class="param"><th>Parameter #1</th><th>Parameter #2</th></tr><tr class="param stripe"><td>lquesada@testingsoft.com</td><td>QAtest2014</td></tr></table><p class="totop"><a href="#summary">back to summary</a></p><h3 id="m15">testcases.CBCS318_AsCustomerICanSeeTheCalendar#asCustomerICanSeeEventsCalendarTest</h3><table class="result"><tr class="param"><th>Parameter #1</th><th>Parameter #2</th></tr><tr class="param stripe"><td>lquesada@testingsoft.com</td><td>QAtest2014</td></tr></table><p class="totop"><a href="#summary">back to summary</a></p><h3 id="m16">testcases.CBCS77_AdminLogin#adminLoginTest</h3><table class="result"><tr class="param"><th>Parameter #1</th><th>Parameter #2</th><th>Parameter #3</th></tr><tr class="param stripe"><td>lqadmin</td><td>123</td><td>admin</td></tr></table><p class="totop"><a href="#summary">back to summary</a></p><h3 id="m17">testcases.CBCS80_AsCustomerICanAddANewBillingAddress#asCustomerIMayAddANewBillingAddressTest</h3><table class="result"><tr class="param"><th>Parameter #1</th><th>Parameter #2</th></tr><tr class="param stripe"><td>lquesada@testingsoft.com</td><td>QAtest2014</td></tr></table><p class="totop"><a href="#summary">back to summary</a></p><h3 id="m18">testcases.CBCS92_AsAdminICanCreateAReceiverUser#asAdminIMayCreateAReceiverUserTest</h3><table class="result"><tr class="param"><th>Parameter #1</th><th>Parameter #2</th><th>Parameter #3</th><th>Parameter #4</th></tr><tr class="param stripe"><td>lqadmin</td><td>123</td><td>admin</td><td>Receiver</td></tr></table><p class="totop"><a href="#summary">back to summary</a></p><h3 id="m19">testcases.CBCS_318AsCustomerICanDeleteABillingAddress#asCustomerICanDeleteABillingAddressTest</h3><table class="result"><tr class="param"><th>Parameter #1</th><th>Parameter #2</th></tr><tr class="param stripe"><td>lquesada@testingsoft.com</td><td>QAtest2014</td></tr></table><p class="totop"><a href="#summary">back to summary</a></p><h3 id="m20">testcases.CBCS_319AsCustomerICanEditABillingAddress#asCustomerICanEditABillingAddressTest</h3><table class="result"><tr class="param"><th>Parameter #1</th><th>Parameter #2</th></tr><tr class="param stripe"><td>lquesada@testingsoft.com</td><td>QAtest2014</td></tr></table><p class="totop"><a href="#summary">back to summary</a></p><h3 id="m21">testcases.CBCS_320AsCustomerICanSelectPickUpAtCBCSAsShipping#asCustomerICanSelectPickUpAtCBCSAsShippingTest</h3><table class="result"><tr class="param"><th>Parameter #1</th><th>Parameter #2</th><th>Parameter #3</th><th>Parameter #4</th><th>Parameter #5</th><th>Parameter #6</th><th>Parameter #7</th><th>Parameter #8</th><th>Parameter #9</th><th>Parameter #10</th></tr><tr class="param stripe"><td>lquesada@testingsoft.com</td><td>QAtest2014</td><td>3</td><td>50</td><td>Aurora Copy</td><td>Consumer $29. Value up to $400</td><td>chkBilling0</td><td>address0</td><td>FEDEX</td><td>Credit Card</td></tr></table><p class="totop"><a href="#summary">back to summary</a></p><h3 id="m22">testcases.CBCS_321AsCustomerICanSelectPickUpAtConvetionAsShipping#asCustomerICanSelectPickUpAtConvetionAsShippingTest</h3><table class="result"><tr class="param"><th>Parameter #1</th><th>Parameter #2</th><th>Parameter #3</th><th>Parameter #4</th><th>Parameter #5</th><th>Parameter #6</th><th>Parameter #7</th><th>Parameter #8</th><th>Parameter #9</th><th>Parameter #10</th></tr><tr class="param stripe"><td>lquesada@testingsoft.com</td><td>QAtest2014</td><td>3</td><td>T&amp;T</td><td>Aurora Copy</td><td>Consumer $29. Value up to $400</td><td>chkBilling0</td><td>address0</td><td>FEDEX</td><td>Credit Card</td></tr></table><p class="totop"><a href="#summary">back to summary</a></p></body></html>