<?xml version="1.0" encoding="UTF-8"?>
<testng-results skipped="0" failed="6" total="23" passed="17">
  <reporter-output>
  </reporter-output>
  <suite name="Suite" duration-ms="941174" started-at="2014-12-17T01:24:39Z" finished-at="2014-12-17T01:40:20Z">
    <groups>
    </groups>
    <test name="Test" duration-ms="941174" started-at="2014-12-17T01:24:39Z" finished-at="2014-12-17T01:40:20Z">
      <class name="testcases.CBCS80_AsCustomerICanAddANewBillingAddress">
        <test-method status="PASS" signature="setup()[pri:0, instance:testcases.CBCS80_AsCustomerICanAddANewBillingAddress@7038ce7b]" name="setup" is-config="true" duration-ms="2172" started-at="2014-12-16T19:32:07Z" finished-at="2014-12-16T19:32:09Z">
          <reporter-output>
          </reporter-output>
        </test-method> <!-- setup -->
        <test-method status="PASS" signature="asCustomerIMayAddANewBillingAddressTest(java.lang.String, java.lang.String)[pri:0, instance:testcases.CBCS80_AsCustomerICanAddANewBillingAddress@7038ce7b]" name="asCustomerIMayAddANewBillingAddressTest" duration-ms="20407" started-at="2014-12-16T19:32:09Z" data-provider="data" finished-at="2014-12-16T19:32:29Z">
          <params>
            <param index="0">
              <value>
                <![CDATA[lquesada@testingsoft.com]]>
              </value>
            </param>
            <param index="1">
              <value>
                <![CDATA[QAtest2014]]>
              </value>
            </param>
          </params>
          <reporter-output>
          </reporter-output>
        </test-method> <!-- asCustomerIMayAddANewBillingAddressTest -->
        <test-method status="PASS" signature="close()[pri:0, instance:testcases.CBCS80_AsCustomerICanAddANewBillingAddress@7038ce7b]" name="close" is-config="true" duration-ms="180" started-at="2014-12-16T19:32:29Z" finished-at="2014-12-16T19:32:29Z">
          <reporter-output>
          </reporter-output>
        </test-method> <!-- close -->
        <test-method status="PASS" signature="validateTestStandar(org.testng.ITestResult)[pri:0, instance:testcases.CBCS80_AsCustomerICanAddANewBillingAddress@7038ce7b]" name="validateTestStandar" is-config="true" duration-ms="0" started-at="2014-12-16T19:32:29Z" finished-at="2014-12-16T19:32:29Z">
          <params>
            <param index="0">
              <value>
                <![CDATA[[TestResult name=asCustomerIMayAddANewBillingAddressTest status=SUCCESS method=CBCS80_AsCustomerICanAddANewBillingAddress.asCustomerIMayAddANewBillingAddressTest(java.lang.String, java.lang.String)[pri:0, instance:testcases.CBCS80_AsCustomerICanAddANewBillingAddress@7038ce7b] output={null}]]]>
              </value>
            </param>
          </params>
          <reporter-output>
          </reporter-output>
        </test-method> <!-- validateTestStandar -->
      </class> <!-- testcases.CBCS80_AsCustomerICanAddANewBillingAddress -->
      <class name="testcases.CBCS316_AsCustomerICanCreateAOrder">
        <test-method status="PASS" signature="setup()[pri:0, instance:testcases.CBCS316_AsCustomerICanCreateAOrder@5dd72c40]" name="setup" is-config="true" duration-ms="2833" started-at="2014-12-16T19:24:39Z" finished-at="2014-12-16T19:24:42Z">
          <reporter-output>
          </reporter-output>
        </test-method> <!-- setup -->
        <test-method status="PASS" signature="asCustomerICanCreateAOrderTest(java.lang.String, java.lang.String, java.lang.String, java.lang.String, java.lang.String, java.lang.String, java.lang.String, java.lang.String, java.lang.String, java.lang.String)[pri:0, instance:testcases.CBCS316_AsCustomerICanCreateAOrder@5dd72c40]" name="asCustomerICanCreateAOrderTest" duration-ms="53931" started-at="2014-12-16T19:24:42Z" data-provider="data" finished-at="2014-12-16T19:25:36Z">
          <params>
            <param index="0">
              <value>
                <![CDATA[lquesada@testingsoft.com]]>
              </value>
            </param>
            <param index="1">
              <value>
                <![CDATA[QAtest2014]]>
              </value>
            </param>
            <param index="2">
              <value>
                <![CDATA[3]]>
              </value>
            </param>
            <param index="3">
              <value>
                <![CDATA[50]]>
              </value>
            </param>
            <param index="4">
              <value>
                <![CDATA[Aurora Copy]]>
              </value>
            </param>
            <param index="5">
              <value>
                <![CDATA[Consumer $29. Value up to $400]]>
              </value>
            </param>
            <param index="6">
              <value>
                <![CDATA[chkBilling0]]>
              </value>
            </param>
            <param index="7">
              <value>
                <![CDATA[address0]]>
              </value>
            </param>
            <param index="8">
              <value>
                <![CDATA[FEDEX]]>
              </value>
            </param>
            <param index="9">
              <value>
                <![CDATA[Credit Card]]>
              </value>
            </param>
          </params>
          <reporter-output>
          </reporter-output>
        </test-method> <!-- asCustomerICanCreateAOrderTest -->
        <test-method status="PASS" signature="close()[pri:0, instance:testcases.CBCS316_AsCustomerICanCreateAOrder@5dd72c40]" name="close" is-config="true" duration-ms="190" started-at="2014-12-16T19:25:36Z" finished-at="2014-12-16T19:25:36Z">
          <reporter-output>
          </reporter-output>
        </test-method> <!-- close -->
        <test-method status="PASS" signature="validateTestStandar(org.testng.ITestResult)[pri:0, instance:testcases.CBCS316_AsCustomerICanCreateAOrder@5dd72c40]" name="validateTestStandar" is-config="true" duration-ms="0" started-at="2014-12-16T19:25:36Z" finished-at="2014-12-16T19:25:36Z">
          <params>
            <param index="0">
              <value>
                <![CDATA[[TestResult name=asCustomerICanCreateAOrderTest status=SUCCESS method=CBCS316_AsCustomerICanCreateAOrder.asCustomerICanCreateAOrderTest(java.lang.String, java.lang.String, java.lang.String, java.lang.String, java.lang.String, java.lang.String, java.lang.String, java.lang.String, java.lang.String, java.lang.String)[pri:0, instance:testcases.CBCS316_AsCustomerICanCreateAOrder@5dd72c40] output={null}]]]>
              </value>
            </param>
          </params>
          <reporter-output>
          </reporter-output>
        </test-method> <!-- validateTestStandar -->
      </class> <!-- testcases.CBCS316_AsCustomerICanCreateAOrder -->
      <class name="testcases.CBCS86_AsQCICanMarkATierLikeQCFinished">
        <test-method status="PASS" signature="setup()[pri:0, instance:testcases.CBCS86_AsQCICanMarkATierLikeQCFinished@17e4be04]" name="setup" is-config="true" duration-ms="2032" started-at="2014-12-16T19:30:28Z" finished-at="2014-12-16T19:30:30Z">
          <reporter-output>
          </reporter-output>
        </test-method> <!-- setup -->
        <test-method status="FAIL" signature="asQCICanMarkATierLikeQCFinishedTest(java.lang.String, java.lang.String, java.lang.String, java.lang.String, java.lang.String, java.lang.String, java.lang.String, java.lang.String, java.lang.String, java.lang.String, java.lang.String)[pri:0, instance:testcases.CBCS86_AsQCICanMarkATierLikeQCFinished@17e4be04]" name="asQCICanMarkATierLikeQCFinishedTest" duration-ms="15513" started-at="2014-12-16T19:30:30Z" data-provider="data" finished-at="2014-12-16T19:30:46Z">
          <params>
            <param index="0">
              <value>
                <![CDATA[lqqc]]>
              </value>
            </param>
            <param index="1">
              <value>
                <![CDATA[123]]>
              </value>
            </param>
            <param index="2">
              <value>
                <![CDATA[qc]]>
              </value>
            </param>
            <param index="3">
              <value>
                <![CDATA[0002754-AA]]>
              </value>
            </param>
            <param index="4">
              <value>
                <![CDATA[3]]>
              </value>
            </param>
            <param index="5">
              <value>
                <![CDATA[1]]>
              </value>
            </param>
            <param index="6">
              <value>
                <![CDATA[1]]>
              </value>
            </param>
            <param index="7">
              <value>
                <![CDATA[9.4]]>
              </value>
            </param>
            <param index="8">
              <value>
                <![CDATA[White]]>
              </value>
            </param>
            <param index="9">
              <value>
                <![CDATA[QC]]>
              </value>
            </param>
            <param index="10">
              <value>
                <![CDATA[QC]]>
              </value>
            </param>
          </params>
          <exception class="org.openqa.selenium.ElementNotVisibleException">
            <message>
              <![CDATA[Element is not currently visible and so may not be interacted with
Command duration or timeout: 5.06 seconds
Build info: version: '2.41.0', revision: '3192d8a6c4449dc285928ba024779344f5423c58', time: '2014-03-27 11:29:39'
System info: host: 'MININT-KA5C7LA', ip: '169.254.76.222', os.name: 'Windows 7', os.arch: 'amd64', os.version: '6.1', java.version: '1.7.0_25'
Session ID: ee7bdb67-983a-4d9f-bf37-e024a680f84e
Driver info: com.ts.commons.FirefoxDriver
Capabilities [{platform=XP, acceptSslCerts=true, javascriptEnabled=true, cssSelectorsEnabled=true, databaseEnabled=true, browserName=firefox, handlesAlerts=true, browserConnectionEnabled=true, webStorageEnabled=true, nativeEvents=false, rotatable=false, locationContextEnabled=true, applicationCacheEnabled=true, takesScreenshot=true, version=30.0}]]]>
            </message>
            <full-stacktrace>
              <![CDATA[org.openqa.selenium.ElementNotVisibleException: Element is not currently visible and so may not be interacted with
Command duration or timeout: 5.06 seconds
Build info: version: '2.41.0', revision: '3192d8a6c4449dc285928ba024779344f5423c58', time: '2014-03-27 11:29:39'
System info: host: 'MININT-KA5C7LA', ip: '169.254.76.222', os.name: 'Windows 7', os.arch: 'amd64', os.version: '6.1', java.version: '1.7.0_25'
Session ID: ee7bdb67-983a-4d9f-bf37-e024a680f84e
Driver info: com.ts.commons.FirefoxDriver
Capabilities [{platform=XP, acceptSslCerts=true, javascriptEnabled=true, cssSelectorsEnabled=true, databaseEnabled=true, browserName=firefox, handlesAlerts=true, browserConnectionEnabled=true, webStorageEnabled=true, nativeEvents=false, rotatable=false, locationContextEnabled=true, applicationCacheEnabled=true, takesScreenshot=true, version=30.0}]
	at sun.reflect.NativeConstructorAccessorImpl.newInstance0(Native Method)
	at sun.reflect.NativeConstructorAccessorImpl.newInstance(NativeConstructorAccessorImpl.java:57)
	at sun.reflect.DelegatingConstructorAccessorImpl.newInstance(DelegatingConstructorAccessorImpl.java:45)
	at java.lang.reflect.Constructor.newInstance(Constructor.java:526)
	at org.openqa.selenium.remote.ErrorHandler.createThrowable(ErrorHandler.java:193)
	at org.openqa.selenium.remote.ErrorHandler.throwIfResponseFailed(ErrorHandler.java:145)
	at org.openqa.selenium.remote.RemoteWebDriver.execute(RemoteWebDriver.java:595)
	at org.openqa.selenium.remote.RemoteWebElement.execute(RemoteWebElement.java:268)
	at org.openqa.selenium.remote.RemoteWebElement.click(RemoteWebElement.java:79)
	at sun.reflect.GeneratedMethodAccessor8.invoke(Unknown Source)
	at sun.reflect.DelegatingMethodAccessorImpl.invoke(DelegatingMethodAccessorImpl.java:43)
	at java.lang.reflect.Method.invoke(Method.java:606)
	at org.openqa.selenium.support.pagefactory.internal.LocatingElementHandler.invoke(LocatingElementHandler.java:41)
	at com.sun.proxy.$Proxy10.click(Unknown Source)
	at pages.TierDetailsQCPage.clickQCFinishedCheckbox(TierDetailsQCPage.java:41)
	at testcases.CBCS86_AsQCICanMarkATierLikeQCFinished.asQCICanMarkATierLikeQCFinishedTest(CBCS86_AsQCICanMarkATierLikeQCFinished.java:83)
	at sun.reflect.NativeMethodAccessorImpl.invoke0(Native Method)
	at sun.reflect.NativeMethodAccessorImpl.invoke(NativeMethodAccessorImpl.java:57)
	at sun.reflect.DelegatingMethodAccessorImpl.invoke(DelegatingMethodAccessorImpl.java:43)
	at java.lang.reflect.Method.invoke(Method.java:606)
	at org.testng.internal.MethodInvocationHelper.invokeMethod(MethodInvocationHelper.java:84)
	at org.testng.internal.Invoker.invokeMethod(Invoker.java:714)
	at org.testng.internal.Invoker.invokeTestMethod(Invoker.java:901)
	at org.testng.internal.Invoker.invokeTestMethods(Invoker.java:1231)
	at org.testng.internal.TestMethodWorker.invokeTestMethods(TestMethodWorker.java:127)
	at org.testng.internal.TestMethodWorker.run(TestMethodWorker.java:111)
	at org.testng.TestRunner.privateRun(TestRunner.java:767)
	at org.testng.TestRunner.run(TestRunner.java:617)
	at org.testng.SuiteRunner.runTest(SuiteRunner.java:335)
	at org.testng.SuiteRunner.runSequentially(SuiteRunner.java:330)
	at org.testng.SuiteRunner.privateRun(SuiteRunner.java:291)
	at org.testng.SuiteRunner.run(SuiteRunner.java:240)
	at org.testng.SuiteRunnerWorker.runSuite(SuiteRunnerWorker.java:52)
	at org.testng.SuiteRunnerWorker.run(SuiteRunnerWorker.java:86)
	at org.testng.TestNG.runSuitesSequentially(TestNG.java:1224)
	at org.testng.TestNG.runSuitesLocally(TestNG.java:1149)
	at org.testng.TestNG.run(TestNG.java:1057)
	at org.testng.remote.RemoteTestNG.run(RemoteTestNG.java:111)
	at org.testng.remote.RemoteTestNG.initAndRun(RemoteTestNG.java:204)
	at org.testng.remote.RemoteTestNG.main(RemoteTestNG.java:175)
Caused by: org.openqa.selenium.remote.ErrorHandler$UnknownServerException: Element is not currently visible and so may not be interacted with
Build info: version: '2.41.0', revision: '3192d8a6c4449dc285928ba024779344f5423c58', time: '2014-03-27 11:29:39'
System info: host: 'MININT-KA5C7LA', ip: '169.254.76.222', os.name: 'Windows 7', os.arch: 'amd64', os.version: '6.1', java.version: '1.7.0_25'
Driver info: driver.version: unknown
	at <anonymous class>.fxdriver.preconditions.visible(file:///C:/Users/Laur/AppData/Local/Temp/anonymous8609106500083775333webdriver-profile/extensions/fxdriver@googlecode.com/components/command_processor.js:8225:5)
	at <anonymous class>.DelayedCommand.prototype.checkPreconditions_(file:///C:/Users/Laur/AppData/Local/Temp/anonymous8609106500083775333webdriver-profile/extensions/fxdriver@googlecode.com/components/command_processor.js:10867:1)
	at <anonymous class>.DelayedCommand.prototype.executeInternal_/h(file:///C:/Users/Laur/AppData/Local/Temp/anonymous8609106500083775333webdriver-profile/extensions/fxdriver@googlecode.com/components/command_processor.js:10884:11)
	at <anonymous class>.fxdriver.Timer.prototype.setTimeout/<.notify(file:///C:/Users/Laur/AppData/Local/Temp/anonymous8609106500083775333webdriver-profile/extensions/fxdriver@googlecode.com/components/command_processor.js:396:5)
]]>
            </full-stacktrace>
          </exception> <!-- org.openqa.selenium.ElementNotVisibleException -->
          <reporter-output>
          </reporter-output>
        </test-method> <!-- asQCICanMarkATierLikeQCFinishedTest -->
        <test-method status="PASS" signature="close()[pri:0, instance:testcases.CBCS86_AsQCICanMarkATierLikeQCFinished@17e4be04]" name="close" is-config="true" duration-ms="190" started-at="2014-12-16T19:30:46Z" finished-at="2014-12-16T19:30:46Z">
          <reporter-output>
          </reporter-output>
        </test-method> <!-- close -->
        <test-method status="PASS" signature="validateTestStandar(org.testng.ITestResult)[pri:0, instance:testcases.CBCS86_AsQCICanMarkATierLikeQCFinished@17e4be04]" name="validateTestStandar" is-config="true" duration-ms="0" started-at="2014-12-16T19:30:46Z" finished-at="2014-12-16T19:30:46Z">
          <params>
            <param index="0">
              <value>
                <![CDATA[[TestResult name=asQCICanMarkATierLikeQCFinishedTest status=FAILURE method=CBCS86_AsQCICanMarkATierLikeQCFinished.asQCICanMarkATierLikeQCFinishedTest(java.lang.String, java.lang.String, java.lang.String, java.lang.String, java.lang.String, java.lang.String, java.lang.String, java.lang.String, java.lang.String, java.lang.String, java.lang.String)[pri:0, instance:testcases.CBCS86_AsQCICanMarkATierLikeQCFinished@17e4be04] output={null}]]]>
              </value>
            </param>
          </params>
          <reporter-output>
          </reporter-output>
        </test-method> <!-- validateTestStandar -->
      </class> <!-- testcases.CBCS86_AsQCICanMarkATierLikeQCFinished -->
      <class name="testcases.CBCS_319AsCustomerICanEditABillingAddress">
        <test-method status="PASS" signature="setup()[pri:0, instance:testcases.CBCS_319AsCustomerICanEditABillingAddress@5059a6b5]" name="setup" is-config="true" duration-ms="2139" started-at="2014-12-16T19:38:40Z" finished-at="2014-12-16T19:38:42Z">
          <reporter-output>
          </reporter-output>
        </test-method> <!-- setup -->
        <test-method status="PASS" signature="asCustomerICanEditABillingAddressTest(java.lang.String, java.lang.String)[pri:0, instance:testcases.CBCS_319AsCustomerICanEditABillingAddress@5059a6b5]" name="asCustomerICanEditABillingAddressTest" duration-ms="39399" started-at="2014-12-16T19:38:42Z" data-provider="data" finished-at="2014-12-16T19:39:21Z">
          <params>
            <param index="0">
              <value>
                <![CDATA[lquesada@testingsoft.com]]>
              </value>
            </param>
            <param index="1">
              <value>
                <![CDATA[QAtest2014]]>
              </value>
            </param>
          </params>
          <reporter-output>
          </reporter-output>
        </test-method> <!-- asCustomerICanEditABillingAddressTest -->
        <test-method status="PASS" signature="close()[pri:0, instance:testcases.CBCS_319AsCustomerICanEditABillingAddress@5059a6b5]" name="close" is-config="true" duration-ms="220" started-at="2014-12-16T19:39:21Z" finished-at="2014-12-16T19:39:21Z">
          <reporter-output>
          </reporter-output>
        </test-method> <!-- close -->
        <test-method status="PASS" signature="validateTestStandar(org.testng.ITestResult)[pri:0, instance:testcases.CBCS_319AsCustomerICanEditABillingAddress@5059a6b5]" name="validateTestStandar" is-config="true" duration-ms="0" started-at="2014-12-16T19:39:21Z" finished-at="2014-12-16T19:39:21Z">
          <params>
            <param index="0">
              <value>
                <![CDATA[[TestResult name=asCustomerICanEditABillingAddressTest status=SUCCESS method=CBCS_319AsCustomerICanEditABillingAddress.asCustomerICanEditABillingAddressTest(java.lang.String, java.lang.String)[pri:0, instance:testcases.CBCS_319AsCustomerICanEditABillingAddress@5059a6b5] output={null}]]]>
              </value>
            </param>
          </params>
          <reporter-output>
          </reporter-output>
        </test-method> <!-- validateTestStandar -->
      </class> <!-- testcases.CBCS_319AsCustomerICanEditABillingAddress -->
      <class name="testcases.CBCS_318AsCustomerICanDeleteABillingAddress">
        <test-method status="PASS" signature="setup()[pri:0, instance:testcases.CBCS_318AsCustomerICanDeleteABillingAddress@63d64969]" name="setup" is-config="true" duration-ms="2073" started-at="2014-12-16T19:35:37Z" finished-at="2014-12-16T19:35:39Z">
          <reporter-output>
          </reporter-output>
        </test-method> <!-- setup -->
        <test-method status="PASS" signature="asCustomerICanDeleteABillingAddressTest(java.lang.String, java.lang.String)[pri:0, instance:testcases.CBCS_318AsCustomerICanDeleteABillingAddress@63d64969]" name="asCustomerICanDeleteABillingAddressTest" duration-ms="29741" started-at="2014-12-16T19:35:39Z" data-provider="data" finished-at="2014-12-16T19:36:08Z">
          <params>
            <param index="0">
              <value>
                <![CDATA[lquesada@testingsoft.com]]>
              </value>
            </param>
            <param index="1">
              <value>
                <![CDATA[QAtest2014]]>
              </value>
            </param>
          </params>
          <reporter-output>
          </reporter-output>
        </test-method> <!-- asCustomerICanDeleteABillingAddressTest -->
        <test-method status="PASS" signature="close()[pri:0, instance:testcases.CBCS_318AsCustomerICanDeleteABillingAddress@63d64969]" name="close" is-config="true" duration-ms="210" started-at="2014-12-16T19:36:08Z" finished-at="2014-12-16T19:36:09Z">
          <reporter-output>
          </reporter-output>
        </test-method> <!-- close -->
        <test-method status="PASS" signature="validateTestStandar(org.testng.ITestResult)[pri:0, instance:testcases.CBCS_318AsCustomerICanDeleteABillingAddress@63d64969]" name="validateTestStandar" is-config="true" duration-ms="0" started-at="2014-12-16T19:36:09Z" finished-at="2014-12-16T19:36:09Z">
          <params>
            <param index="0">
              <value>
                <![CDATA[[TestResult name=asCustomerICanDeleteABillingAddressTest status=SUCCESS method=CBCS_318AsCustomerICanDeleteABillingAddress.asCustomerICanDeleteABillingAddressTest(java.lang.String, java.lang.String)[pri:0, instance:testcases.CBCS_318AsCustomerICanDeleteABillingAddress@63d64969] output={null}]]]>
              </value>
            </param>
          </params>
          <reporter-output>
          </reporter-output>
        </test-method> <!-- validateTestStandar -->
      </class> <!-- testcases.CBCS_318AsCustomerICanDeleteABillingAddress -->
      <class name="testcases.CBCS308_AsSlabICanPrintLabelsOfAllComicBooks">
        <test-method status="PASS" signature="setup()[pri:0, instance:testcases.CBCS308_AsSlabICanPrintLabelsOfAllComicBooks@df9411]" name="setup" is-config="true" duration-ms="2092" started-at="2014-12-16T19:29:46Z" finished-at="2014-12-16T19:29:48Z">
          <reporter-output>
          </reporter-output>
        </test-method> <!-- setup -->
        <test-method status="FAIL" signature="asSlabICanPrintLabelsOfAllComicBooksTest(java.lang.String, java.lang.String, java.lang.String, java.lang.String, java.lang.String, java.lang.String, java.lang.String, java.lang.String, java.lang.String, java.lang.String, java.lang.String)[pri:0, instance:testcases.CBCS308_AsSlabICanPrintLabelsOfAllComicBooks@df9411]" name="asSlabICanPrintLabelsOfAllComicBooksTest" duration-ms="40042" started-at="2014-12-16T19:29:48Z" data-provider="data" finished-at="2014-12-16T19:30:28Z">
          <params>
            <param index="0">
              <value>
                <![CDATA[lqslab]]>
              </value>
            </param>
            <param index="1">
              <value>
                <![CDATA[123]]>
              </value>
            </param>
            <param index="2">
              <value>
                <![CDATA[slab]]>
              </value>
            </param>
            <param index="3">
              <value>
                <![CDATA[0002754-AA]]>
              </value>
            </param>
            <param index="4">
              <value>
                <![CDATA[3]]>
              </value>
            </param>
            <param index="5">
              <value>
                <![CDATA[1]]>
              </value>
            </param>
            <param index="6">
              <value>
                <![CDATA[1]]>
              </value>
            </param>
            <param index="7">
              <value>
                <![CDATA[9.4]]>
              </value>
            </param>
            <param index="8">
              <value>
                <![CDATA[White]]>
              </value>
            </param>
            <param index="9">
              <value>
                <![CDATA[Slab]]>
              </value>
            </param>
            <param index="10">
              <value>
                <![CDATA[Slab]]>
              </value>
            </param>
          </params>
          <exception class="org.openqa.selenium.NoSuchElementException">
            <message>
              <![CDATA[Unable to locate element: {"method":"xpath","selector":"//td/span[text()='0002754-AA']/../../td/span[contains(.,'Slab')]"}
Command duration or timeout: 30.11 seconds
For documentation on this error, please visit: http://seleniumhq.org/exceptions/no_such_element.html
Build info: version: '2.41.0', revision: '3192d8a6c4449dc285928ba024779344f5423c58', time: '2014-03-27 11:29:39'
System info: host: 'MININT-KA5C7LA', ip: '169.254.76.222', os.name: 'Windows 7', os.arch: 'amd64', os.version: '6.1', java.version: '1.7.0_25'
Session ID: dc9abbe9-396a-47cb-8b1b-3b8d2cc9731e
Driver info: com.ts.commons.FirefoxDriver
Capabilities [{platform=XP, acceptSslCerts=true, javascriptEnabled=true, cssSelectorsEnabled=true, databaseEnabled=true, browserName=firefox, handlesAlerts=true, browserConnectionEnabled=true, webStorageEnabled=true, nativeEvents=false, rotatable=false, locationContextEnabled=true, applicationCacheEnabled=true, takesScreenshot=true, version=30.0}]]]>
            </message>
            <full-stacktrace>
              <![CDATA[org.openqa.selenium.NoSuchElementException: Unable to locate element: {"method":"xpath","selector":"//td/span[text()='0002754-AA']/../../td/span[contains(.,'Slab')]"}
Command duration or timeout: 30.11 seconds
For documentation on this error, please visit: http://seleniumhq.org/exceptions/no_such_element.html
Build info: version: '2.41.0', revision: '3192d8a6c4449dc285928ba024779344f5423c58', time: '2014-03-27 11:29:39'
System info: host: 'MININT-KA5C7LA', ip: '169.254.76.222', os.name: 'Windows 7', os.arch: 'amd64', os.version: '6.1', java.version: '1.7.0_25'
Session ID: dc9abbe9-396a-47cb-8b1b-3b8d2cc9731e
Driver info: com.ts.commons.FirefoxDriver
Capabilities [{platform=XP, acceptSslCerts=true, javascriptEnabled=true, cssSelectorsEnabled=true, databaseEnabled=true, browserName=firefox, handlesAlerts=true, browserConnectionEnabled=true, webStorageEnabled=true, nativeEvents=false, rotatable=false, locationContextEnabled=true, applicationCacheEnabled=true, takesScreenshot=true, version=30.0}]
	at sun.reflect.NativeConstructorAccessorImpl.newInstance0(Native Method)
	at sun.reflect.NativeConstructorAccessorImpl.newInstance(NativeConstructorAccessorImpl.java:57)
	at sun.reflect.DelegatingConstructorAccessorImpl.newInstance(DelegatingConstructorAccessorImpl.java:45)
	at java.lang.reflect.Constructor.newInstance(Constructor.java:526)
	at org.openqa.selenium.remote.ErrorHandler.createThrowable(ErrorHandler.java:193)
	at org.openqa.selenium.remote.ErrorHandler.throwIfResponseFailed(ErrorHandler.java:145)
	at org.openqa.selenium.remote.RemoteWebDriver.execute(RemoteWebDriver.java:595)
	at org.openqa.selenium.remote.RemoteWebDriver.findElement(RemoteWebDriver.java:348)
	at org.openqa.selenium.remote.RemoteWebDriver.findElementByXPath(RemoteWebDriver.java:445)
	at org.openqa.selenium.By$ByXPath.findElement(By.java:357)
	at org.openqa.selenium.remote.RemoteWebDriver.findElement(RemoteWebDriver.java:340)
	at utils.Utils$2.Validate(Utils.java:86)
	at com.ts.commons.TestCaseUtil.check(TestCaseUtil.java:71)
	at testcases.CBCS308_AsSlabICanPrintLabelsOfAllComicBooks.asSlabICanPrintLabelsOfAllComicBooksTest(CBCS308_AsSlabICanPrintLabelsOfAllComicBooks.java:89)
	at sun.reflect.NativeMethodAccessorImpl.invoke0(Native Method)
	at sun.reflect.NativeMethodAccessorImpl.invoke(NativeMethodAccessorImpl.java:57)
	at sun.reflect.DelegatingMethodAccessorImpl.invoke(DelegatingMethodAccessorImpl.java:43)
	at java.lang.reflect.Method.invoke(Method.java:606)
	at org.testng.internal.MethodInvocationHelper.invokeMethod(MethodInvocationHelper.java:84)
	at org.testng.internal.Invoker.invokeMethod(Invoker.java:714)
	at org.testng.internal.Invoker.invokeTestMethod(Invoker.java:901)
	at org.testng.internal.Invoker.invokeTestMethods(Invoker.java:1231)
	at org.testng.internal.TestMethodWorker.invokeTestMethods(TestMethodWorker.java:127)
	at org.testng.internal.TestMethodWorker.run(TestMethodWorker.java:111)
	at org.testng.TestRunner.privateRun(TestRunner.java:767)
	at org.testng.TestRunner.run(TestRunner.java:617)
	at org.testng.SuiteRunner.runTest(SuiteRunner.java:335)
	at org.testng.SuiteRunner.runSequentially(SuiteRunner.java:330)
	at org.testng.SuiteRunner.privateRun(SuiteRunner.java:291)
	at org.testng.SuiteRunner.run(SuiteRunner.java:240)
	at org.testng.SuiteRunnerWorker.runSuite(SuiteRunnerWorker.java:52)
	at org.testng.SuiteRunnerWorker.run(SuiteRunnerWorker.java:86)
	at org.testng.TestNG.runSuitesSequentially(TestNG.java:1224)
	at org.testng.TestNG.runSuitesLocally(TestNG.java:1149)
	at org.testng.TestNG.run(TestNG.java:1057)
	at org.testng.remote.RemoteTestNG.run(RemoteTestNG.java:111)
	at org.testng.remote.RemoteTestNG.initAndRun(RemoteTestNG.java:204)
	at org.testng.remote.RemoteTestNG.main(RemoteTestNG.java:175)
Caused by: org.openqa.selenium.remote.ErrorHandler$UnknownServerException: Unable to locate element: {"method":"xpath","selector":"//td/span[text()='0002754-AA']/../../td/span[contains(.,'Slab')]"}
Build info: version: '2.41.0', revision: '3192d8a6c4449dc285928ba024779344f5423c58', time: '2014-03-27 11:29:39'
System info: host: 'MININT-KA5C7LA', ip: '169.254.76.222', os.name: 'Windows 7', os.arch: 'amd64', os.version: '6.1', java.version: '1.7.0_25'
Driver info: driver.version: unknown
	at <anonymous class>.FirefoxDriver.prototype.findElementInternal_(file:///C:/Users/Laur/AppData/Local/Temp/anonymous696684438852070015webdriver-profile/extensions/fxdriver@googlecode.com/components/driver_component.js:8905:7)
	at <anonymous class>.fxdriver.Timer.prototype.setTimeout/<.notify(file:///C:/Users/Laur/AppData/Local/Temp/anonymous696684438852070015webdriver-profile/extensions/fxdriver@googlecode.com/components/driver_component.js:396:5)
]]>
            </full-stacktrace>
          </exception> <!-- org.openqa.selenium.NoSuchElementException -->
          <reporter-output>
          </reporter-output>
        </test-method> <!-- asSlabICanPrintLabelsOfAllComicBooksTest -->
        <test-method status="PASS" signature="close()[pri:0, instance:testcases.CBCS308_AsSlabICanPrintLabelsOfAllComicBooks@df9411]" name="close" is-config="true" duration-ms="200" started-at="2014-12-16T19:30:28Z" finished-at="2014-12-16T19:30:28Z">
          <reporter-output>
          </reporter-output>
        </test-method> <!-- close -->
        <test-method status="PASS" signature="validateTestStandar(org.testng.ITestResult)[pri:0, instance:testcases.CBCS308_AsSlabICanPrintLabelsOfAllComicBooks@df9411]" name="validateTestStandar" is-config="true" duration-ms="0" started-at="2014-12-16T19:30:28Z" finished-at="2014-12-16T19:30:28Z">
          <params>
            <param index="0">
              <value>
                <![CDATA[[TestResult name=asSlabICanPrintLabelsOfAllComicBooksTest status=FAILURE method=CBCS308_AsSlabICanPrintLabelsOfAllComicBooks.asSlabICanPrintLabelsOfAllComicBooksTest(java.lang.String, java.lang.String, java.lang.String, java.lang.String, java.lang.String, java.lang.String, java.lang.String, java.lang.String, java.lang.String, java.lang.String, java.lang.String)[pri:0, instance:testcases.CBCS308_AsSlabICanPrintLabelsOfAllComicBooks@df9411] output={null}]]]>
              </value>
            </param>
          </params>
          <reporter-output>
          </reporter-output>
        </test-method> <!-- validateTestStandar -->
      </class> <!-- testcases.CBCS308_AsSlabICanPrintLabelsOfAllComicBooks -->
      <class name="testcases.CBCS318_AsCustomerICanSeeTheCalendar">
        <test-method status="PASS" signature="setup()[pri:0, instance:testcases.CBCS318_AsCustomerICanSeeTheCalendar@216f1cbc]" name="setup" is-config="true" duration-ms="1982" started-at="2014-12-16T19:37:38Z" finished-at="2014-12-16T19:37:40Z">
          <reporter-output>
          </reporter-output>
        </test-method> <!-- setup -->
        <test-method status="PASS" signature="asCustomerICanSeeEventsCalendarTest(java.lang.String, java.lang.String)[pri:0, instance:testcases.CBCS318_AsCustomerICanSeeTheCalendar@216f1cbc]" name="asCustomerICanSeeEventsCalendarTest" duration-ms="10162" started-at="2014-12-16T19:37:40Z" data-provider="data" finished-at="2014-12-16T19:37:50Z">
          <params>
            <param index="0">
              <value>
                <![CDATA[lquesada@testingsoft.com]]>
              </value>
            </param>
            <param index="1">
              <value>
                <![CDATA[QAtest2014]]>
              </value>
            </param>
          </params>
          <reporter-output>
          </reporter-output>
        </test-method> <!-- asCustomerICanSeeEventsCalendarTest -->
        <test-method status="PASS" signature="close()[pri:0, instance:testcases.CBCS318_AsCustomerICanSeeTheCalendar@216f1cbc]" name="close" is-config="true" duration-ms="170" started-at="2014-12-16T19:37:50Z" finished-at="2014-12-16T19:37:50Z">
          <reporter-output>
          </reporter-output>
        </test-method> <!-- close -->
        <test-method status="PASS" signature="validateTestStandar(org.testng.ITestResult)[pri:0, instance:testcases.CBCS318_AsCustomerICanSeeTheCalendar@216f1cbc]" name="validateTestStandar" is-config="true" duration-ms="0" started-at="2014-12-16T19:37:50Z" finished-at="2014-12-16T19:37:50Z">
          <params>
            <param index="0">
              <value>
                <![CDATA[[TestResult name=asCustomerICanSeeEventsCalendarTest status=SUCCESS method=CBCS318_AsCustomerICanSeeTheCalendar.asCustomerICanSeeEventsCalendarTest(java.lang.String, java.lang.String)[pri:0, instance:testcases.CBCS318_AsCustomerICanSeeTheCalendar@216f1cbc] output={null}]]]>
              </value>
            </param>
          </params>
          <reporter-output>
          </reporter-output>
        </test-method> <!-- validateTestStandar -->
      </class> <!-- testcases.CBCS318_AsCustomerICanSeeTheCalendar -->
      <class name="testcases.CBCS105_AsReiverSearchOneOrderUsingOrderNumber">
        <test-method status="PASS" signature="setup()[pri:0, instance:testcases.CBCS105_AsReiverSearchOneOrderUsingOrderNumber@71f993c]" name="setup" is-config="true" duration-ms="3203" started-at="2014-12-16T19:31:03Z" finished-at="2014-12-16T19:31:06Z">
          <reporter-output>
          </reporter-output>
        </test-method> <!-- setup -->
        <test-method status="PASS" signature="asReiverSearchOneOrderUsingOrderNumberTest(java.lang.String, java.lang.String, java.lang.String, java.lang.String, java.lang.String, java.lang.String, java.lang.String, java.lang.String, java.lang.String, java.lang.String, java.lang.String)[pri:0, instance:testcases.CBCS105_AsReiverSearchOneOrderUsingOrderNumber@71f993c]" name="asReiverSearchOneOrderUsingOrderNumberTest" duration-ms="8482" started-at="2014-12-16T19:31:06Z" data-provider="data" finished-at="2014-12-16T19:31:15Z">
          <params>
            <param index="0">
              <value>
                <![CDATA[lqreceiver]]>
              </value>
            </param>
            <param index="1">
              <value>
                <![CDATA[123]]>
              </value>
            </param>
            <param index="2">
              <value>
                <![CDATA[receiver]]>
              </value>
            </param>
            <param index="3">
              <value>
                <![CDATA[0002759-AA]]>
              </value>
            </param>
            <param index="4">
              <value>
                <![CDATA[3]]>
              </value>
            </param>
            <param index="5">
              <value>
                <![CDATA[1]]>
              </value>
            </param>
            <param index="6">
              <value>
                <![CDATA[3]]>
              </value>
            </param>
            <param index="7">
              <value>
                <![CDATA[9.4]]>
              </value>
            </param>
            <param index="8">
              <value>
                <![CDATA[White]]>
              </value>
            </param>
            <param index="9">
              <value>
                <![CDATA[In Safe]]>
              </value>
            </param>
            <param index="10">
              <value>
                <![CDATA[Receiver]]>
              </value>
            </param>
          </params>
          <reporter-output>
          </reporter-output>
        </test-method> <!-- asReiverSearchOneOrderUsingOrderNumberTest -->
        <test-method status="PASS" signature="close()[pri:0, instance:testcases.CBCS105_AsReiverSearchOneOrderUsingOrderNumber@71f993c]" name="close" is-config="true" duration-ms="160" started-at="2014-12-16T19:31:15Z" finished-at="2014-12-16T19:31:15Z">
          <reporter-output>
          </reporter-output>
        </test-method> <!-- close -->
        <test-method status="PASS" signature="validateTestStandar(org.testng.ITestResult)[pri:0, instance:testcases.CBCS105_AsReiverSearchOneOrderUsingOrderNumber@71f993c]" name="validateTestStandar" is-config="true" duration-ms="0" started-at="2014-12-16T19:31:15Z" finished-at="2014-12-16T19:31:15Z">
          <params>
            <param index="0">
              <value>
                <![CDATA[[TestResult name=asReiverSearchOneOrderUsingOrderNumberTest status=SUCCESS method=CBCS105_AsReiverSearchOneOrderUsingOrderNumber.asReiverSearchOneOrderUsingOrderNumberTest(java.lang.String, java.lang.String, java.lang.String, java.lang.String, java.lang.String, java.lang.String, java.lang.String, java.lang.String, java.lang.String, java.lang.String, java.lang.String)[pri:0, instance:testcases.CBCS105_AsReiverSearchOneOrderUsingOrderNumber@71f993c] output={null}]]]>
              </value>
            </param>
          </params>
          <reporter-output>
          </reporter-output>
        </test-method> <!-- validateTestStandar -->
      </class> <!-- testcases.CBCS105_AsReiverSearchOneOrderUsingOrderNumber -->
      <class name="testcases.CBCS77_AdminLogin">
        <test-method status="PASS" signature="setup()[pri:0, instance:testcases.CBCS77_AdminLogin@799ec4b6]" name="setup" is-config="true" duration-ms="2016" started-at="2014-12-16T19:37:32Z" finished-at="2014-12-16T19:37:34Z">
          <reporter-output>
          </reporter-output>
        </test-method> <!-- setup -->
        <test-method status="PASS" signature="adminLoginTest(java.lang.String, java.lang.String, java.lang.String)[pri:0, instance:testcases.CBCS77_AdminLogin@799ec4b6]" name="adminLoginTest" duration-ms="3812" started-at="2014-12-16T19:37:34Z" data-provider="data" finished-at="2014-12-16T19:37:38Z">
          <params>
            <param index="0">
              <value>
                <![CDATA[lqadmin]]>
              </value>
            </param>
            <param index="1">
              <value>
                <![CDATA[123]]>
              </value>
            </param>
            <param index="2">
              <value>
                <![CDATA[admin]]>
              </value>
            </param>
          </params>
          <reporter-output>
          </reporter-output>
        </test-method> <!-- adminLoginTest -->
        <test-method status="PASS" signature="close()[pri:0, instance:testcases.CBCS77_AdminLogin@799ec4b6]" name="close" is-config="true" duration-ms="160" started-at="2014-12-16T19:37:38Z" finished-at="2014-12-16T19:37:38Z">
          <reporter-output>
          </reporter-output>
        </test-method> <!-- close -->
        <test-method status="PASS" signature="validateTestStandar(org.testng.ITestResult)[pri:0, instance:testcases.CBCS77_AdminLogin@799ec4b6]" name="validateTestStandar" is-config="true" duration-ms="0" started-at="2014-12-16T19:37:38Z" finished-at="2014-12-16T19:37:38Z">
          <params>
            <param index="0">
              <value>
                <![CDATA[[TestResult name=adminLoginTest status=SUCCESS method=CBCS77_AdminLogin.adminLoginTest(java.lang.String, java.lang.String, java.lang.String)[pri:0, instance:testcases.CBCS77_AdminLogin@799ec4b6] output={null}]]]>
              </value>
            </param>
          </params>
          <reporter-output>
          </reporter-output>
        </test-method> <!-- validateTestStandar -->
      </class> <!-- testcases.CBCS77_AdminLogin -->
      <class name="testcases.CBCS306_AsReceiverICanChangeOrderStatusToInSafe">
        <test-method status="PASS" signature="setup()[pri:0, instance:testcases.CBCS306_AsReceiverICanChangeOrderStatusToInSafe@100a384]" name="setup" is-config="true" duration-ms="2167" started-at="2014-12-16T19:25:36Z" finished-at="2014-12-16T19:25:38Z">
          <reporter-output>
          </reporter-output>
        </test-method> <!-- setup -->
        <test-method status="FAIL" signature="changeOrderStatusToInSafeTest(java.lang.String, java.lang.String, java.lang.String, java.lang.String, java.lang.String, java.lang.String, java.lang.String, java.lang.String, java.lang.String, java.lang.String, java.lang.String)[pri:0, instance:testcases.CBCS306_AsReceiverICanChangeOrderStatusToInSafe@100a384]" name="changeOrderStatusToInSafeTest" duration-ms="39143" started-at="2014-12-16T19:25:38Z" data-provider="data" finished-at="2014-12-16T19:26:17Z">
          <params>
            <param index="0">
              <value>
                <![CDATA[lqreceiver]]>
              </value>
            </param>
            <param index="1">
              <value>
                <![CDATA[123]]>
              </value>
            </param>
            <param index="2">
              <value>
                <![CDATA[receiver]]>
              </value>
            </param>
            <param index="3">
              <value>
                <![CDATA[0002754-AA]]>
              </value>
            </param>
            <param index="4">
              <value>
                <![CDATA[3]]>
              </value>
            </param>
            <param index="5">
              <value>
                <![CDATA[1]]>
              </value>
            </param>
            <param index="6">
              <value>
                <![CDATA[3]]>
              </value>
            </param>
            <param index="7">
              <value>
                <![CDATA[9.4]]>
              </value>
            </param>
            <param index="8">
              <value>
                <![CDATA[White]]>
              </value>
            </param>
            <param index="9">
              <value>
                <![CDATA[In Safe]]>
              </value>
            </param>
            <param index="10">
              <value>
                <![CDATA[Receiver]]>
              </value>
            </param>
          </params>
          <exception class="org.openqa.selenium.NoSuchElementException">
            <message>
              <![CDATA[Unable to locate element: {"method":"xpath","selector":"//td/span[text()='0002754-AA']/../../td/span[contains(.,'In Safe')]"}
Command duration or timeout: 30.07 seconds
For documentation on this error, please visit: http://seleniumhq.org/exceptions/no_such_element.html
Build info: version: '2.41.0', revision: '3192d8a6c4449dc285928ba024779344f5423c58', time: '2014-03-27 11:29:39'
System info: host: 'MININT-KA5C7LA', ip: '169.254.76.222', os.name: 'Windows 7', os.arch: 'amd64', os.version: '6.1', java.version: '1.7.0_25'
Session ID: dd7e44aa-131f-4e79-a202-d17dbc44bb58
Driver info: com.ts.commons.FirefoxDriver
Capabilities [{platform=XP, acceptSslCerts=true, javascriptEnabled=true, cssSelectorsEnabled=true, databaseEnabled=true, browserName=firefox, handlesAlerts=true, browserConnectionEnabled=true, webStorageEnabled=true, nativeEvents=false, rotatable=false, locationContextEnabled=true, applicationCacheEnabled=true, takesScreenshot=true, version=30.0}]]]>
            </message>
            <full-stacktrace>
              <![CDATA[org.openqa.selenium.NoSuchElementException: Unable to locate element: {"method":"xpath","selector":"//td/span[text()='0002754-AA']/../../td/span[contains(.,'In Safe')]"}
Command duration or timeout: 30.07 seconds
For documentation on this error, please visit: http://seleniumhq.org/exceptions/no_such_element.html
Build info: version: '2.41.0', revision: '3192d8a6c4449dc285928ba024779344f5423c58', time: '2014-03-27 11:29:39'
System info: host: 'MININT-KA5C7LA', ip: '169.254.76.222', os.name: 'Windows 7', os.arch: 'amd64', os.version: '6.1', java.version: '1.7.0_25'
Session ID: dd7e44aa-131f-4e79-a202-d17dbc44bb58
Driver info: com.ts.commons.FirefoxDriver
Capabilities [{platform=XP, acceptSslCerts=true, javascriptEnabled=true, cssSelectorsEnabled=true, databaseEnabled=true, browserName=firefox, handlesAlerts=true, browserConnectionEnabled=true, webStorageEnabled=true, nativeEvents=false, rotatable=false, locationContextEnabled=true, applicationCacheEnabled=true, takesScreenshot=true, version=30.0}]
	at sun.reflect.NativeConstructorAccessorImpl.newInstance0(Native Method)
	at sun.reflect.NativeConstructorAccessorImpl.newInstance(NativeConstructorAccessorImpl.java:57)
	at sun.reflect.DelegatingConstructorAccessorImpl.newInstance(DelegatingConstructorAccessorImpl.java:45)
	at java.lang.reflect.Constructor.newInstance(Constructor.java:526)
	at org.openqa.selenium.remote.ErrorHandler.createThrowable(ErrorHandler.java:193)
	at org.openqa.selenium.remote.ErrorHandler.throwIfResponseFailed(ErrorHandler.java:145)
	at org.openqa.selenium.remote.RemoteWebDriver.execute(RemoteWebDriver.java:595)
	at org.openqa.selenium.remote.RemoteWebDriver.findElement(RemoteWebDriver.java:348)
	at org.openqa.selenium.remote.RemoteWebDriver.findElementByXPath(RemoteWebDriver.java:445)
	at org.openqa.selenium.By$ByXPath.findElement(By.java:357)
	at org.openqa.selenium.remote.RemoteWebDriver.findElement(RemoteWebDriver.java:340)
	at utils.Utils$2.Validate(Utils.java:86)
	at com.ts.commons.TestCaseUtil.check(TestCaseUtil.java:71)
	at testcases.CBCS306_AsReceiverICanChangeOrderStatusToInSafe.changeOrderStatusToInSafeTest(CBCS306_AsReceiverICanChangeOrderStatusToInSafe.java:74)
	at sun.reflect.NativeMethodAccessorImpl.invoke0(Native Method)
	at sun.reflect.NativeMethodAccessorImpl.invoke(NativeMethodAccessorImpl.java:57)
	at sun.reflect.DelegatingMethodAccessorImpl.invoke(DelegatingMethodAccessorImpl.java:43)
	at java.lang.reflect.Method.invoke(Method.java:606)
	at org.testng.internal.MethodInvocationHelper.invokeMethod(MethodInvocationHelper.java:84)
	at org.testng.internal.Invoker.invokeMethod(Invoker.java:714)
	at org.testng.internal.Invoker.invokeTestMethod(Invoker.java:901)
	at org.testng.internal.Invoker.invokeTestMethods(Invoker.java:1231)
	at org.testng.internal.TestMethodWorker.invokeTestMethods(TestMethodWorker.java:127)
	at org.testng.internal.TestMethodWorker.run(TestMethodWorker.java:111)
	at org.testng.TestRunner.privateRun(TestRunner.java:767)
	at org.testng.TestRunner.run(TestRunner.java:617)
	at org.testng.SuiteRunner.runTest(SuiteRunner.java:335)
	at org.testng.SuiteRunner.runSequentially(SuiteRunner.java:330)
	at org.testng.SuiteRunner.privateRun(SuiteRunner.java:291)
	at org.testng.SuiteRunner.run(SuiteRunner.java:240)
	at org.testng.SuiteRunnerWorker.runSuite(SuiteRunnerWorker.java:52)
	at org.testng.SuiteRunnerWorker.run(SuiteRunnerWorker.java:86)
	at org.testng.TestNG.runSuitesSequentially(TestNG.java:1224)
	at org.testng.TestNG.runSuitesLocally(TestNG.java:1149)
	at org.testng.TestNG.run(TestNG.java:1057)
	at org.testng.remote.RemoteTestNG.run(RemoteTestNG.java:111)
	at org.testng.remote.RemoteTestNG.initAndRun(RemoteTestNG.java:204)
	at org.testng.remote.RemoteTestNG.main(RemoteTestNG.java:175)
Caused by: org.openqa.selenium.remote.ErrorHandler$UnknownServerException: Unable to locate element: {"method":"xpath","selector":"//td/span[text()='0002754-AA']/../../td/span[contains(.,'In Safe')]"}
Build info: version: '2.41.0', revision: '3192d8a6c4449dc285928ba024779344f5423c58', time: '2014-03-27 11:29:39'
System info: host: 'MININT-KA5C7LA', ip: '169.254.76.222', os.name: 'Windows 7', os.arch: 'amd64', os.version: '6.1', java.version: '1.7.0_25'
Driver info: driver.version: unknown
	at <anonymous class>.FirefoxDriver.prototype.findElementInternal_(file:///C:/Users/Laur/AppData/Local/Temp/anonymous1220199972256237521webdriver-profile/extensions/fxdriver@googlecode.com/components/driver_component.js:8905:7)
	at <anonymous class>.fxdriver.Timer.prototype.setTimeout/<.notify(file:///C:/Users/Laur/AppData/Local/Temp/anonymous1220199972256237521webdriver-profile/extensions/fxdriver@googlecode.com/components/driver_component.js:396:5)
]]>
            </full-stacktrace>
          </exception> <!-- org.openqa.selenium.NoSuchElementException -->
          <reporter-output>
          </reporter-output>
        </test-method> <!-- changeOrderStatusToInSafeTest -->
        <test-method status="PASS" signature="close()[pri:0, instance:testcases.CBCS306_AsReceiverICanChangeOrderStatusToInSafe@100a384]" name="close" is-config="true" duration-ms="230" started-at="2014-12-16T19:26:17Z" finished-at="2014-12-16T19:26:17Z">
          <reporter-output>
          </reporter-output>
        </test-method> <!-- close -->
        <test-method status="PASS" signature="validateTestStandar(org.testng.ITestResult)[pri:0, instance:testcases.CBCS306_AsReceiverICanChangeOrderStatusToInSafe@100a384]" name="validateTestStandar" is-config="true" duration-ms="0" started-at="2014-12-16T19:26:17Z" finished-at="2014-12-16T19:26:17Z">
          <params>
            <param index="0">
              <value>
                <![CDATA[[TestResult name=changeOrderStatusToInSafeTest status=FAILURE method=CBCS306_AsReceiverICanChangeOrderStatusToInSafe.changeOrderStatusToInSafeTest(java.lang.String, java.lang.String, java.lang.String, java.lang.String, java.lang.String, java.lang.String, java.lang.String, java.lang.String, java.lang.String, java.lang.String, java.lang.String)[pri:0, instance:testcases.CBCS306_AsReceiverICanChangeOrderStatusToInSafe@100a384] output={null}]]]>
              </value>
            </param>
          </params>
          <reporter-output>
          </reporter-output>
        </test-method> <!-- validateTestStandar -->
      </class> <!-- testcases.CBCS306_AsReceiverICanChangeOrderStatusToInSafe -->
      <class name="testcases.CBCS81_AsFinalizerICanQualifyAComic">
        <test-method status="PASS" signature="setup()[pri:0, instance:testcases.CBCS81_AsFinalizerICanQualifyAComic@572bd15e]" name="setup" is-config="true" duration-ms="2042" started-at="2014-12-16T19:28:00Z" finished-at="2014-12-16T19:28:02Z">
          <reporter-output>
          </reporter-output>
        </test-method> <!-- setup -->
        <test-method status="FAIL" signature="asFinalizerICanQualifyAComicTest(java.lang.String, java.lang.String, java.lang.String, java.lang.String, java.lang.String, java.lang.String, java.lang.String, java.lang.String, java.lang.String, java.lang.String, java.lang.String)[pri:0, instance:testcases.CBCS81_AsFinalizerICanQualifyAComic@572bd15e]" name="asFinalizerICanQualifyAComicTest" duration-ms="103467" started-at="2014-12-16T19:28:02Z" data-provider="data" finished-at="2014-12-16T19:29:45Z">
          <params>
            <param index="0">
              <value>
                <![CDATA[lqfinalizer]]>
              </value>
            </param>
            <param index="1">
              <value>
                <![CDATA[123]]>
              </value>
            </param>
            <param index="2">
              <value>
                <![CDATA[finalizer]]>
              </value>
            </param>
            <param index="3">
              <value>
                <![CDATA[0002754-AA]]>
              </value>
            </param>
            <param index="4">
              <value>
                <![CDATA[3]]>
              </value>
            </param>
            <param index="5">
              <value>
                <![CDATA[1]]>
              </value>
            </param>
            <param index="6">
              <value>
                <![CDATA[1]]>
              </value>
            </param>
            <param index="7">
              <value>
                <![CDATA[9.4]]>
              </value>
            </param>
            <param index="8">
              <value>
                <![CDATA[White]]>
              </value>
            </param>
            <param index="9">
              <value>
                <![CDATA[Finalized]]>
              </value>
            </param>
            <param index="10">
              <value>
                <![CDATA[Finalizer]]>
              </value>
            </param>
          </params>
          <exception class="org.openqa.selenium.NoSuchElementException">
            <message>
              <![CDATA[Unable to locate element: {"method":"xpath","selector":"//td/span[text()='0002754-AA']/../../td/span[contains(.,'Finalized')]"}
Command duration or timeout: 30.07 seconds
For documentation on this error, please visit: http://seleniumhq.org/exceptions/no_such_element.html
Build info: version: '2.41.0', revision: '3192d8a6c4449dc285928ba024779344f5423c58', time: '2014-03-27 11:29:39'
System info: host: 'MININT-KA5C7LA', ip: '169.254.76.222', os.name: 'Windows 7', os.arch: 'amd64', os.version: '6.1', java.version: '1.7.0_25'
Session ID: a739c3aa-8a49-4929-9a3a-96d874103a0b
Driver info: com.ts.commons.FirefoxDriver
Capabilities [{platform=XP, acceptSslCerts=true, javascriptEnabled=true, cssSelectorsEnabled=true, databaseEnabled=true, browserName=firefox, handlesAlerts=true, browserConnectionEnabled=true, webStorageEnabled=true, nativeEvents=false, rotatable=false, locationContextEnabled=true, applicationCacheEnabled=true, takesScreenshot=true, version=30.0}]]]>
            </message>
            <full-stacktrace>
              <![CDATA[org.openqa.selenium.NoSuchElementException: Unable to locate element: {"method":"xpath","selector":"//td/span[text()='0002754-AA']/../../td/span[contains(.,'Finalized')]"}
Command duration or timeout: 30.07 seconds
For documentation on this error, please visit: http://seleniumhq.org/exceptions/no_such_element.html
Build info: version: '2.41.0', revision: '3192d8a6c4449dc285928ba024779344f5423c58', time: '2014-03-27 11:29:39'
System info: host: 'MININT-KA5C7LA', ip: '169.254.76.222', os.name: 'Windows 7', os.arch: 'amd64', os.version: '6.1', java.version: '1.7.0_25'
Session ID: a739c3aa-8a49-4929-9a3a-96d874103a0b
Driver info: com.ts.commons.FirefoxDriver
Capabilities [{platform=XP, acceptSslCerts=true, javascriptEnabled=true, cssSelectorsEnabled=true, databaseEnabled=true, browserName=firefox, handlesAlerts=true, browserConnectionEnabled=true, webStorageEnabled=true, nativeEvents=false, rotatable=false, locationContextEnabled=true, applicationCacheEnabled=true, takesScreenshot=true, version=30.0}]
	at sun.reflect.NativeConstructorAccessorImpl.newInstance0(Native Method)
	at sun.reflect.NativeConstructorAccessorImpl.newInstance(NativeConstructorAccessorImpl.java:57)
	at sun.reflect.DelegatingConstructorAccessorImpl.newInstance(DelegatingConstructorAccessorImpl.java:45)
	at java.lang.reflect.Constructor.newInstance(Constructor.java:526)
	at org.openqa.selenium.remote.ErrorHandler.createThrowable(ErrorHandler.java:193)
	at org.openqa.selenium.remote.ErrorHandler.throwIfResponseFailed(ErrorHandler.java:145)
	at org.openqa.selenium.remote.RemoteWebDriver.execute(RemoteWebDriver.java:595)
	at org.openqa.selenium.remote.RemoteWebDriver.findElement(RemoteWebDriver.java:348)
	at org.openqa.selenium.remote.RemoteWebDriver.findElementByXPath(RemoteWebDriver.java:445)
	at org.openqa.selenium.By$ByXPath.findElement(By.java:357)
	at org.openqa.selenium.remote.RemoteWebDriver.findElement(RemoteWebDriver.java:340)
	at utils.Utils$2.Validate(Utils.java:86)
	at com.ts.commons.TestCaseUtil.check(TestCaseUtil.java:71)
	at testcases.CBCS81_AsFinalizerICanQualifyAComic.asFinalizerICanQualifyAComicTest(CBCS81_AsFinalizerICanQualifyAComic.java:127)
	at sun.reflect.NativeMethodAccessorImpl.invoke0(Native Method)
	at sun.reflect.NativeMethodAccessorImpl.invoke(NativeMethodAccessorImpl.java:57)
	at sun.reflect.DelegatingMethodAccessorImpl.invoke(DelegatingMethodAccessorImpl.java:43)
	at java.lang.reflect.Method.invoke(Method.java:606)
	at org.testng.internal.MethodInvocationHelper.invokeMethod(MethodInvocationHelper.java:84)
	at org.testng.internal.Invoker.invokeMethod(Invoker.java:714)
	at org.testng.internal.Invoker.invokeTestMethod(Invoker.java:901)
	at org.testng.internal.Invoker.invokeTestMethods(Invoker.java:1231)
	at org.testng.internal.TestMethodWorker.invokeTestMethods(TestMethodWorker.java:127)
	at org.testng.internal.TestMethodWorker.run(TestMethodWorker.java:111)
	at org.testng.TestRunner.privateRun(TestRunner.java:767)
	at org.testng.TestRunner.run(TestRunner.java:617)
	at org.testng.SuiteRunner.runTest(SuiteRunner.java:335)
	at org.testng.SuiteRunner.runSequentially(SuiteRunner.java:330)
	at org.testng.SuiteRunner.privateRun(SuiteRunner.java:291)
	at org.testng.SuiteRunner.run(SuiteRunner.java:240)
	at org.testng.SuiteRunnerWorker.runSuite(SuiteRunnerWorker.java:52)
	at org.testng.SuiteRunnerWorker.run(SuiteRunnerWorker.java:86)
	at org.testng.TestNG.runSuitesSequentially(TestNG.java:1224)
	at org.testng.TestNG.runSuitesLocally(TestNG.java:1149)
	at org.testng.TestNG.run(TestNG.java:1057)
	at org.testng.remote.RemoteTestNG.run(RemoteTestNG.java:111)
	at org.testng.remote.RemoteTestNG.initAndRun(RemoteTestNG.java:204)
	at org.testng.remote.RemoteTestNG.main(RemoteTestNG.java:175)
Caused by: org.openqa.selenium.remote.ErrorHandler$UnknownServerException: Unable to locate element: {"method":"xpath","selector":"//td/span[text()='0002754-AA']/../../td/span[contains(.,'Finalized')]"}
Build info: version: '2.41.0', revision: '3192d8a6c4449dc285928ba024779344f5423c58', time: '2014-03-27 11:29:39'
System info: host: 'MININT-KA5C7LA', ip: '169.254.76.222', os.name: 'Windows 7', os.arch: 'amd64', os.version: '6.1', java.version: '1.7.0_25'
Driver info: driver.version: unknown
	at <anonymous class>.FirefoxDriver.prototype.findElementInternal_(file:///C:/Users/Laur/AppData/Local/Temp/anonymous1385365678988963347webdriver-profile/extensions/fxdriver@googlecode.com/components/driver_component.js:8905:7)
	at <anonymous class>.fxdriver.Timer.prototype.setTimeout/<.notify(file:///C:/Users/Laur/AppData/Local/Temp/anonymous1385365678988963347webdriver-profile/extensions/fxdriver@googlecode.com/components/driver_component.js:396:5)
]]>
            </full-stacktrace>
          </exception> <!-- org.openqa.selenium.NoSuchElementException -->
          <reporter-output>
          </reporter-output>
        </test-method> <!-- asFinalizerICanQualifyAComicTest -->
        <test-method status="PASS" signature="close()[pri:0, instance:testcases.CBCS81_AsFinalizerICanQualifyAComic@572bd15e]" name="close" is-config="true" duration-ms="200" started-at="2014-12-16T19:29:45Z" finished-at="2014-12-16T19:29:46Z">
          <reporter-output>
          </reporter-output>
        </test-method> <!-- close -->
        <test-method status="PASS" signature="validateTestStandar(org.testng.ITestResult)[pri:0, instance:testcases.CBCS81_AsFinalizerICanQualifyAComic@572bd15e]" name="validateTestStandar" is-config="true" duration-ms="0" started-at="2014-12-16T19:29:46Z" finished-at="2014-12-16T19:29:46Z">
          <params>
            <param index="0">
              <value>
                <![CDATA[[TestResult name=asFinalizerICanQualifyAComicTest status=FAILURE method=CBCS81_AsFinalizerICanQualifyAComic.asFinalizerICanQualifyAComicTest(java.lang.String, java.lang.String, java.lang.String, java.lang.String, java.lang.String, java.lang.String, java.lang.String, java.lang.String, java.lang.String, java.lang.String, java.lang.String)[pri:0, instance:testcases.CBCS81_AsFinalizerICanQualifyAComic@572bd15e] output={null}]]]>
              </value>
            </param>
          </params>
          <reporter-output>
          </reporter-output>
        </test-method> <!-- validateTestStandar -->
      </class> <!-- testcases.CBCS81_AsFinalizerICanQualifyAComic -->
      <class name="testcases.CBCS_321AsCustomerICanSelectPickUpAtConvetionAsShipping">
        <test-method status="PASS" signature="setup()[pri:0, instance:testcases.CBCS_321AsCustomerICanSelectPickUpAtConvetionAsShipping@29d52a29]" name="setup" is-config="true" duration-ms="1981" started-at="2014-12-16T19:32:44Z" finished-at="2014-12-16T19:32:46Z">
          <reporter-output>
          </reporter-output>
        </test-method> <!-- setup -->
        <test-method status="PASS" signature="asCustomerICanSelectPickUpAtConvetionAsShippingTest(java.lang.String, java.lang.String, java.lang.String, java.lang.String, java.lang.String, java.lang.String, java.lang.String, java.lang.String, java.lang.String, java.lang.String)[pri:0, instance:testcases.CBCS_321AsCustomerICanSelectPickUpAtConvetionAsShipping@29d52a29]" name="asCustomerICanSelectPickUpAtConvetionAsShippingTest" duration-ms="54564" started-at="2014-12-16T19:32:46Z" data-provider="data" finished-at="2014-12-16T19:33:40Z">
          <params>
            <param index="0">
              <value>
                <![CDATA[lquesada@testingsoft.com]]>
              </value>
            </param>
            <param index="1">
              <value>
                <![CDATA[QAtest2014]]>
              </value>
            </param>
            <param index="2">
              <value>
                <![CDATA[3]]>
              </value>
            </param>
            <param index="3">
              <value>
                <![CDATA[T&T]]>
              </value>
            </param>
            <param index="4">
              <value>
                <![CDATA[Aurora Copy]]>
              </value>
            </param>
            <param index="5">
              <value>
                <![CDATA[Consumer $29. Value up to $400]]>
              </value>
            </param>
            <param index="6">
              <value>
                <![CDATA[chkBilling0]]>
              </value>
            </param>
            <param index="7">
              <value>
                <![CDATA[address0]]>
              </value>
            </param>
            <param index="8">
              <value>
                <![CDATA[FEDEX]]>
              </value>
            </param>
            <param index="9">
              <value>
                <![CDATA[Credit Card]]>
              </value>
            </param>
          </params>
          <reporter-output>
          </reporter-output>
        </test-method> <!-- asCustomerICanSelectPickUpAtConvetionAsShippingTest -->
        <test-method status="PASS" signature="close()[pri:0, instance:testcases.CBCS_321AsCustomerICanSelectPickUpAtConvetionAsShipping@29d52a29]" name="close" is-config="true" duration-ms="150" started-at="2014-12-16T19:33:40Z" finished-at="2014-12-16T19:33:40Z">
          <reporter-output>
          </reporter-output>
        </test-method> <!-- close -->
        <test-method status="PASS" signature="validateTestStandar(org.testng.ITestResult)[pri:0, instance:testcases.CBCS_321AsCustomerICanSelectPickUpAtConvetionAsShipping@29d52a29]" name="validateTestStandar" is-config="true" duration-ms="0" started-at="2014-12-16T19:33:40Z" finished-at="2014-12-16T19:33:40Z">
          <params>
            <param index="0">
              <value>
                <![CDATA[[TestResult name=asCustomerICanSelectPickUpAtConvetionAsShippingTest status=SUCCESS method=CBCS_321AsCustomerICanSelectPickUpAtConvetionAsShipping.asCustomerICanSelectPickUpAtConvetionAsShippingTest(java.lang.String, java.lang.String, java.lang.String, java.lang.String, java.lang.String, java.lang.String, java.lang.String, java.lang.String, java.lang.String, java.lang.String)[pri:0, instance:testcases.CBCS_321AsCustomerICanSelectPickUpAtConvetionAsShipping@29d52a29] output={null}]]]>
              </value>
            </param>
          </params>
          <reporter-output>
          </reporter-output>
        </test-method> <!-- validateTestStandar -->
      </class> <!-- testcases.CBCS_321AsCustomerICanSelectPickUpAtConvetionAsShipping -->
      <class name="testcases.CBCS315_AsAdminICanDeleteAReceiver">
        <test-method status="PASS" signature="setup()[pri:0, instance:testcases.CBCS315_AsAdminICanDeleteAReceiver@ffeaa19]" name="setup" is-config="true" duration-ms="3113" started-at="2014-12-16T19:31:15Z" finished-at="2014-12-16T19:31:18Z">
          <reporter-output>
          </reporter-output>
        </test-method> <!-- setup -->
        <test-method status="PASS" signature="asAdminIMayDeleteAReceiverTest(java.lang.String, java.lang.String, java.lang.String, java.lang.String)[pri:0, instance:testcases.CBCS315_AsAdminICanDeleteAReceiver@ffeaa19]" name="asAdminIMayDeleteAReceiverTest" duration-ms="48494" started-at="2014-12-16T19:31:18Z" data-provider="data" finished-at="2014-12-16T19:32:06Z">
          <params>
            <param index="0">
              <value>
                <![CDATA[lqadmin]]>
              </value>
            </param>
            <param index="1">
              <value>
                <![CDATA[123]]>
              </value>
            </param>
            <param index="2">
              <value>
                <![CDATA[admin]]>
              </value>
            </param>
            <param index="3">
              <value>
                <![CDATA[Receiver]]>
              </value>
            </param>
          </params>
          <reporter-output>
          </reporter-output>
        </test-method> <!-- asAdminIMayDeleteAReceiverTest -->
        <test-method status="PASS" signature="close()[pri:0, instance:testcases.CBCS315_AsAdminICanDeleteAReceiver@ffeaa19]" name="close" is-config="true" duration-ms="200" started-at="2014-12-16T19:32:06Z" finished-at="2014-12-16T19:32:07Z">
          <reporter-output>
          </reporter-output>
        </test-method> <!-- close -->
        <test-method status="PASS" signature="validateTestStandar(org.testng.ITestResult)[pri:0, instance:testcases.CBCS315_AsAdminICanDeleteAReceiver@ffeaa19]" name="validateTestStandar" is-config="true" duration-ms="0" started-at="2014-12-16T19:32:07Z" finished-at="2014-12-16T19:32:07Z">
          <params>
            <param index="0">
              <value>
                <![CDATA[[TestResult name=asAdminIMayDeleteAReceiverTest status=SUCCESS method=CBCS315_AsAdminICanDeleteAReceiver.asAdminIMayDeleteAReceiverTest(java.lang.String, java.lang.String, java.lang.String, java.lang.String)[pri:0, instance:testcases.CBCS315_AsAdminICanDeleteAReceiver@ffeaa19] output={null}]]]>
              </value>
            </param>
          </params>
          <reporter-output>
          </reporter-output>
        </test-method> <!-- validateTestStandar -->
      </class> <!-- testcases.CBCS315_AsAdminICanDeleteAReceiver -->
      <class name="testcases.CBCS316_AsCustomerICanAddANewShippingAddress">
        <test-method status="PASS" signature="setup()[pri:0, instance:testcases.CBCS316_AsCustomerICanAddANewShippingAddress@190e58a3]" name="setup" is-config="true" duration-ms="3073" started-at="2014-12-16T19:33:40Z" finished-at="2014-12-16T19:33:44Z">
          <reporter-output>
          </reporter-output>
        </test-method> <!-- setup -->
        <test-method status="FAIL" signature="asCustomerICanAddANewShippingAddressTest(java.lang.String, java.lang.String)[pri:0, instance:testcases.CBCS316_AsCustomerICanAddANewShippingAddress@190e58a3]" name="asCustomerICanAddANewShippingAddressTest" duration-ms="48840" started-at="2014-12-16T19:33:44Z" data-provider="data" finished-at="2014-12-16T19:34:32Z">
          <params>
            <param index="0">
              <value>
                <![CDATA[lquesada@testingsoft.com]]>
              </value>
            </param>
            <param index="1">
              <value>
                <![CDATA[QAtest2014]]>
              </value>
            </param>
          </params>
          <exception class="org.openqa.selenium.StaleElementReferenceException">
            <message>
              <![CDATA[Element not found in the cache - perhaps the page has changed since it was looked up
Command duration or timeout: 30.12 seconds
For documentation on this error, please visit: http://seleniumhq.org/exceptions/stale_element_reference.html
Build info: version: '2.41.0', revision: '3192d8a6c4449dc285928ba024779344f5423c58', time: '2014-03-27 11:29:39'
System info: host: 'MININT-KA5C7LA', ip: '169.254.76.222', os.name: 'Windows 7', os.arch: 'amd64', os.version: '6.1', java.version: '1.7.0_25'
Session ID: 52abe2af-6738-449e-b970-e4fa1f435f9f
Driver info: com.ts.commons.FirefoxDriver
Capabilities [{platform=XP, acceptSslCerts=true, javascriptEnabled=true, cssSelectorsEnabled=true, databaseEnabled=true, browserName=firefox, handlesAlerts=true, browserConnectionEnabled=true, webStorageEnabled=true, nativeEvents=false, rotatable=false, locationContextEnabled=true, applicationCacheEnabled=true, takesScreenshot=true, version=30.0}]]]>
            </message>
            <full-stacktrace>
              <![CDATA[org.openqa.selenium.StaleElementReferenceException: Element not found in the cache - perhaps the page has changed since it was looked up
Command duration or timeout: 30.12 seconds
For documentation on this error, please visit: http://seleniumhq.org/exceptions/stale_element_reference.html
Build info: version: '2.41.0', revision: '3192d8a6c4449dc285928ba024779344f5423c58', time: '2014-03-27 11:29:39'
System info: host: 'MININT-KA5C7LA', ip: '169.254.76.222', os.name: 'Windows 7', os.arch: 'amd64', os.version: '6.1', java.version: '1.7.0_25'
Session ID: 52abe2af-6738-449e-b970-e4fa1f435f9f
Driver info: com.ts.commons.FirefoxDriver
Capabilities [{platform=XP, acceptSslCerts=true, javascriptEnabled=true, cssSelectorsEnabled=true, databaseEnabled=true, browserName=firefox, handlesAlerts=true, browserConnectionEnabled=true, webStorageEnabled=true, nativeEvents=false, rotatable=false, locationContextEnabled=true, applicationCacheEnabled=true, takesScreenshot=true, version=30.0}]
	at sun.reflect.NativeConstructorAccessorImpl.newInstance0(Native Method)
	at sun.reflect.NativeConstructorAccessorImpl.newInstance(NativeConstructorAccessorImpl.java:57)
	at sun.reflect.DelegatingConstructorAccessorImpl.newInstance(DelegatingConstructorAccessorImpl.java:45)
	at java.lang.reflect.Constructor.newInstance(Constructor.java:526)
	at org.openqa.selenium.remote.ErrorHandler.createThrowable(ErrorHandler.java:193)
	at org.openqa.selenium.remote.ErrorHandler.throwIfResponseFailed(ErrorHandler.java:145)
	at org.openqa.selenium.remote.RemoteWebDriver.execute(RemoteWebDriver.java:595)
	at org.openqa.selenium.remote.RemoteWebElement.execute(RemoteWebElement.java:268)
	at org.openqa.selenium.remote.RemoteWebElement.getText(RemoteWebElement.java:152)
	at pages.AddressesInformationCustomerPage.isTextPresentInShippingAddress(AddressesInformationCustomerPage.java:376)
	at pages.AddressesInformationCustomerPage$5.Validate(AddressesInformationCustomerPage.java:421)
	at com.ts.commons.TestCaseUtil.check(TestCaseUtil.java:71)
	at testcases.CBCS316_AsCustomerICanAddANewShippingAddress.asCustomerICanAddANewShippingAddressTest(CBCS316_AsCustomerICanAddANewShippingAddress.java:104)
	at sun.reflect.NativeMethodAccessorImpl.invoke0(Native Method)
	at sun.reflect.NativeMethodAccessorImpl.invoke(NativeMethodAccessorImpl.java:57)
	at sun.reflect.DelegatingMethodAccessorImpl.invoke(DelegatingMethodAccessorImpl.java:43)
	at java.lang.reflect.Method.invoke(Method.java:606)
	at org.testng.internal.MethodInvocationHelper.invokeMethod(MethodInvocationHelper.java:84)
	at org.testng.internal.Invoker.invokeMethod(Invoker.java:714)
	at org.testng.internal.Invoker.invokeTestMethod(Invoker.java:901)
	at org.testng.internal.Invoker.invokeTestMethods(Invoker.java:1231)
	at org.testng.internal.TestMethodWorker.invokeTestMethods(TestMethodWorker.java:127)
	at org.testng.internal.TestMethodWorker.run(TestMethodWorker.java:111)
	at org.testng.TestRunner.privateRun(TestRunner.java:767)
	at org.testng.TestRunner.run(TestRunner.java:617)
	at org.testng.SuiteRunner.runTest(SuiteRunner.java:335)
	at org.testng.SuiteRunner.runSequentially(SuiteRunner.java:330)
	at org.testng.SuiteRunner.privateRun(SuiteRunner.java:291)
	at org.testng.SuiteRunner.run(SuiteRunner.java:240)
	at org.testng.SuiteRunnerWorker.runSuite(SuiteRunnerWorker.java:52)
	at org.testng.SuiteRunnerWorker.run(SuiteRunnerWorker.java:86)
	at org.testng.TestNG.runSuitesSequentially(TestNG.java:1224)
	at org.testng.TestNG.runSuitesLocally(TestNG.java:1149)
	at org.testng.TestNG.run(TestNG.java:1057)
	at org.testng.remote.RemoteTestNG.run(RemoteTestNG.java:111)
	at org.testng.remote.RemoteTestNG.initAndRun(RemoteTestNG.java:204)
	at org.testng.remote.RemoteTestNG.main(RemoteTestNG.java:175)
Caused by: org.openqa.selenium.remote.ErrorHandler$UnknownServerException: Element not found in the cache - perhaps the page has changed since it was looked up
Build info: version: '2.41.0', revision: '3192d8a6c4449dc285928ba024779344f5423c58', time: '2014-03-27 11:29:39'
System info: host: 'MININT-KA5C7LA', ip: '169.254.76.222', os.name: 'Windows 7', os.arch: 'amd64', os.version: '6.1', java.version: '1.7.0_25'
Driver info: driver.version: unknown
	at <anonymous class>.fxdriver.cache.getElementAt(resource://fxdriver/modules/web_element_cache.js:7610:5)
	at <anonymous class>.Utils.getElementAt(file:///C:/Users/Laur/AppData/Local/Temp/anonymous3921029865329728316webdriver-profile/extensions/fxdriver@googlecode.com/components/command_processor.js:7210:3)
	at <anonymous class>.WebElement.getElementText(file:///C:/Users/Laur/AppData/Local/Temp/anonymous3921029865329728316webdriver-profile/extensions/fxdriver@googlecode.com/components/command_processor.js:10322:1)
	at <anonymous class>.DelayedCommand.prototype.executeInternal_/h(file:///C:/Users/Laur/AppData/Local/Temp/anonymous3921029865329728316webdriver-profile/extensions/fxdriver@googlecode.com/components/command_processor.js:10884:11)
	at <anonymous class>.fxdriver.Timer.prototype.setTimeout/<.notify(file:///C:/Users/Laur/AppData/Local/Temp/anonymous3921029865329728316webdriver-profile/extensions/fxdriver@googlecode.com/components/command_processor.js:396:5)
]]>
            </full-stacktrace>
          </exception> <!-- org.openqa.selenium.StaleElementReferenceException -->
          <reporter-output>
          </reporter-output>
        </test-method> <!-- asCustomerICanAddANewShippingAddressTest -->
        <test-method status="PASS" signature="close()[pri:0, instance:testcases.CBCS316_AsCustomerICanAddANewShippingAddress@190e58a3]" name="close" is-config="true" duration-ms="150" started-at="2014-12-16T19:34:32Z" finished-at="2014-12-16T19:34:33Z">
          <reporter-output>
          </reporter-output>
        </test-method> <!-- close -->
        <test-method status="PASS" signature="validateTestStandar(org.testng.ITestResult)[pri:0, instance:testcases.CBCS316_AsCustomerICanAddANewShippingAddress@190e58a3]" name="validateTestStandar" is-config="true" duration-ms="0" started-at="2014-12-16T19:34:33Z" finished-at="2014-12-16T19:34:33Z">
          <params>
            <param index="0">
              <value>
                <![CDATA[[TestResult name=asCustomerICanAddANewShippingAddressTest status=FAILURE method=CBCS316_AsCustomerICanAddANewShippingAddress.asCustomerICanAddANewShippingAddressTest(java.lang.String, java.lang.String)[pri:0, instance:testcases.CBCS316_AsCustomerICanAddANewShippingAddress@190e58a3] output={null}]]]>
              </value>
            </param>
          </params>
          <reporter-output>
          </reporter-output>
        </test-method> <!-- validateTestStandar -->
      </class> <!-- testcases.CBCS316_AsCustomerICanAddANewShippingAddress -->
      <class name="testcases.CBCS183_ValidateExpandedConsumerTierRulesCorrectly">
        <test-method status="PASS" signature="setup()[pri:0, instance:testcases.CBCS183_ValidateExpandedConsumerTierRulesCorrectly@44865ee]" name="setup" is-config="true" duration-ms="2204" started-at="2014-12-16T19:39:21Z" finished-at="2014-12-16T19:39:24Z">
          <reporter-output>
          </reporter-output>
        </test-method> <!-- setup -->
        <test-method status="PASS" signature="validateExpandedConsumerTierRulesCorrectlyTest(java.lang.String, java.lang.String, java.lang.String, java.lang.String, java.lang.String, java.lang.String, java.lang.String, java.lang.String, java.lang.String, java.lang.String, java.lang.String, java.lang.String, java.lang.String, java.lang.String, java.lang.String, java.lang.String, java.lang.String, java.lang.String)[pri:0, instance:testcases.CBCS183_ValidateExpandedConsumerTierRulesCorrectly@44865ee]" name="validateExpandedConsumerTierRulesCorrectlyTest" duration-ms="56049" started-at="2014-12-16T19:39:24Z" data-provider="data" finished-at="2014-12-16T19:40:20Z">
          <params>
            <param index="0">
              <value>
                <![CDATA[lquesada@testingsoft.com]]>
              </value>
            </param>
            <param index="1">
              <value>
                <![CDATA[QAtest2014]]>
              </value>
            </param>
            <param index="2">
              <value>
                <![CDATA[1]]>
              </value>
            </param>
            <param index="3">
              <value>
                <![CDATA[50]]>
              </value>
            </param>
            <param index="4">
              <value>
                <![CDATA[Aurora Copy]]>
              </value>
            </param>
            <param index="5">
              <value>
                <![CDATA[Expanded Consumer (Pre-1969) $22. Value up to $250]]>
              </value>
            </param>
            <param index="6">
              <value>
                <![CDATA[29]]>
              </value>
            </param>
            <param index="7">
              <value>
                <![CDATA[1968]]>
              </value>
            </param>
            <param index="8">
              <value>
                <![CDATA[8.0]]>
              </value>
            </param>
            <param index="9">
              <value>
                <![CDATA[250]]>
              </value>
            </param>
            <param index="10">
              <value>
                <![CDATA[USD $8.00]]>
              </value>
            </param>
            <param index="11">
              <value>
                <![CDATA[USD $30.00]]>
              </value>
            </param>
            <param index="12">
              <value>
                <![CDATA[USD $4.00]]>
              </value>
            </param>
            <param index="13">
              <value>
                <![CDATA[USD $64.00]]>
              </value>
            </param>
            <param index="14">
              <value>
                <![CDATA[chkBilling0]]>
              </value>
            </param>
            <param index="15">
              <value>
                <![CDATA[address0]]>
              </value>
            </param>
            <param index="16">
              <value>
                <![CDATA[FEDEX]]>
              </value>
            </param>
            <param index="17">
              <value>
                <![CDATA[Credit Card]]>
              </value>
            </param>
          </params>
          <reporter-output>
          </reporter-output>
        </test-method> <!-- validateExpandedConsumerTierRulesCorrectlyTest -->
        <test-method status="PASS" signature="close()[pri:0, instance:testcases.CBCS183_ValidateExpandedConsumerTierRulesCorrectly@44865ee]" name="close" is-config="true" duration-ms="150" started-at="2014-12-16T19:40:20Z" finished-at="2014-12-16T19:40:20Z">
          <reporter-output>
          </reporter-output>
        </test-method> <!-- close -->
        <test-method status="PASS" signature="validateTestStandar(org.testng.ITestResult)[pri:0, instance:testcases.CBCS183_ValidateExpandedConsumerTierRulesCorrectly@44865ee]" name="validateTestStandar" is-config="true" duration-ms="0" started-at="2014-12-16T19:40:20Z" finished-at="2014-12-16T19:40:20Z">
          <params>
            <param index="0">
              <value>
                <![CDATA[[TestResult name=validateExpandedConsumerTierRulesCorrectlyTest status=SUCCESS method=CBCS183_ValidateExpandedConsumerTierRulesCorrectly.validateExpandedConsumerTierRulesCorrectlyTest(java.lang.String, java.lang.String, java.lang.String, java.lang.String, java.lang.String, java.lang.String, java.lang.String, java.lang.String, java.lang.String, java.lang.String, java.lang.String, java.lang.String, java.lang.String, java.lang.String, java.lang.String, java.lang.String, java.lang.String, java.lang.String)[pri:0, instance:testcases.CBCS183_ValidateExpandedConsumerTierRulesCorrectly@44865ee] output={null}]]]>
              </value>
            </param>
          </params>
          <reporter-output>
          </reporter-output>
        </test-method> <!-- validateTestStandar -->
      </class> <!-- testcases.CBCS183_ValidateExpandedConsumerTierRulesCorrectly -->
      <class name="testcases.CBCS92_AsAdminICanCreateAReceiverUser">
        <test-method status="PASS" signature="setup()[pri:0, instance:testcases.CBCS92_AsAdminICanCreateAReceiverUser@6dbac50f]" name="setup" is-config="true" duration-ms="3103" started-at="2014-12-16T19:37:50Z" finished-at="2014-12-16T19:37:53Z">
          <reporter-output>
          </reporter-output>
        </test-method> <!-- setup -->
        <test-method status="PASS" signature="asAdminIMayCreateAReceiverUserTest(java.lang.String, java.lang.String, java.lang.String, java.lang.String)[pri:0, instance:testcases.CBCS92_AsAdminICanCreateAReceiverUser@6dbac50f]" name="asAdminIMayCreateAReceiverUserTest" duration-ms="8478" started-at="2014-12-16T19:37:53Z" data-provider="data" finished-at="2014-12-16T19:38:02Z">
          <params>
            <param index="0">
              <value>
                <![CDATA[lqadmin]]>
              </value>
            </param>
            <param index="1">
              <value>
                <![CDATA[123]]>
              </value>
            </param>
            <param index="2">
              <value>
                <![CDATA[admin]]>
              </value>
            </param>
            <param index="3">
              <value>
                <![CDATA[Receiver]]>
              </value>
            </param>
          </params>
          <reporter-output>
          </reporter-output>
        </test-method> <!-- asAdminIMayCreateAReceiverUserTest -->
        <test-method status="PASS" signature="close()[pri:0, instance:testcases.CBCS92_AsAdminICanCreateAReceiverUser@6dbac50f]" name="close" is-config="true" duration-ms="37615" started-at="2014-12-16T19:38:02Z" finished-at="2014-12-16T19:38:40Z">
          <reporter-output>
          </reporter-output>
        </test-method> <!-- close -->
        <test-method status="PASS" signature="validateTestStandar(org.testng.ITestResult)[pri:0, instance:testcases.CBCS92_AsAdminICanCreateAReceiverUser@6dbac50f]" name="validateTestStandar" is-config="true" duration-ms="0" started-at="2014-12-16T19:38:40Z" finished-at="2014-12-16T19:38:40Z">
          <params>
            <param index="0">
              <value>
                <![CDATA[[TestResult name=asAdminIMayCreateAReceiverUserTest status=SUCCESS method=CBCS92_AsAdminICanCreateAReceiverUser.asAdminIMayCreateAReceiverUserTest(java.lang.String, java.lang.String, java.lang.String, java.lang.String)[pri:0, instance:testcases.CBCS92_AsAdminICanCreateAReceiverUser@6dbac50f] output={null}]]]>
              </value>
            </param>
          </params>
          <reporter-output>
          </reporter-output>
        </test-method> <!-- validateTestStandar -->
      </class> <!-- testcases.CBCS92_AsAdminICanCreateAReceiverUser -->
      <class name="testcases.CBCS309_AsGraderICanChangeTierStatusToGraded">
        <test-method status="PASS" signature="setup()[pri:0, instance:testcases.CBCS309_AsGraderICanChangeTierStatusToGraded@6be05ef2]" name="setup" is-config="true" duration-ms="2133" started-at="2014-12-16T19:26:18Z" finished-at="2014-12-16T19:26:20Z">
          <reporter-output>
          </reporter-output>
        </test-method> <!-- setup -->
        <test-method status="FAIL" signature="asGraderICanChangeTierStatusToGradedTest(java.lang.String, java.lang.String, java.lang.String, java.lang.String, java.lang.String, java.lang.String, java.lang.String, java.lang.String, java.lang.String, java.lang.String, java.lang.String)[pri:0, instance:testcases.CBCS309_AsGraderICanChangeTierStatusToGraded@6be05ef2]" name="asGraderICanChangeTierStatusToGradedTest" duration-ms="99921" started-at="2014-12-16T19:26:20Z" data-provider="data" finished-at="2014-12-16T19:28:00Z">
          <params>
            <param index="0">
              <value>
                <![CDATA[lqgrader]]>
              </value>
            </param>
            <param index="1">
              <value>
                <![CDATA[123]]>
              </value>
            </param>
            <param index="2">
              <value>
                <![CDATA[grader]]>
              </value>
            </param>
            <param index="3">
              <value>
                <![CDATA[0002754-AA]]>
              </value>
            </param>
            <param index="4">
              <value>
                <![CDATA[3]]>
              </value>
            </param>
            <param index="5">
              <value>
                <![CDATA[1]]>
              </value>
            </param>
            <param index="6">
              <value>
                <![CDATA[1]]>
              </value>
            </param>
            <param index="7">
              <value>
                <![CDATA[7.5]]>
              </value>
            </param>
            <param index="8">
              <value>
                <![CDATA[White]]>
              </value>
            </param>
            <param index="9">
              <value>
                <![CDATA[Graded]]>
              </value>
            </param>
            <param index="10">
              <value>
                <![CDATA[Grader]]>
              </value>
            </param>
          </params>
          <exception class="org.openqa.selenium.NoSuchElementException">
            <message>
              <![CDATA[Unable to locate element: {"method":"xpath","selector":"//td/span[text()='0002754-AA']/../../td/span[contains(.,'Graded')]"}
Command duration or timeout: 30.08 seconds
For documentation on this error, please visit: http://seleniumhq.org/exceptions/no_such_element.html
Build info: version: '2.41.0', revision: '3192d8a6c4449dc285928ba024779344f5423c58', time: '2014-03-27 11:29:39'
System info: host: 'MININT-KA5C7LA', ip: '169.254.76.222', os.name: 'Windows 7', os.arch: 'amd64', os.version: '6.1', java.version: '1.7.0_25'
Session ID: 2a9e85bf-d324-4b40-a026-0d5ae4a3b87b
Driver info: com.ts.commons.FirefoxDriver
Capabilities [{platform=XP, acceptSslCerts=true, javascriptEnabled=true, cssSelectorsEnabled=true, databaseEnabled=true, browserName=firefox, handlesAlerts=true, browserConnectionEnabled=true, webStorageEnabled=true, nativeEvents=false, rotatable=false, locationContextEnabled=true, applicationCacheEnabled=true, takesScreenshot=true, version=30.0}]]]>
            </message>
            <full-stacktrace>
              <![CDATA[org.openqa.selenium.NoSuchElementException: Unable to locate element: {"method":"xpath","selector":"//td/span[text()='0002754-AA']/../../td/span[contains(.,'Graded')]"}
Command duration or timeout: 30.08 seconds
For documentation on this error, please visit: http://seleniumhq.org/exceptions/no_such_element.html
Build info: version: '2.41.0', revision: '3192d8a6c4449dc285928ba024779344f5423c58', time: '2014-03-27 11:29:39'
System info: host: 'MININT-KA5C7LA', ip: '169.254.76.222', os.name: 'Windows 7', os.arch: 'amd64', os.version: '6.1', java.version: '1.7.0_25'
Session ID: 2a9e85bf-d324-4b40-a026-0d5ae4a3b87b
Driver info: com.ts.commons.FirefoxDriver
Capabilities [{platform=XP, acceptSslCerts=true, javascriptEnabled=true, cssSelectorsEnabled=true, databaseEnabled=true, browserName=firefox, handlesAlerts=true, browserConnectionEnabled=true, webStorageEnabled=true, nativeEvents=false, rotatable=false, locationContextEnabled=true, applicationCacheEnabled=true, takesScreenshot=true, version=30.0}]
	at sun.reflect.NativeConstructorAccessorImpl.newInstance0(Native Method)
	at sun.reflect.NativeConstructorAccessorImpl.newInstance(NativeConstructorAccessorImpl.java:57)
	at sun.reflect.DelegatingConstructorAccessorImpl.newInstance(DelegatingConstructorAccessorImpl.java:45)
	at java.lang.reflect.Constructor.newInstance(Constructor.java:526)
	at org.openqa.selenium.remote.ErrorHandler.createThrowable(ErrorHandler.java:193)
	at org.openqa.selenium.remote.ErrorHandler.throwIfResponseFailed(ErrorHandler.java:145)
	at org.openqa.selenium.remote.RemoteWebDriver.execute(RemoteWebDriver.java:595)
	at org.openqa.selenium.remote.RemoteWebDriver.findElement(RemoteWebDriver.java:348)
	at org.openqa.selenium.remote.RemoteWebDriver.findElementByXPath(RemoteWebDriver.java:445)
	at org.openqa.selenium.By$ByXPath.findElement(By.java:357)
	at org.openqa.selenium.remote.RemoteWebDriver.findElement(RemoteWebDriver.java:340)
	at utils.Utils$2.Validate(Utils.java:86)
	at com.ts.commons.TestCaseUtil.check(TestCaseUtil.java:71)
	at testcases.CBCS309_AsGraderICanChangeTierStatusToGraded.asGraderICanChangeTierStatusToGradedTest(CBCS309_AsGraderICanChangeTierStatusToGraded.java:133)
	at sun.reflect.NativeMethodAccessorImpl.invoke0(Native Method)
	at sun.reflect.NativeMethodAccessorImpl.invoke(NativeMethodAccessorImpl.java:57)
	at sun.reflect.DelegatingMethodAccessorImpl.invoke(DelegatingMethodAccessorImpl.java:43)
	at java.lang.reflect.Method.invoke(Method.java:606)
	at org.testng.internal.MethodInvocationHelper.invokeMethod(MethodInvocationHelper.java:84)
	at org.testng.internal.Invoker.invokeMethod(Invoker.java:714)
	at org.testng.internal.Invoker.invokeTestMethod(Invoker.java:901)
	at org.testng.internal.Invoker.invokeTestMethods(Invoker.java:1231)
	at org.testng.internal.TestMethodWorker.invokeTestMethods(TestMethodWorker.java:127)
	at org.testng.internal.TestMethodWorker.run(TestMethodWorker.java:111)
	at org.testng.TestRunner.privateRun(TestRunner.java:767)
	at org.testng.TestRunner.run(TestRunner.java:617)
	at org.testng.SuiteRunner.runTest(SuiteRunner.java:335)
	at org.testng.SuiteRunner.runSequentially(SuiteRunner.java:330)
	at org.testng.SuiteRunner.privateRun(SuiteRunner.java:291)
	at org.testng.SuiteRunner.run(SuiteRunner.java:240)
	at org.testng.SuiteRunnerWorker.runSuite(SuiteRunnerWorker.java:52)
	at org.testng.SuiteRunnerWorker.run(SuiteRunnerWorker.java:86)
	at org.testng.TestNG.runSuitesSequentially(TestNG.java:1224)
	at org.testng.TestNG.runSuitesLocally(TestNG.java:1149)
	at org.testng.TestNG.run(TestNG.java:1057)
	at org.testng.remote.RemoteTestNG.run(RemoteTestNG.java:111)
	at org.testng.remote.RemoteTestNG.initAndRun(RemoteTestNG.java:204)
	at org.testng.remote.RemoteTestNG.main(RemoteTestNG.java:175)
Caused by: org.openqa.selenium.remote.ErrorHandler$UnknownServerException: Unable to locate element: {"method":"xpath","selector":"//td/span[text()='0002754-AA']/../../td/span[contains(.,'Graded')]"}
Build info: version: '2.41.0', revision: '3192d8a6c4449dc285928ba024779344f5423c58', time: '2014-03-27 11:29:39'
System info: host: 'MININT-KA5C7LA', ip: '169.254.76.222', os.name: 'Windows 7', os.arch: 'amd64', os.version: '6.1', java.version: '1.7.0_25'
Driver info: driver.version: unknown
	at <anonymous class>.FirefoxDriver.prototype.findElementInternal_(file:///C:/Users/Laur/AppData/Local/Temp/anonymous6236478822604126635webdriver-profile/extensions/fxdriver@googlecode.com/components/driver_component.js:8905:7)
	at <anonymous class>.fxdriver.Timer.prototype.setTimeout/<.notify(file:///C:/Users/Laur/AppData/Local/Temp/anonymous6236478822604126635webdriver-profile/extensions/fxdriver@googlecode.com/components/driver_component.js:396:5)
]]>
            </full-stacktrace>
          </exception> <!-- org.openqa.selenium.NoSuchElementException -->
          <reporter-output>
          </reporter-output>
        </test-method> <!-- asGraderICanChangeTierStatusToGradedTest -->
        <test-method status="PASS" signature="close()[pri:0, instance:testcases.CBCS309_AsGraderICanChangeTierStatusToGraded@6be05ef2]" name="close" is-config="true" duration-ms="231" started-at="2014-12-16T19:28:00Z" finished-at="2014-12-16T19:28:00Z">
          <reporter-output>
          </reporter-output>
        </test-method> <!-- close -->
        <test-method status="PASS" signature="validateTestStandar(org.testng.ITestResult)[pri:0, instance:testcases.CBCS309_AsGraderICanChangeTierStatusToGraded@6be05ef2]" name="validateTestStandar" is-config="true" duration-ms="0" started-at="2014-12-16T19:28:00Z" finished-at="2014-12-16T19:28:00Z">
          <params>
            <param index="0">
              <value>
                <![CDATA[[TestResult name=asGraderICanChangeTierStatusToGradedTest status=FAILURE method=CBCS309_AsGraderICanChangeTierStatusToGraded.asGraderICanChangeTierStatusToGradedTest(java.lang.String, java.lang.String, java.lang.String, java.lang.String, java.lang.String, java.lang.String, java.lang.String, java.lang.String, java.lang.String, java.lang.String, java.lang.String)[pri:0, instance:testcases.CBCS309_AsGraderICanChangeTierStatusToGraded@6be05ef2] output={null}]]]>
              </value>
            </param>
          </params>
          <reporter-output>
          </reporter-output>
        </test-method> <!-- validateTestStandar -->
      </class> <!-- testcases.CBCS309_AsGraderICanChangeTierStatusToGraded -->
      <class name="testcases.CBCS214_AsCustomerICanAddACouponToTheaOrder">
        <test-method status="PASS" signature="setup()[pri:0, instance:testcases.CBCS214_AsCustomerICanAddACouponToTheaOrder@67591ba4]" name="setup" is-config="true" duration-ms="2013" started-at="2014-12-16T19:36:31Z" finished-at="2014-12-16T19:36:33Z">
          <reporter-output>
          </reporter-output>
        </test-method> <!-- setup -->
        <test-method status="PASS" signature="asCustomerICanAddACouponToTheaOrderTest(java.lang.String, java.lang.String, java.lang.String, java.lang.String, java.lang.String, java.lang.String, java.lang.String, java.lang.String, java.lang.String, java.lang.String)[pri:0, instance:testcases.CBCS214_AsCustomerICanAddACouponToTheaOrder@67591ba4]" name="asCustomerICanAddACouponToTheaOrderTest" duration-ms="58505" started-at="2014-12-16T19:36:33Z" data-provider="data" finished-at="2014-12-16T19:37:32Z">
          <params>
            <param index="0">
              <value>
                <![CDATA[lquesada@testingsoft.com]]>
              </value>
            </param>
            <param index="1">
              <value>
                <![CDATA[QAtest2014]]>
              </value>
            </param>
            <param index="2">
              <value>
                <![CDATA[3]]>
              </value>
            </param>
            <param index="3">
              <value>
                <![CDATA[50]]>
              </value>
            </param>
            <param index="4">
              <value>
                <![CDATA[Aurora Copy]]>
              </value>
            </param>
            <param index="5">
              <value>
                <![CDATA[Consumer $29. Value up to $400]]>
              </value>
            </param>
            <param index="6">
              <value>
                <![CDATA[chkBilling0]]>
              </value>
            </param>
            <param index="7">
              <value>
                <![CDATA[address0]]>
              </value>
            </param>
            <param index="8">
              <value>
                <![CDATA[FEDEX]]>
              </value>
            </param>
            <param index="9">
              <value>
                <![CDATA[Credit Card]]>
              </value>
            </param>
          </params>
          <reporter-output>
          </reporter-output>
        </test-method> <!-- asCustomerICanAddACouponToTheaOrderTest -->
        <test-method status="PASS" signature="close()[pri:0, instance:testcases.CBCS214_AsCustomerICanAddACouponToTheaOrder@67591ba4]" name="close" is-config="true" duration-ms="160" started-at="2014-12-16T19:37:32Z" finished-at="2014-12-16T19:37:32Z">
          <reporter-output>
          </reporter-output>
        </test-method> <!-- close -->
        <test-method status="PASS" signature="validateTestStandar(org.testng.ITestResult)[pri:0, instance:testcases.CBCS214_AsCustomerICanAddACouponToTheaOrder@67591ba4]" name="validateTestStandar" is-config="true" duration-ms="0" started-at="2014-12-16T19:37:32Z" finished-at="2014-12-16T19:37:32Z">
          <params>
            <param index="0">
              <value>
                <![CDATA[[TestResult name=asCustomerICanAddACouponToTheaOrderTest status=SUCCESS method=CBCS214_AsCustomerICanAddACouponToTheaOrder.asCustomerICanAddACouponToTheaOrderTest(java.lang.String, java.lang.String, java.lang.String, java.lang.String, java.lang.String, java.lang.String, java.lang.String, java.lang.String, java.lang.String, java.lang.String)[pri:0, instance:testcases.CBCS214_AsCustomerICanAddACouponToTheaOrder@67591ba4] output={null}]]]>
              </value>
            </param>
          </params>
          <reporter-output>
          </reporter-output>
        </test-method> <!-- validateTestStandar -->
      </class> <!-- testcases.CBCS214_AsCustomerICanAddACouponToTheaOrder -->
      <class name="testcases.CBCS305_ReceiverLogin">
        <test-method status="PASS" signature="setup()[pri:0, instance:testcases.CBCS305_ReceiverLogin@259f1b1d]" name="setup" is-config="true" duration-ms="2102" started-at="2014-12-16T19:35:29Z" finished-at="2014-12-16T19:35:31Z">
          <reporter-output>
          </reporter-output>
        </test-method> <!-- setup -->
        <test-method status="PASS" signature="receiverLoginTest(java.lang.String, java.lang.String, java.lang.String, java.lang.String, java.lang.String, java.lang.String, java.lang.String, java.lang.String, java.lang.String, java.lang.String, java.lang.String)[pri:0, instance:testcases.CBCS305_ReceiverLogin@259f1b1d]" name="receiverLoginTest" duration-ms="4931" started-at="2014-12-16T19:35:31Z" data-provider="data" finished-at="2014-12-16T19:35:36Z">
          <params>
            <param index="0">
              <value>
                <![CDATA[lqreceiver]]>
              </value>
            </param>
            <param index="1">
              <value>
                <![CDATA[123]]>
              </value>
            </param>
            <param index="2">
              <value>
                <![CDATA[receiver]]>
              </value>
            </param>
            <param index="3">
              <value>
                <![CDATA[0002754-AA]]>
              </value>
            </param>
            <param index="4">
              <value>
                <![CDATA[3]]>
              </value>
            </param>
            <param index="5">
              <value>
                <![CDATA[1]]>
              </value>
            </param>
            <param index="6">
              <value>
                <![CDATA[3]]>
              </value>
            </param>
            <param index="7">
              <value>
                <![CDATA[9.4]]>
              </value>
            </param>
            <param index="8">
              <value>
                <![CDATA[White]]>
              </value>
            </param>
            <param index="9">
              <value>
                <![CDATA[In Safe]]>
              </value>
            </param>
            <param index="10">
              <value>
                <![CDATA[Receiver]]>
              </value>
            </param>
          </params>
          <reporter-output>
          </reporter-output>
        </test-method> <!-- receiverLoginTest -->
        <test-method status="PASS" signature="close()[pri:0, instance:testcases.CBCS305_ReceiverLogin@259f1b1d]" name="close" is-config="true" duration-ms="150" started-at="2014-12-16T19:35:36Z" finished-at="2014-12-16T19:35:36Z">
          <reporter-output>
          </reporter-output>
        </test-method> <!-- close -->
        <test-method status="PASS" signature="validateTestStandar(org.testng.ITestResult)[pri:0, instance:testcases.CBCS305_ReceiverLogin@259f1b1d]" name="validateTestStandar" is-config="true" duration-ms="0" started-at="2014-12-16T19:35:36Z" finished-at="2014-12-16T19:35:36Z">
          <params>
            <param index="0">
              <value>
                <![CDATA[[TestResult name=receiverLoginTest status=SUCCESS method=CBCS305_ReceiverLogin.receiverLoginTest(java.lang.String, java.lang.String, java.lang.String, java.lang.String, java.lang.String, java.lang.String, java.lang.String, java.lang.String, java.lang.String, java.lang.String, java.lang.String)[pri:0, instance:testcases.CBCS305_ReceiverLogin@259f1b1d] output={null}]]]>
              </value>
            </param>
          </params>
          <reporter-output>
          </reporter-output>
        </test-method> <!-- validateTestStandar -->
      </class> <!-- testcases.CBCS305_ReceiverLogin -->
      <class name="testcases.CBCS317_AsCustomerICanUseMyBillingAddressAsShippingAddress">
        <test-method status="PASS" signature="setup()[pri:0, instance:testcases.CBCS317_AsCustomerICanUseMyBillingAddressAsShippingAddress@368eb8bf]" name="setup" is-config="true" duration-ms="3553" started-at="2014-12-16T19:36:09Z" finished-at="2014-12-16T19:36:12Z">
          <reporter-output>
          </reporter-output>
        </test-method> <!-- setup -->
        <test-method status="PASS" signature="asCustomerICanUseMyBillingAddressAsShippingAddressTest(java.lang.String, java.lang.String)[pri:0, instance:testcases.CBCS317_AsCustomerICanUseMyBillingAddressAsShippingAddress@368eb8bf]" name="asCustomerICanUseMyBillingAddressAsShippingAddressTest" duration-ms="18698" started-at="2014-12-16T19:36:12Z" data-provider="data" finished-at="2014-12-16T19:36:31Z">
          <params>
            <param index="0">
              <value>
                <![CDATA[lquesada@testingsoft.com]]>
              </value>
            </param>
            <param index="1">
              <value>
                <![CDATA[QAtest2014]]>
              </value>
            </param>
          </params>
          <reporter-output>
          </reporter-output>
        </test-method> <!-- asCustomerICanUseMyBillingAddressAsShippingAddressTest -->
        <test-method status="PASS" signature="close()[pri:0, instance:testcases.CBCS317_AsCustomerICanUseMyBillingAddressAsShippingAddress@368eb8bf]" name="close" is-config="true" duration-ms="160" started-at="2014-12-16T19:36:31Z" finished-at="2014-12-16T19:36:31Z">
          <reporter-output>
          </reporter-output>
        </test-method> <!-- close -->
        <test-method status="PASS" signature="validateTestStandar(org.testng.ITestResult)[pri:0, instance:testcases.CBCS317_AsCustomerICanUseMyBillingAddressAsShippingAddress@368eb8bf]" name="validateTestStandar" is-config="true" duration-ms="0" started-at="2014-12-16T19:36:31Z" finished-at="2014-12-16T19:36:31Z">
          <params>
            <param index="0">
              <value>
                <![CDATA[[TestResult name=asCustomerICanUseMyBillingAddressAsShippingAddressTest status=SUCCESS method=CBCS317_AsCustomerICanUseMyBillingAddressAsShippingAddress.asCustomerICanUseMyBillingAddressAsShippingAddressTest(java.lang.String, java.lang.String)[pri:0, instance:testcases.CBCS317_AsCustomerICanUseMyBillingAddressAsShippingAddress@368eb8bf] output={null}]]]>
              </value>
            </param>
          </params>
          <reporter-output>
          </reporter-output>
        </test-method> <!-- validateTestStandar -->
      </class> <!-- testcases.CBCS317_AsCustomerICanUseMyBillingAddressAsShippingAddress -->
      <class name="testcases.CBCS316_AsCustomerICanSeeTheListOfAllMyOrders">
        <test-method status="PASS" signature="setup()[pri:0, instance:testcases.CBCS316_AsCustomerICanSeeTheListOfAllMyOrders@2a0aa21e]" name="setup" is-config="true" duration-ms="3104" started-at="2014-12-16T19:32:30Z" finished-at="2014-12-16T19:32:33Z">
          <reporter-output>
          </reporter-output>
        </test-method> <!-- setup -->
        <test-method status="PASS" signature="asCustomerICanSeeTheListOfAllMyOrdersTest(java.lang.String, java.lang.String)[pri:0, instance:testcases.CBCS316_AsCustomerICanSeeTheListOfAllMyOrders@2a0aa21e]" name="asCustomerICanSeeTheListOfAllMyOrdersTest" duration-ms="10742" started-at="2014-12-16T19:32:33Z" data-provider="data" finished-at="2014-12-16T19:32:43Z">
          <params>
            <param index="0">
              <value>
                <![CDATA[lquesada@testingsoft.com]]>
              </value>
            </param>
            <param index="1">
              <value>
                <![CDATA[QAtest2014]]>
              </value>
            </param>
          </params>
          <reporter-output>
          </reporter-output>
        </test-method> <!-- asCustomerICanSeeTheListOfAllMyOrdersTest -->
        <test-method status="PASS" signature="close()[pri:0, instance:testcases.CBCS316_AsCustomerICanSeeTheListOfAllMyOrders@2a0aa21e]" name="close" is-config="true" duration-ms="210" started-at="2014-12-16T19:32:43Z" finished-at="2014-12-16T19:32:44Z">
          <reporter-output>
          </reporter-output>
        </test-method> <!-- close -->
        <test-method status="PASS" signature="validateTestStandar(org.testng.ITestResult)[pri:0, instance:testcases.CBCS316_AsCustomerICanSeeTheListOfAllMyOrders@2a0aa21e]" name="validateTestStandar" is-config="true" duration-ms="0" started-at="2014-12-16T19:32:44Z" finished-at="2014-12-16T19:32:44Z">
          <params>
            <param index="0">
              <value>
                <![CDATA[[TestResult name=asCustomerICanSeeTheListOfAllMyOrdersTest status=SUCCESS method=CBCS316_AsCustomerICanSeeTheListOfAllMyOrders.asCustomerICanSeeTheListOfAllMyOrdersTest(java.lang.String, java.lang.String)[pri:0, instance:testcases.CBCS316_AsCustomerICanSeeTheListOfAllMyOrders@2a0aa21e] output={null}]]]>
              </value>
            </param>
          </params>
          <reporter-output>
          </reporter-output>
        </test-method> <!-- validateTestStandar -->
      </class> <!-- testcases.CBCS316_AsCustomerICanSeeTheListOfAllMyOrders -->
      <class name="testcases.CBCS138_AsShippingICanChangeTierStatusToShipped">
        <test-method status="PASS" signature="setup()[pri:0, instance:testcases.CBCS138_AsShippingICanChangeTierStatusToShipped@4c418cf]" name="setup" is-config="true" duration-ms="3064" started-at="2014-12-16T19:30:46Z" finished-at="2014-12-16T19:30:49Z">
          <reporter-output>
          </reporter-output>
        </test-method> <!-- setup -->
        <test-method status="PASS" signature="changeTierStatusToShippedTest(java.lang.String, java.lang.String, java.lang.String, java.lang.String, java.lang.String, java.lang.String, java.lang.String, java.lang.String, java.lang.String, java.lang.String, java.lang.String, java.lang.String)[pri:0, instance:testcases.CBCS138_AsShippingICanChangeTierStatusToShipped@4c418cf]" name="changeTierStatusToShippedTest" duration-ms="13604" started-at="2014-12-16T19:30:49Z" data-provider="data" finished-at="2014-12-16T19:31:03Z">
          <params>
            <param index="0">
              <value>
                <![CDATA[lqshipping]]>
              </value>
            </param>
            <param index="1">
              <value>
                <![CDATA[123]]>
              </value>
            </param>
            <param index="2">
              <value>
                <![CDATA[shipping]]>
              </value>
            </param>
            <param index="3">
              <value>
                <![CDATA[0002754-AA]]>
              </value>
            </param>
            <param index="4">
              <value>
                <![CDATA[3]]>
              </value>
            </param>
            <param index="5">
              <value>
                <![CDATA[1]]>
              </value>
            </param>
            <param index="6">
              <value>
                <![CDATA[1]]>
              </value>
            </param>
            <param index="7">
              <value>
                <![CDATA[9.4]]>
              </value>
            </param>
            <param index="8">
              <value>
                <![CDATA[White]]>
              </value>
            </param>
            <param index="9">
              <value>
                <![CDATA[Shipped]]>
              </value>
            </param>
            <param index="10">
              <value>
                <![CDATA[777]]>
              </value>
            </param>
            <param index="11">
              <value>
                <![CDATA[Shipping]]>
              </value>
            </param>
          </params>
          <reporter-output>
          </reporter-output>
        </test-method> <!-- changeTierStatusToShippedTest -->
        <test-method status="PASS" signature="close()[pri:0, instance:testcases.CBCS138_AsShippingICanChangeTierStatusToShipped@4c418cf]" name="close" is-config="true" duration-ms="180" started-at="2014-12-16T19:31:03Z" finished-at="2014-12-16T19:31:03Z">
          <reporter-output>
          </reporter-output>
        </test-method> <!-- close -->
        <test-method status="PASS" signature="validateTestStandar(org.testng.ITestResult)[pri:0, instance:testcases.CBCS138_AsShippingICanChangeTierStatusToShipped@4c418cf]" name="validateTestStandar" is-config="true" duration-ms="0" started-at="2014-12-16T19:31:03Z" finished-at="2014-12-16T19:31:03Z">
          <params>
            <param index="0">
              <value>
                <![CDATA[[TestResult name=changeTierStatusToShippedTest status=SUCCESS method=CBCS138_AsShippingICanChangeTierStatusToShipped.changeTierStatusToShippedTest(java.lang.String, java.lang.String, java.lang.String, java.lang.String, java.lang.String, java.lang.String, java.lang.String, java.lang.String, java.lang.String, java.lang.String, java.lang.String, java.lang.String)[pri:0, instance:testcases.CBCS138_AsShippingICanChangeTierStatusToShipped@4c418cf] output={null}]]]>
              </value>
            </param>
          </params>
          <reporter-output>
          </reporter-output>
        </test-method> <!-- validateTestStandar -->
      </class> <!-- testcases.CBCS138_AsShippingICanChangeTierStatusToShipped -->
      <class name="testcases.CBCS_320AsCustomerICanSelectPickUpAtCBCSAsShipping">
        <test-method status="PASS" signature="setup()[pri:0, instance:testcases.CBCS_320AsCustomerICanSelectPickUpAtCBCSAsShipping@6faa7dbc]" name="setup" is-config="true" duration-ms="2082" started-at="2014-12-16T19:34:33Z" finished-at="2014-12-16T19:34:35Z">
          <reporter-output>
          </reporter-output>
        </test-method> <!-- setup -->
        <test-method status="PASS" signature="asCustomerICanSelectPickUpAtCBCSAsShippingTest(java.lang.String, java.lang.String, java.lang.String, java.lang.String, java.lang.String, java.lang.String, java.lang.String, java.lang.String, java.lang.String, java.lang.String)[pri:0, instance:testcases.CBCS_320AsCustomerICanSelectPickUpAtCBCSAsShipping@6faa7dbc]" name="asCustomerICanSelectPickUpAtCBCSAsShippingTest" duration-ms="54306" started-at="2014-12-16T19:34:35Z" data-provider="data" finished-at="2014-12-16T19:35:29Z">
          <params>
            <param index="0">
              <value>
                <![CDATA[lquesada@testingsoft.com]]>
              </value>
            </param>
            <param index="1">
              <value>
                <![CDATA[QAtest2014]]>
              </value>
            </param>
            <param index="2">
              <value>
                <![CDATA[3]]>
              </value>
            </param>
            <param index="3">
              <value>
                <![CDATA[50]]>
              </value>
            </param>
            <param index="4">
              <value>
                <![CDATA[Aurora Copy]]>
              </value>
            </param>
            <param index="5">
              <value>
                <![CDATA[Consumer $29. Value up to $400]]>
              </value>
            </param>
            <param index="6">
              <value>
                <![CDATA[chkBilling0]]>
              </value>
            </param>
            <param index="7">
              <value>
                <![CDATA[address0]]>
              </value>
            </param>
            <param index="8">
              <value>
                <![CDATA[FEDEX]]>
              </value>
            </param>
            <param index="9">
              <value>
                <![CDATA[Credit Card]]>
              </value>
            </param>
          </params>
          <reporter-output>
          </reporter-output>
        </test-method> <!-- asCustomerICanSelectPickUpAtCBCSAsShippingTest -->
        <test-method status="PASS" signature="close()[pri:0, instance:testcases.CBCS_320AsCustomerICanSelectPickUpAtCBCSAsShipping@6faa7dbc]" name="close" is-config="true" duration-ms="160" started-at="2014-12-16T19:35:29Z" finished-at="2014-12-16T19:35:29Z">
          <reporter-output>
          </reporter-output>
        </test-method> <!-- close -->
        <test-method status="PASS" signature="validateTestStandar(org.testng.ITestResult)[pri:0, instance:testcases.CBCS_320AsCustomerICanSelectPickUpAtCBCSAsShipping@6faa7dbc]" name="validateTestStandar" is-config="true" duration-ms="0" started-at="2014-12-16T19:35:29Z" finished-at="2014-12-16T19:35:29Z">
          <params>
            <param index="0">
              <value>
                <![CDATA[[TestResult name=asCustomerICanSelectPickUpAtCBCSAsShippingTest status=SUCCESS method=CBCS_320AsCustomerICanSelectPickUpAtCBCSAsShipping.asCustomerICanSelectPickUpAtCBCSAsShippingTest(java.lang.String, java.lang.String, java.lang.String, java.lang.String, java.lang.String, java.lang.String, java.lang.String, java.lang.String, java.lang.String, java.lang.String)[pri:0, instance:testcases.CBCS_320AsCustomerICanSelectPickUpAtCBCSAsShipping@6faa7dbc] output={null}]]]>
              </value>
            </param>
          </params>
          <reporter-output>
          </reporter-output>
        </test-method> <!-- validateTestStandar -->
      </class> <!-- testcases.CBCS_320AsCustomerICanSelectPickUpAtCBCSAsShipping -->
    </test> <!-- Test -->
  </suite> <!-- Suite -->
</testng-results>
